<?xml version="1.0" encoding="UTF-8"?>
<testsuite xmlns:xsi="http://www.w3.org/2001/XMLSchema-instance" xsi:noNamespaceSchemaLocation="https://maven.apache.org/surefire/maven-surefire-plugin/xsd/surefire-test-report-3.0.xsd" version="3.0" name="Junit.studentsinfo.CreateStudentDataDrivenTest" time="127.306" tests="100" errors="100" skipped="0" failures="0">
  <properties>
    <property name="sun.desktop" value="windows"/>
    <property name="awt.toolkit" value="sun.awt.windows.WToolkit"/>
    <property name="file.encoding.pkg" value="sun.io"/>
    <property name="java.specification.version" value="1.8"/>
    <property name="sun.cpu.isalist" value="amd64"/>
    <property name="sun.jnu.encoding" value="Cp1252"/>
    <property name="java.class.path" value="C:\Users\Damon\Desktop\studentApp\target\test-classes;C:\Users\Damon\Desktop\studentApp\target\classes;C:\Users\Damon\.m2\repository\net\serenity-bdd\serenity-core\2.3.4\serenity-core-2.3.4.jar;C:\Users\Damon\.m2\repository\net\bytebuddy\byte-buddy\1.10.1\byte-buddy-1.10.1.jar;C:\Users\Damon\.m2\repository\net\bytebuddy\byte-buddy-agent\1.10.1\byte-buddy-agent-1.10.1.jar;C:\Users\Damon\.m2\repository\com\google\guava\guava\25.0-jre\guava-25.0-jre.jar;C:\Users\Damon\.m2\repository\com\google\code\findbugs\jsr305\1.3.9\jsr305-1.3.9.jar;C:\Users\Damon\.m2\repository\org\checkerframework\checker-compat-qual\2.0.0\checker-compat-qual-2.0.0.jar;C:\Users\Damon\.m2\repository\com\google\errorprone\error_prone_annotations\2.1.3\error_prone_annotations-2.1.3.jar;C:\Users\Damon\.m2\repository\com\google\j2objc\j2objc-annotations\1.1\j2objc-annotations-1.1.jar;C:\Users\Damon\.m2\repository\org\codehaus\mojo\animal-sniffer-annotations\1.14\animal-sniffer-annotations-1.14.jar;C:\Users\Damon\.m2\repository\com\google\inject\guice\4.2.2\guice-4.2.2.jar;C:\Users\Damon\.m2\repository\javax\inject\javax.inject\1\javax.inject-1.jar;C:\Users\Damon\.m2\repository\aopalliance\aopalliance\1.0\aopalliance-1.0.jar;C:\Users\Damon\.m2\repository\org\ow2\asm\asm\7.2\asm-7.2.jar;C:\Users\Damon\.m2\repository\commons-codec\commons-codec\1.10\commons-codec-1.10.jar;C:\Users\Damon\.m2\repository\org\objenesis\objenesis\3.0.1\objenesis-3.0.1.jar;C:\Users\Damon\.m2\repository\org\slf4j\slf4j-api\1.7.26\slf4j-api-1.7.26.jar;C:\Users\Damon\.m2\repository\xml-apis\xml-apis\1.4.01\xml-apis-1.4.01.jar;C:\Users\Damon\.m2\repository\io\cucumber\cucumber-core\6.6.0\cucumber-core-6.6.0.jar;C:\Users\Damon\.m2\repository\io\cucumber\cucumber-gherkin\6.6.0\cucumber-gherkin-6.6.0.jar;C:\Users\Damon\.m2\repository\io\cucumber\cucumber-gherkin-messages\6.6.0\cucumber-gherkin-messages-6.6.0.jar;C:\Users\Damon\.m2\repository\io\cucumber\messages\13.0.1\messages-13.0.1.jar;C:\Users\Damon\.m2\repository\io\cucumber\tag-expressions\3.0.0\tag-expressions-3.0.0.jar;C:\Users\Damon\.m2\repository\io\cucumber\cucumber-expressions\10.3.0\cucumber-expressions-10.3.0.jar;C:\Users\Damon\.m2\repository\io\cucumber\datatable\3.4.0\datatable-3.4.0.jar;C:\Users\Damon\.m2\repository\io\cucumber\cucumber-plugin\6.6.0\cucumber-plugin-6.6.0.jar;C:\Users\Damon\.m2\repository\io\cucumber\docstring\6.6.0\docstring-6.6.0.jar;C:\Users\Damon\.m2\repository\io\cucumber\html-formatter\9.0.0\html-formatter-9.0.0.jar;C:\Users\Damon\.m2\repository\io\cucumber\create-meta\2.0.1\create-meta-2.0.1.jar;C:\Users\Damon\.m2\repository\io\cucumber\cucumber-java\6.6.0\cucumber-java-6.6.0.jar;C:\Users\Damon\.m2\repository\commons-logging\commons-logging\1.2\commons-logging-1.2.jar;C:\Users\Damon\.m2\repository\io\vavr\vavr\0.9.0\vavr-0.9.0.jar;C:\Users\Damon\.m2\repository\io\vavr\vavr-match\0.9.0\vavr-match-0.9.0.jar;C:\Users\Damon\.m2\repository\javax\xml\bind\jaxb-api\2.2.12\jaxb-api-2.2.12.jar;C:\Users\Damon\.m2\repository\com\sun\xml\bind\jaxb-core\2.3.0.1\jaxb-core-2.3.0.1.jar;C:\Users\Damon\.m2\repository\com\sun\xml\bind\jaxb-impl\2.3.0.1\jaxb-impl-2.3.0.1.jar;C:\Users\Damon\.m2\repository\javax\activation\activation\1.1.1\activation-1.1.1.jar;C:\Users\Damon\.m2\repository\org\mockito\mockito-core\3.1.0\mockito-core-3.1.0.jar;C:\Users\Damon\.m2\repository\net\serenity-bdd\serenity-report-resources\2.3.4\serenity-report-resources-2.3.4.jar;C:\Users\Damon\.m2\repository\net\serenity-bdd\serenity-model\2.3.4\serenity-model-2.3.4.jar;C:\Users\Damon\.m2\repository\commons-net\commons-net\3.6\commons-net-3.6.jar;C:\Users\Damon\.m2\repository\org\apache\commons\commons-text\1.6\commons-text-1.6.jar;C:\Users\Damon\.m2\repository\org\reflections\reflections\0.9.11\reflections-0.9.11.jar;C:\Users\Damon\.m2\repository\org\javassist\javassist\3.21.0-GA\javassist-3.21.0-GA.jar;C:\Users\Damon\.m2\repository\es\nitaur\markdown\txtmark\0.16\txtmark-0.16.jar;C:\Users\Damon\.m2\repository\net\serenity-bdd\serenity-reports\2.3.4\serenity-reports-2.3.4.jar;C:\Users\Damon\.m2\repository\net\serenity-bdd\serenity-stats\2.3.4\serenity-stats-2.3.4.jar;C:\Users\Damon\.m2\repository\org\jetbrains\kotlin\kotlin-stdlib\1.3.31\kotlin-stdlib-1.3.31.jar;C:\Users\Damon\.m2\repository\org\jetbrains\kotlin\kotlin-stdlib-common\1.3.31\kotlin-stdlib-common-1.3.31.jar;C:\Users\Damon\.m2\repository\org\jetbrains\annotations\13.0\annotations-13.0.jar;C:\Users\Damon\.m2\repository\com\google\code\gson\gson\2.8.6\gson-2.8.6.jar;C:\Users\Damon\.m2\repository\commons-io\commons-io\2.6\commons-io-2.6.jar;C:\Users\Damon\.m2\repository\org\seleniumhq\selenium\selenium-server\3.141.59\selenium-server-3.141.59.jar;C:\Users\Damon\.m2\repository\org\seleniumhq\selenium\selenium-firefox-driver\3.141.59\selenium-firefox-driver-3.141.59.jar;C:\Users\Damon\.m2\repository\org\seleniumhq\selenium\selenium-ie-driver\3.141.59\selenium-ie-driver-3.141.59.jar;C:\Users\Damon\.m2\repository\com\beust\jcommander\1.72\jcommander-1.72.jar;C:\Users\Damon\.m2\repository\org\apache\commons\commons-exec\1.3\commons-exec-1.3.jar;C:\Users\Damon\.m2\repository\net\jcip\jcip-annotations\1.0\jcip-annotations-1.0.jar;C:\Users\Damon\.m2\repository\org\seleniumhq\selenium\jetty-repacked\9.4.12.v20180830\jetty-repacked-9.4.12.v20180830.jar;C:\Users\Damon\.m2\repository\com\squareup\okhttp3\okhttp\3.11.0\okhttp-3.11.0.jar;C:\Users\Damon\.m2\repository\com\squareup\okio\okio\1.14.0\okio-1.14.0.jar;C:\Users\Damon\.m2\repository\javax\servlet\javax.servlet-api\3.1.0\javax.servlet-api-3.1.0.jar;C:\Users\Damon\.m2\repository\org\yaml\snakeyaml\1.19\snakeyaml-1.19.jar;C:\Users\Damon\.m2\repository\org\seleniumhq\selenium\selenium-java\3.141.59\selenium-java-3.141.59.jar;C:\Users\Damon\.m2\repository\org\seleniumhq\selenium\selenium-api\3.141.59\selenium-api-3.141.59.jar;C:\Users\Damon\.m2\repository\org\seleniumhq\selenium\selenium-chrome-driver\3.141.59\selenium-chrome-driver-3.141.59.jar;C:\Users\Damon\.m2\repository\org\seleniumhq\selenium\selenium-edge-driver\3.141.59\selenium-edge-driver-3.141.59.jar;C:\Users\Damon\.m2\repository\org\seleniumhq\selenium\selenium-remote-driver\3.141.59\selenium-remote-driver-3.141.59.jar;C:\Users\Damon\.m2\repository\org\seleniumhq\selenium\selenium-safari-driver\3.141.59\selenium-safari-driver-3.141.59.jar;C:\Users\Damon\.m2\repository\org\seleniumhq\selenium\selenium-opera-driver\3.141.59\selenium-opera-driver-3.141.59.jar;C:\Users\Damon\.m2\repository\org\seleniumhq\selenium\selenium-support\3.141.59\selenium-support-3.141.59.jar;C:\Users\Damon\.m2\repository\com\paulhammant\ngwebdriver\1.1.5\ngwebdriver-1.1.5.jar;C:\Users\Damon\.m2\repository\com\assertthat\selenium-shutterbug\0.9.3\selenium-shutterbug-0.9.3.jar;C:\Users\Damon\.m2\repository\org\projectlombok\lombok\1.18.8\lombok-1.18.8.jar;C:\Users\Damon\.m2\repository\com\github\zafarkhaja\java-semver\0.9.0\java-semver-0.9.0.jar;C:\Users\Damon\.m2\repository\com\codeborne\phantomjsdriver\1.4.4\phantomjsdriver-1.4.4.jar;C:\Users\Damon\.m2\repository\org\seleniumhq\selenium\htmlunit-driver\2.37.0\htmlunit-driver-2.37.0.jar;C:\Users\Damon\.m2\repository\io\appium\java-client\7.3.0\java-client-7.3.0.jar;C:\Users\Damon\.m2\repository\commons-validator\commons-validator\1.6\commons-validator-1.6.jar;C:\Users\Damon\.m2\repository\commons-beanutils\commons-beanutils\1.9.2\commons-beanutils-1.9.2.jar;C:\Users\Damon\.m2\repository\commons-digester\commons-digester\1.8.1\commons-digester-1.8.1.jar;C:\Users\Damon\.m2\repository\org\aspectj\aspectjweaver\1.9.4\aspectjweaver-1.9.4.jar;C:\Users\Damon\.m2\repository\org\springframework\spring-context-support\5.1.2.RELEASE\spring-context-support-5.1.2.RELEASE.jar;C:\Users\Damon\.m2\repository\org\springframework\spring-beans\5.1.2.RELEASE\spring-beans-5.1.2.RELEASE.jar;C:\Users\Damon\.m2\repository\org\springframework\spring-context\5.1.2.RELEASE\spring-context-5.1.2.RELEASE.jar;C:\Users\Damon\.m2\repository\org\springframework\spring-aop\5.1.2.RELEASE\spring-aop-5.1.2.RELEASE.jar;C:\Users\Damon\.m2\repository\org\springframework\spring-expression\5.1.2.RELEASE\spring-expression-5.1.2.RELEASE.jar;C:\Users\Damon\.m2\repository\org\springframework\spring-core\5.1.2.RELEASE\spring-core-5.1.2.RELEASE.jar;C:\Users\Damon\.m2\repository\org\springframework\spring-jcl\5.1.2.RELEASE\spring-jcl-5.1.2.RELEASE.jar;C:\Users\Damon\.m2\repository\org\codehaus\groovy\groovy\2.5.5\groovy-2.5.5.jar;C:\Users\Damon\.m2\repository\net\sf\opencsv\opencsv\2.0\opencsv-2.0.jar;C:\Users\Damon\.m2\repository\commons-beanutils\commons-beanutils-core\1.8.3\commons-beanutils-core-1.8.3.jar;C:\Users\Damon\.m2\repository\joda-time\joda-time\2.7\joda-time-2.7.jar;C:\Users\Damon\.m2\repository\com\thoughtworks\xstream\xstream\1.4.9\xstream-1.4.9.jar;C:\Users\Damon\.m2\repository\xmlpull\xmlpull\1.1.3.1\xmlpull-1.1.3.1.jar;C:\Users\Damon\.m2\repository\xpp3\xpp3_min\1.1.4c\xpp3_min-1.1.4c.jar;C:\Users\Damon\.m2\repository\org\apache\commons\commons-lang3\3.8.1\commons-lang3-3.8.1.jar;C:\Users\Damon\.m2\repository\commons-collections\commons-collections\3.2.2\commons-collections-3.2.2.jar;C:\Users\Damon\.m2\repository\org\freemarker\freemarker\2.3.29\freemarker-2.3.29.jar;C:\Users\Damon\.m2\repository\net\sourceforge\jexcelapi\jxl\2.6.12\jxl-2.6.12.jar;C:\Users\Damon\.m2\repository\org\hamcrest\hamcrest-core\1.3\hamcrest-core-1.3.jar;C:\Users\Damon\.m2\repository\org\hamcrest\hamcrest-library\1.3\hamcrest-library-1.3.jar;C:\Users\Damon\.m2\repository\net\sourceforge\htmlunit\htmlunit\2.37.0\htmlunit-2.37.0.jar;C:\Users\Damon\.m2\repository\net\sourceforge\htmlunit\htmlunit-core-js\2.37.0\htmlunit-core-js-2.37.0.jar;C:\Users\Damon\.m2\repository\net\sourceforge\htmlunit\neko-htmlunit\2.37.0\neko-htmlunit-2.37.0.jar;C:\Users\Damon\.m2\repository\xerces\xercesImpl\2.12.0\xercesImpl-2.12.0.jar;C:\Users\Damon\.m2\repository\net\sourceforge\htmlunit\htmlunit-cssparser\1.5.0\htmlunit-cssparser-1.5.0.jar;C:\Users\Damon\.m2\repository\org\brotli\dec\0.1.2\dec-0.1.2.jar;C:\Users\Damon\.m2\repository\org\eclipse\jetty\websocket\websocket-client\9.4.26.v20200117\websocket-client-9.4.26.v20200117.jar;C:\Users\Damon\.m2\repository\org\eclipse\jetty\jetty-client\9.4.26.v20200117\jetty-client-9.4.26.v20200117.jar;C:\Users\Damon\.m2\repository\org\eclipse\jetty\jetty-http\9.4.26.v20200117\jetty-http-9.4.26.v20200117.jar;C:\Users\Damon\.m2\repository\org\eclipse\jetty\jetty-xml\9.4.26.v20200117\jetty-xml-9.4.26.v20200117.jar;C:\Users\Damon\.m2\repository\org\eclipse\jetty\jetty-util\9.4.26.v20200117\jetty-util-9.4.26.v20200117.jar;C:\Users\Damon\.m2\repository\org\eclipse\jetty\jetty-io\9.4.26.v20200117\jetty-io-9.4.26.v20200117.jar;C:\Users\Damon\.m2\repository\org\eclipse\jetty\websocket\websocket-common\9.4.26.v20200117\websocket-common-9.4.26.v20200117.jar;C:\Users\Damon\.m2\repository\org\eclipse\jetty\websocket\websocket-api\9.4.26.v20200117\websocket-api-9.4.26.v20200117.jar;C:\Users\Damon\.m2\repository\org\apache\httpcomponents\httpclient\4.5.5\httpclient-4.5.5.jar;C:\Users\Damon\.m2\repository\org\apache\httpcomponents\httpcore\4.4.9\httpcore-4.4.9.jar;C:\Users\Damon\.m2\repository\org\apache\httpcomponents\httpmime\4.5.5\httpmime-4.5.5.jar;C:\Users\Damon\.m2\repository\org\fluentlenium\fluentlenium-core\0.10.2\fluentlenium-core-0.10.2.jar;C:\Users\Damon\.m2\repository\com\jhlabs\filters\2.0.235\filters-2.0.235.jar;C:\Users\Damon\.m2\repository\org\asciidoctor\asciidoctorj\1.5.6\asciidoctorj-1.5.6.jar;C:\Users\Damon\.m2\repository\org\jruby\jruby-complete\1.7.26\jruby-complete-1.7.26.jar;C:\Users\Damon\.m2\repository\org\imgscalr\imgscalr-lib\4.2\imgscalr-lib-4.2.jar;C:\Users\Damon\.m2\repository\javax\el\javax.el-api\2.2.4\javax.el-api-2.2.4.jar;C:\Users\Damon\.m2\repository\org\glassfish\web\javax.el\2.2.4\javax.el-2.2.4.jar;C:\Users\Damon\.m2\repository\xalan\xalan\2.7.2\xalan-2.7.2.jar;C:\Users\Damon\.m2\repository\xalan\serializer\2.7.2\serializer-2.7.2.jar;C:\Users\Damon\.m2\repository\org\awaitility\awaitility\4.0.1\awaitility-4.0.1.jar;C:\Users\Damon\.m2\repository\org\hamcrest\hamcrest\2.1\hamcrest-2.1.jar;C:\Users\Damon\.m2\repository\com\typesafe\config\1.3.1\config-1.3.1.jar;C:\Users\Damon\.m2\repository\org\jsoup\jsoup\1.10.3\jsoup-1.10.3.jar;C:\Users\Damon\.m2\repository\com\google\jimfs\jimfs\1.1\jimfs-1.1.jar;C:\Users\Damon\.m2\repository\com\vladsch\flexmark\flexmark-all\0.34.30\flexmark-all-0.34.30.jar;C:\Users\Damon\.m2\repository\com\vladsch\flexmark\flexmark\0.34.30\flexmark-0.34.30.jar;C:\Users\Damon\.m2\repository\com\vladsch\flexmark\flexmark-ext-abbreviation\0.34.30\flexmark-ext-abbreviation-0.34.30.jar;C:\Users\Damon\.m2\repository\com\vladsch\flexmark\flexmark-ext-admonition\0.34.30\flexmark-ext-admonition-0.34.30.jar;C:\Users\Damon\.m2\repository\com\vladsch\flexmark\flexmark-ext-anchorlink\0.34.30\flexmark-ext-anchorlink-0.34.30.jar;C:\Users\Damon\.m2\repository\com\vladsch\flexmark\flexmark-ext-aside\0.34.30\flexmark-ext-aside-0.34.30.jar;C:\Users\Damon\.m2\repository\com\vladsch\flexmark\flexmark-ext-attributes\0.34.30\flexmark-ext-attributes-0.34.30.jar;C:\Users\Damon\.m2\repository\com\vladsch\flexmark\flexmark-ext-autolink\0.34.30\flexmark-ext-autolink-0.34.30.jar;C:\Users\Damon\.m2\repository\org\nibor\autolink\autolink\0.6.0\autolink-0.6.0.jar;C:\Users\Damon\.m2\repository\com\vladsch\flexmark\flexmark-ext-definition\0.34.30\flexmark-ext-definition-0.34.30.jar;C:\Users\Damon\.m2\repository\com\vladsch\flexmark\flexmark-ext-emoji\0.34.30\flexmark-ext-emoji-0.34.30.jar;C:\Users\Damon\.m2\repository\com\vladsch\flexmark\flexmark-ext-enumerated-reference\0.34.30\flexmark-ext-enumerated-reference-0.34.30.jar;C:\Users\Damon\.m2\repository\com\vladsch\flexmark\flexmark-ext-escaped-character\0.34.30\flexmark-ext-escaped-character-0.34.30.jar;C:\Users\Damon\.m2\repository\com\vladsch\flexmark\flexmark-ext-footnotes\0.34.30\flexmark-ext-footnotes-0.34.30.jar;C:\Users\Damon\.m2\repository\com\vladsch\flexmark\flexmark-ext-gfm-issues\0.34.30\flexmark-ext-gfm-issues-0.34.30.jar;C:\Users\Damon\.m2\repository\com\vladsch\flexmark\flexmark-ext-gfm-strikethrough\0.34.30\flexmark-ext-gfm-strikethrough-0.34.30.jar;C:\Users\Damon\.m2\repository\com\vladsch\flexmark\flexmark-ext-gfm-tables\0.34.30\flexmark-ext-gfm-tables-0.34.30.jar;C:\Users\Damon\.m2\repository\com\vladsch\flexmark\flexmark-ext-gfm-tasklist\0.34.30\flexmark-ext-gfm-tasklist-0.34.30.jar;C:\Users\Damon\.m2\repository\com\vladsch\flexmark\flexmark-ext-gfm-users\0.34.30\flexmark-ext-gfm-users-0.34.30.jar;C:\Users\Damon\.m2\repository\com\vladsch\flexmark\flexmark-ext-gitlab\0.34.30\flexmark-ext-gitlab-0.34.30.jar;C:\Users\Damon\.m2\repository\com\vladsch\flexmark\flexmark-ext-jekyll-front-matter\0.34.30\flexmark-ext-jekyll-front-matter-0.34.30.jar;C:\Users\Damon\.m2\repository\com\vladsch\flexmark\flexmark-ext-jekyll-tag\0.34.30\flexmark-ext-jekyll-tag-0.34.30.jar;C:\Users\Damon\.m2\repository\com\vladsch\flexmark\flexmark-ext-media-tags\0.34.30\flexmark-ext-media-tags-0.34.30.jar;C:\Users\Damon\.m2\repository\com\vladsch\flexmark\flexmark-test-util\0.34.30\flexmark-test-util-0.34.30.jar;C:\Users\Damon\.m2\repository\com\vladsch\flexmark\flexmark-ext-ins\0.34.30\flexmark-ext-ins-0.34.30.jar;C:\Users\Damon\.m2\repository\com\vladsch\flexmark\flexmark-ext-xwiki-macros\0.34.30\flexmark-ext-xwiki-macros-0.34.30.jar;C:\Users\Damon\.m2\repository\com\vladsch\flexmark\flexmark-ext-superscript\0.34.30\flexmark-ext-superscript-0.34.30.jar;C:\Users\Damon\.m2\repository\com\vladsch\flexmark\flexmark-ext-tables\0.34.30\flexmark-ext-tables-0.34.30.jar;C:\Users\Damon\.m2\repository\com\vladsch\flexmark\flexmark-ext-toc\0.34.30\flexmark-ext-toc-0.34.30.jar;C:\Users\Damon\.m2\repository\com\vladsch\flexmark\flexmark-ext-typographic\0.34.30\flexmark-ext-typographic-0.34.30.jar;C:\Users\Damon\.m2\repository\com\vladsch\flexmark\flexmark-ext-wikilink\0.34.30\flexmark-ext-wikilink-0.34.30.jar;C:\Users\Damon\.m2\repository\com\vladsch\flexmark\flexmark-ext-yaml-front-matter\0.34.30\flexmark-ext-yaml-front-matter-0.34.30.jar;C:\Users\Damon\.m2\repository\com\vladsch\flexmark\flexmark-ext-youtube-embedded\0.34.30\flexmark-ext-youtube-embedded-0.34.30.jar;C:\Users\Damon\.m2\repository\com\vladsch\flexmark\flexmark-formatter\0.34.30\flexmark-formatter-0.34.30.jar;C:\Users\Damon\.m2\repository\com\vladsch\flexmark\flexmark-html-parser\0.34.30\flexmark-html-parser-0.34.30.jar;C:\Users\Damon\.m2\repository\com\vladsch\flexmark\flexmark-jira-converter\0.34.30\flexmark-jira-converter-0.34.30.jar;C:\Users\Damon\.m2\repository\com\vladsch\flexmark\flexmark-pdf-converter\0.34.30\flexmark-pdf-converter-0.34.30.jar;C:\Users\Damon\.m2\repository\com\openhtmltopdf\openhtmltopdf-core\0.0.1-RC13\openhtmltopdf-core-0.0.1-RC13.jar;C:\Users\Damon\.m2\repository\com\openhtmltopdf\openhtmltopdf-pdfbox\0.0.1-RC13\openhtmltopdf-pdfbox-0.0.1-RC13.jar;C:\Users\Damon\.m2\repository\org\apache\pdfbox\pdfbox\2.0.8\pdfbox-2.0.8.jar;C:\Users\Damon\.m2\repository\org\apache\pdfbox\fontbox\2.0.8\fontbox-2.0.8.jar;C:\Users\Damon\.m2\repository\org\apache\pdfbox\xmpbox\2.0.8\xmpbox-2.0.8.jar;C:\Users\Damon\.m2\repository\de\rototor\pdfbox\graphics2d\0.12\graphics2d-0.12.jar;C:\Users\Damon\.m2\repository\com\openhtmltopdf\openhtmltopdf-rtl-support\0.0.1-RC13\openhtmltopdf-rtl-support-0.0.1-RC13.jar;C:\Users\Damon\.m2\repository\com\ibm\icu\icu4j\59.1\icu4j-59.1.jar;C:\Users\Damon\.m2\repository\com\openhtmltopdf\openhtmltopdf-jsoup-dom-converter\0.0.1-RC13\openhtmltopdf-jsoup-dom-converter-0.0.1-RC13.jar;C:\Users\Damon\.m2\repository\com\vladsch\flexmark\flexmark-profile-pegdown\0.34.30\flexmark-profile-pegdown-0.34.30.jar;C:\Users\Damon\.m2\repository\com\vladsch\flexmark\flexmark-util\0.34.30\flexmark-util-0.34.30.jar;C:\Users\Damon\.m2\repository\com\vladsch\flexmark\flexmark-youtrack-converter\0.34.30\flexmark-youtrack-converter-0.34.30.jar;C:\Users\Damon\.m2\repository\io\github\bonigarcia\webdrivermanager\4.1.0\webdrivermanager-4.1.0.jar;C:\Users\Damon\.m2\repository\org\apache\httpcomponents\client5\httpclient5\5.0.1\httpclient5-5.0.1.jar;C:\Users\Damon\.m2\repository\org\apache\httpcomponents\core5\httpcore5\5.0.1\httpcore5-5.0.1.jar;C:\Users\Damon\.m2\repository\org\apache\httpcomponents\core5\httpcore5-h2\5.0.1\httpcore5-h2-5.0.1.jar;C:\Users\Damon\.m2\repository\org\rauschig\jarchivelib\1.0.0\jarchivelib-1.0.0.jar;C:\Users\Damon\.m2\repository\org\apache\commons\commons-compress\1.18\commons-compress-1.18.jar;C:\Users\Damon\.m2\repository\io\rest-assured\rest-assured\3.0.0\rest-assured-3.0.0.jar;C:\Users\Damon\.m2\repository\org\codehaus\groovy\groovy-xml\2.4.6\groovy-xml-2.4.6.jar;C:\Users\Damon\.m2\repository\org\ccil\cowan\tagsoup\tagsoup\1.2.1\tagsoup-1.2.1.jar;C:\Users\Damon\.m2\repository\io\rest-assured\json-path\3.0.0\json-path-3.0.0.jar;C:\Users\Damon\.m2\repository\io\rest-assured\rest-assured-common\3.0.0\rest-assured-common-3.0.0.jar;C:\Users\Damon\.m2\repository\io\rest-assured\xml-path\3.0.0\xml-path-3.0.0.jar;C:\Users\Damon\.m2\repository\net\serenity-bdd\serenity-junit\2.3.4\serenity-junit-2.3.4.jar;C:\Users\Damon\.m2\repository\net\serenity-bdd\serenity-rest-assured\2.3.4\serenity-rest-assured-2.3.4.jar;C:\Users\Damon\.m2\repository\org\codehaus\groovy\groovy-json\2.5.5\groovy-json-2.5.5.jar;C:\Users\Damon\.m2\repository\net\serenity-bdd\serenity-cucumber\1.9.49\serenity-cucumber-1.9.49.jar;C:\Users\Damon\.m2\repository\net\serenity-bdd\serenity-screenplay\2.0.90\serenity-screenplay-2.0.90.jar;C:\Users\Damon\.m2\repository\net\serenity-bdd\serenity-screenplay-webdriver\2.0.90\serenity-screenplay-webdriver-2.0.90.jar;C:\Users\Damon\.m2\repository\io\cucumber\cucumber-junit\2.4.0\cucumber-junit-2.4.0.jar;C:\Users\Damon\.m2\repository\org\apache\commons\commons-csv\1.5\commons-csv-1.5.jar;C:\Users\Damon\.m2\repository\org\slf4j\slf4j-simple\1.6.1\slf4j-simple-1.6.1.jar;C:\Users\Damon\.m2\repository\org\codehaus\groovy\groovy-all\1.8.6\groovy-all-1.8.6.jar;C:\Users\Damon\.m2\repository\com\fasterxml\jackson\core\jackson-databind\2.5.4\jackson-databind-2.5.4.jar;C:\Users\Damon\.m2\repository\com\fasterxml\jackson\core\jackson-annotations\2.5.0\jackson-annotations-2.5.0.jar;C:\Users\Damon\.m2\repository\com\fasterxml\jackson\core\jackson-core\2.5.4\jackson-core-2.5.4.jar;C:\Users\Damon\.m2\repository\junit\junit\4.12\junit-4.12.jar;C:\Users\Damon\.m2\repository\org\apache\maven\surefire\surefire-api\3.0.0-M4\surefire-api-3.0.0-M4.jar;C:\Users\Damon\.m2\repository\org\apache\maven\surefire\surefire-logger-api\3.0.0-M4\surefire-logger-api-3.0.0-M4.jar;C:\Users\Damon\.m2\repository\com\googlecode\lambdaj\lambdaj\2.3.3\lambdaj-2.3.3.jar;C:\Users\Damon\.m2\repository\org\hamcrest\hamcrest-all\1.1\hamcrest-all-1.1.jar;C:\Users\Damon\.m2\repository\cglib\cglib-nodep\2.2\cglib-nodep-2.2.jar;C:\Users\Damon\.m2\repository\org\assertj\assertj-core\1.7.0\assertj-core-1.7.0.jar;"/>
    <property name="java.vm.vendor" value="Amazon.com Inc."/>
    <property name="sun.arch.data.model" value="64"/>
    <property name="user.variant" value=""/>
    <property name="java.vendor.url" value="https://aws.amazon.com/corretto/"/>
    <property name="user.timezone" value="Australia/Sydney"/>
    <property name="java.vm.specification.version" value="1.8"/>
    <property name="os.name" value="Windows 10"/>
    <property name="user.country" value="AU"/>
    <property name="sun.java.launcher" value="SUN_STANDARD"/>
    <property name="sun.boot.library.path" value="C:\Users\Damon\.jdks\corretto-1.8.0_265\jre\bin"/>
    <property name="sun.java.command" value="C:\Users\Damon\AppData\Local\Temp\surefire1084921485900725464\surefirebooter8351241206808244854.jar C:\Users\Damon\AppData\Local\Temp\surefire1084921485900725464 2020-10-20T18-16-17_253-jvmRun1 surefire2168924046096182188tmp surefire_02763271751523345942tmp"/>
    <property name="surefire.test.class.path" value="C:\Users\Damon\Desktop\studentApp\target\test-classes;C:\Users\Damon\Desktop\studentApp\target\classes;C:\Users\Damon\.m2\repository\net\serenity-bdd\serenity-core\2.3.4\serenity-core-2.3.4.jar;C:\Users\Damon\.m2\repository\net\bytebuddy\byte-buddy\1.10.1\byte-buddy-1.10.1.jar;C:\Users\Damon\.m2\repository\net\bytebuddy\byte-buddy-agent\1.10.1\byte-buddy-agent-1.10.1.jar;C:\Users\Damon\.m2\repository\com\google\guava\guava\25.0-jre\guava-25.0-jre.jar;C:\Users\Damon\.m2\repository\com\google\code\findbugs\jsr305\1.3.9\jsr305-1.3.9.jar;C:\Users\Damon\.m2\repository\org\checkerframework\checker-compat-qual\2.0.0\checker-compat-qual-2.0.0.jar;C:\Users\Damon\.m2\repository\com\google\errorprone\error_prone_annotations\2.1.3\error_prone_annotations-2.1.3.jar;C:\Users\Damon\.m2\repository\com\google\j2objc\j2objc-annotations\1.1\j2objc-annotations-1.1.jar;C:\Users\Damon\.m2\repository\org\codehaus\mojo\animal-sniffer-annotations\1.14\animal-sniffer-annotations-1.14.jar;C:\Users\Damon\.m2\repository\com\google\inject\guice\4.2.2\guice-4.2.2.jar;C:\Users\Damon\.m2\repository\javax\inject\javax.inject\1\javax.inject-1.jar;C:\Users\Damon\.m2\repository\aopalliance\aopalliance\1.0\aopalliance-1.0.jar;C:\Users\Damon\.m2\repository\org\ow2\asm\asm\7.2\asm-7.2.jar;C:\Users\Damon\.m2\repository\commons-codec\commons-codec\1.10\commons-codec-1.10.jar;C:\Users\Damon\.m2\repository\org\objenesis\objenesis\3.0.1\objenesis-3.0.1.jar;C:\Users\Damon\.m2\repository\org\slf4j\slf4j-api\1.7.26\slf4j-api-1.7.26.jar;C:\Users\Damon\.m2\repository\xml-apis\xml-apis\1.4.01\xml-apis-1.4.01.jar;C:\Users\Damon\.m2\repository\io\cucumber\cucumber-core\6.6.0\cucumber-core-6.6.0.jar;C:\Users\Damon\.m2\repository\io\cucumber\cucumber-gherkin\6.6.0\cucumber-gherkin-6.6.0.jar;C:\Users\Damon\.m2\repository\io\cucumber\cucumber-gherkin-messages\6.6.0\cucumber-gherkin-messages-6.6.0.jar;C:\Users\Damon\.m2\repository\io\cucumber\messages\13.0.1\messages-13.0.1.jar;C:\Users\Damon\.m2\repository\io\cucumber\tag-expressions\3.0.0\tag-expressions-3.0.0.jar;C:\Users\Damon\.m2\repository\io\cucumber\cucumber-expressions\10.3.0\cucumber-expressions-10.3.0.jar;C:\Users\Damon\.m2\repository\io\cucumber\datatable\3.4.0\datatable-3.4.0.jar;C:\Users\Damon\.m2\repository\io\cucumber\cucumber-plugin\6.6.0\cucumber-plugin-6.6.0.jar;C:\Users\Damon\.m2\repository\io\cucumber\docstring\6.6.0\docstring-6.6.0.jar;C:\Users\Damon\.m2\repository\io\cucumber\html-formatter\9.0.0\html-formatter-9.0.0.jar;C:\Users\Damon\.m2\repository\io\cucumber\create-meta\2.0.1\create-meta-2.0.1.jar;C:\Users\Damon\.m2\repository\io\cucumber\cucumber-java\6.6.0\cucumber-java-6.6.0.jar;C:\Users\Damon\.m2\repository\commons-logging\commons-logging\1.2\commons-logging-1.2.jar;C:\Users\Damon\.m2\repository\io\vavr\vavr\0.9.0\vavr-0.9.0.jar;C:\Users\Damon\.m2\repository\io\vavr\vavr-match\0.9.0\vavr-match-0.9.0.jar;C:\Users\Damon\.m2\repository\javax\xml\bind\jaxb-api\2.2.12\jaxb-api-2.2.12.jar;C:\Users\Damon\.m2\repository\com\sun\xml\bind\jaxb-core\2.3.0.1\jaxb-core-2.3.0.1.jar;C:\Users\Damon\.m2\repository\com\sun\xml\bind\jaxb-impl\2.3.0.1\jaxb-impl-2.3.0.1.jar;C:\Users\Damon\.m2\repository\javax\activation\activation\1.1.1\activation-1.1.1.jar;C:\Users\Damon\.m2\repository\org\mockito\mockito-core\3.1.0\mockito-core-3.1.0.jar;C:\Users\Damon\.m2\repository\net\serenity-bdd\serenity-report-resources\2.3.4\serenity-report-resources-2.3.4.jar;C:\Users\Damon\.m2\repository\net\serenity-bdd\serenity-model\2.3.4\serenity-model-2.3.4.jar;C:\Users\Damon\.m2\repository\commons-net\commons-net\3.6\commons-net-3.6.jar;C:\Users\Damon\.m2\repository\org\apache\commons\commons-text\1.6\commons-text-1.6.jar;C:\Users\Damon\.m2\repository\org\reflections\reflections\0.9.11\reflections-0.9.11.jar;C:\Users\Damon\.m2\repository\org\javassist\javassist\3.21.0-GA\javassist-3.21.0-GA.jar;C:\Users\Damon\.m2\repository\es\nitaur\markdown\txtmark\0.16\txtmark-0.16.jar;C:\Users\Damon\.m2\repository\net\serenity-bdd\serenity-reports\2.3.4\serenity-reports-2.3.4.jar;C:\Users\Damon\.m2\repository\net\serenity-bdd\serenity-stats\2.3.4\serenity-stats-2.3.4.jar;C:\Users\Damon\.m2\repository\org\jetbrains\kotlin\kotlin-stdlib\1.3.31\kotlin-stdlib-1.3.31.jar;C:\Users\Damon\.m2\repository\org\jetbrains\kotlin\kotlin-stdlib-common\1.3.31\kotlin-stdlib-common-1.3.31.jar;C:\Users\Damon\.m2\repository\org\jetbrains\annotations\13.0\annotations-13.0.jar;C:\Users\Damon\.m2\repository\com\google\code\gson\gson\2.8.6\gson-2.8.6.jar;C:\Users\Damon\.m2\repository\commons-io\commons-io\2.6\commons-io-2.6.jar;C:\Users\Damon\.m2\repository\org\seleniumhq\selenium\selenium-server\3.141.59\selenium-server-3.141.59.jar;C:\Users\Damon\.m2\repository\org\seleniumhq\selenium\selenium-firefox-driver\3.141.59\selenium-firefox-driver-3.141.59.jar;C:\Users\Damon\.m2\repository\org\seleniumhq\selenium\selenium-ie-driver\3.141.59\selenium-ie-driver-3.141.59.jar;C:\Users\Damon\.m2\repository\com\beust\jcommander\1.72\jcommander-1.72.jar;C:\Users\Damon\.m2\repository\org\apache\commons\commons-exec\1.3\commons-exec-1.3.jar;C:\Users\Damon\.m2\repository\net\jcip\jcip-annotations\1.0\jcip-annotations-1.0.jar;C:\Users\Damon\.m2\repository\org\seleniumhq\selenium\jetty-repacked\9.4.12.v20180830\jetty-repacked-9.4.12.v20180830.jar;C:\Users\Damon\.m2\repository\com\squareup\okhttp3\okhttp\3.11.0\okhttp-3.11.0.jar;C:\Users\Damon\.m2\repository\com\squareup\okio\okio\1.14.0\okio-1.14.0.jar;C:\Users\Damon\.m2\repository\javax\servlet\javax.servlet-api\3.1.0\javax.servlet-api-3.1.0.jar;C:\Users\Damon\.m2\repository\org\yaml\snakeyaml\1.19\snakeyaml-1.19.jar;C:\Users\Damon\.m2\repository\org\seleniumhq\selenium\selenium-java\3.141.59\selenium-java-3.141.59.jar;C:\Users\Damon\.m2\repository\org\seleniumhq\selenium\selenium-api\3.141.59\selenium-api-3.141.59.jar;C:\Users\Damon\.m2\repository\org\seleniumhq\selenium\selenium-chrome-driver\3.141.59\selenium-chrome-driver-3.141.59.jar;C:\Users\Damon\.m2\repository\org\seleniumhq\selenium\selenium-edge-driver\3.141.59\selenium-edge-driver-3.141.59.jar;C:\Users\Damon\.m2\repository\org\seleniumhq\selenium\selenium-remote-driver\3.141.59\selenium-remote-driver-3.141.59.jar;C:\Users\Damon\.m2\repository\org\seleniumhq\selenium\selenium-safari-driver\3.141.59\selenium-safari-driver-3.141.59.jar;C:\Users\Damon\.m2\repository\org\seleniumhq\selenium\selenium-opera-driver\3.141.59\selenium-opera-driver-3.141.59.jar;C:\Users\Damon\.m2\repository\org\seleniumhq\selenium\selenium-support\3.141.59\selenium-support-3.141.59.jar;C:\Users\Damon\.m2\repository\com\paulhammant\ngwebdriver\1.1.5\ngwebdriver-1.1.5.jar;C:\Users\Damon\.m2\repository\com\assertthat\selenium-shutterbug\0.9.3\selenium-shutterbug-0.9.3.jar;C:\Users\Damon\.m2\repository\org\projectlombok\lombok\1.18.8\lombok-1.18.8.jar;C:\Users\Damon\.m2\repository\com\github\zafarkhaja\java-semver\0.9.0\java-semver-0.9.0.jar;C:\Users\Damon\.m2\repository\com\codeborne\phantomjsdriver\1.4.4\phantomjsdriver-1.4.4.jar;C:\Users\Damon\.m2\repository\org\seleniumhq\selenium\htmlunit-driver\2.37.0\htmlunit-driver-2.37.0.jar;C:\Users\Damon\.m2\repository\io\appium\java-client\7.3.0\java-client-7.3.0.jar;C:\Users\Damon\.m2\repository\commons-validator\commons-validator\1.6\commons-validator-1.6.jar;C:\Users\Damon\.m2\repository\commons-beanutils\commons-beanutils\1.9.2\commons-beanutils-1.9.2.jar;C:\Users\Damon\.m2\repository\commons-digester\commons-digester\1.8.1\commons-digester-1.8.1.jar;C:\Users\Damon\.m2\repository\org\aspectj\aspectjweaver\1.9.4\aspectjweaver-1.9.4.jar;C:\Users\Damon\.m2\repository\org\springframework\spring-context-support\5.1.2.RELEASE\spring-context-support-5.1.2.RELEASE.jar;C:\Users\Damon\.m2\repository\org\springframework\spring-beans\5.1.2.RELEASE\spring-beans-5.1.2.RELEASE.jar;C:\Users\Damon\.m2\repository\org\springframework\spring-context\5.1.2.RELEASE\spring-context-5.1.2.RELEASE.jar;C:\Users\Damon\.m2\repository\org\springframework\spring-aop\5.1.2.RELEASE\spring-aop-5.1.2.RELEASE.jar;C:\Users\Damon\.m2\repository\org\springframework\spring-expression\5.1.2.RELEASE\spring-expression-5.1.2.RELEASE.jar;C:\Users\Damon\.m2\repository\org\springframework\spring-core\5.1.2.RELEASE\spring-core-5.1.2.RELEASE.jar;C:\Users\Damon\.m2\repository\org\springframework\spring-jcl\5.1.2.RELEASE\spring-jcl-5.1.2.RELEASE.jar;C:\Users\Damon\.m2\repository\org\codehaus\groovy\groovy\2.5.5\groovy-2.5.5.jar;C:\Users\Damon\.m2\repository\net\sf\opencsv\opencsv\2.0\opencsv-2.0.jar;C:\Users\Damon\.m2\repository\commons-beanutils\commons-beanutils-core\1.8.3\commons-beanutils-core-1.8.3.jar;C:\Users\Damon\.m2\repository\joda-time\joda-time\2.7\joda-time-2.7.jar;C:\Users\Damon\.m2\repository\com\thoughtworks\xstream\xstream\1.4.9\xstream-1.4.9.jar;C:\Users\Damon\.m2\repository\xmlpull\xmlpull\1.1.3.1\xmlpull-1.1.3.1.jar;C:\Users\Damon\.m2\repository\xpp3\xpp3_min\1.1.4c\xpp3_min-1.1.4c.jar;C:\Users\Damon\.m2\repository\org\apache\commons\commons-lang3\3.8.1\commons-lang3-3.8.1.jar;C:\Users\Damon\.m2\repository\commons-collections\commons-collections\3.2.2\commons-collections-3.2.2.jar;C:\Users\Damon\.m2\repository\org\freemarker\freemarker\2.3.29\freemarker-2.3.29.jar;C:\Users\Damon\.m2\repository\net\sourceforge\jexcelapi\jxl\2.6.12\jxl-2.6.12.jar;C:\Users\Damon\.m2\repository\org\hamcrest\hamcrest-core\1.3\hamcrest-core-1.3.jar;C:\Users\Damon\.m2\repository\org\hamcrest\hamcrest-library\1.3\hamcrest-library-1.3.jar;C:\Users\Damon\.m2\repository\net\sourceforge\htmlunit\htmlunit\2.37.0\htmlunit-2.37.0.jar;C:\Users\Damon\.m2\repository\net\sourceforge\htmlunit\htmlunit-core-js\2.37.0\htmlunit-core-js-2.37.0.jar;C:\Users\Damon\.m2\repository\net\sourceforge\htmlunit\neko-htmlunit\2.37.0\neko-htmlunit-2.37.0.jar;C:\Users\Damon\.m2\repository\xerces\xercesImpl\2.12.0\xercesImpl-2.12.0.jar;C:\Users\Damon\.m2\repository\net\sourceforge\htmlunit\htmlunit-cssparser\1.5.0\htmlunit-cssparser-1.5.0.jar;C:\Users\Damon\.m2\repository\org\brotli\dec\0.1.2\dec-0.1.2.jar;C:\Users\Damon\.m2\repository\org\eclipse\jetty\websocket\websocket-client\9.4.26.v20200117\websocket-client-9.4.26.v20200117.jar;C:\Users\Damon\.m2\repository\org\eclipse\jetty\jetty-client\9.4.26.v20200117\jetty-client-9.4.26.v20200117.jar;C:\Users\Damon\.m2\repository\org\eclipse\jetty\jetty-http\9.4.26.v20200117\jetty-http-9.4.26.v20200117.jar;C:\Users\Damon\.m2\repository\org\eclipse\jetty\jetty-xml\9.4.26.v20200117\jetty-xml-9.4.26.v20200117.jar;C:\Users\Damon\.m2\repository\org\eclipse\jetty\jetty-util\9.4.26.v20200117\jetty-util-9.4.26.v20200117.jar;C:\Users\Damon\.m2\repository\org\eclipse\jetty\jetty-io\9.4.26.v20200117\jetty-io-9.4.26.v20200117.jar;C:\Users\Damon\.m2\repository\org\eclipse\jetty\websocket\websocket-common\9.4.26.v20200117\websocket-common-9.4.26.v20200117.jar;C:\Users\Damon\.m2\repository\org\eclipse\jetty\websocket\websocket-api\9.4.26.v20200117\websocket-api-9.4.26.v20200117.jar;C:\Users\Damon\.m2\repository\org\apache\httpcomponents\httpclient\4.5.5\httpclient-4.5.5.jar;C:\Users\Damon\.m2\repository\org\apache\httpcomponents\httpcore\4.4.9\httpcore-4.4.9.jar;C:\Users\Damon\.m2\repository\org\apache\httpcomponents\httpmime\4.5.5\httpmime-4.5.5.jar;C:\Users\Damon\.m2\repository\org\fluentlenium\fluentlenium-core\0.10.2\fluentlenium-core-0.10.2.jar;C:\Users\Damon\.m2\repository\com\jhlabs\filters\2.0.235\filters-2.0.235.jar;C:\Users\Damon\.m2\repository\org\asciidoctor\asciidoctorj\1.5.6\asciidoctorj-1.5.6.jar;C:\Users\Damon\.m2\repository\org\jruby\jruby-complete\1.7.26\jruby-complete-1.7.26.jar;C:\Users\Damon\.m2\repository\org\imgscalr\imgscalr-lib\4.2\imgscalr-lib-4.2.jar;C:\Users\Damon\.m2\repository\javax\el\javax.el-api\2.2.4\javax.el-api-2.2.4.jar;C:\Users\Damon\.m2\repository\org\glassfish\web\javax.el\2.2.4\javax.el-2.2.4.jar;C:\Users\Damon\.m2\repository\xalan\xalan\2.7.2\xalan-2.7.2.jar;C:\Users\Damon\.m2\repository\xalan\serializer\2.7.2\serializer-2.7.2.jar;C:\Users\Damon\.m2\repository\org\awaitility\awaitility\4.0.1\awaitility-4.0.1.jar;C:\Users\Damon\.m2\repository\org\hamcrest\hamcrest\2.1\hamcrest-2.1.jar;C:\Users\Damon\.m2\repository\com\typesafe\config\1.3.1\config-1.3.1.jar;C:\Users\Damon\.m2\repository\org\jsoup\jsoup\1.10.3\jsoup-1.10.3.jar;C:\Users\Damon\.m2\repository\com\google\jimfs\jimfs\1.1\jimfs-1.1.jar;C:\Users\Damon\.m2\repository\com\vladsch\flexmark\flexmark-all\0.34.30\flexmark-all-0.34.30.jar;C:\Users\Damon\.m2\repository\com\vladsch\flexmark\flexmark\0.34.30\flexmark-0.34.30.jar;C:\Users\Damon\.m2\repository\com\vladsch\flexmark\flexmark-ext-abbreviation\0.34.30\flexmark-ext-abbreviation-0.34.30.jar;C:\Users\Damon\.m2\repository\com\vladsch\flexmark\flexmark-ext-admonition\0.34.30\flexmark-ext-admonition-0.34.30.jar;C:\Users\Damon\.m2\repository\com\vladsch\flexmark\flexmark-ext-anchorlink\0.34.30\flexmark-ext-anchorlink-0.34.30.jar;C:\Users\Damon\.m2\repository\com\vladsch\flexmark\flexmark-ext-aside\0.34.30\flexmark-ext-aside-0.34.30.jar;C:\Users\Damon\.m2\repository\com\vladsch\flexmark\flexmark-ext-attributes\0.34.30\flexmark-ext-attributes-0.34.30.jar;C:\Users\Damon\.m2\repository\com\vladsch\flexmark\flexmark-ext-autolink\0.34.30\flexmark-ext-autolink-0.34.30.jar;C:\Users\Damon\.m2\repository\org\nibor\autolink\autolink\0.6.0\autolink-0.6.0.jar;C:\Users\Damon\.m2\repository\com\vladsch\flexmark\flexmark-ext-definition\0.34.30\flexmark-ext-definition-0.34.30.jar;C:\Users\Damon\.m2\repository\com\vladsch\flexmark\flexmark-ext-emoji\0.34.30\flexmark-ext-emoji-0.34.30.jar;C:\Users\Damon\.m2\repository\com\vladsch\flexmark\flexmark-ext-enumerated-reference\0.34.30\flexmark-ext-enumerated-reference-0.34.30.jar;C:\Users\Damon\.m2\repository\com\vladsch\flexmark\flexmark-ext-escaped-character\0.34.30\flexmark-ext-escaped-character-0.34.30.jar;C:\Users\Damon\.m2\repository\com\vladsch\flexmark\flexmark-ext-footnotes\0.34.30\flexmark-ext-footnotes-0.34.30.jar;C:\Users\Damon\.m2\repository\com\vladsch\flexmark\flexmark-ext-gfm-issues\0.34.30\flexmark-ext-gfm-issues-0.34.30.jar;C:\Users\Damon\.m2\repository\com\vladsch\flexmark\flexmark-ext-gfm-strikethrough\0.34.30\flexmark-ext-gfm-strikethrough-0.34.30.jar;C:\Users\Damon\.m2\repository\com\vladsch\flexmark\flexmark-ext-gfm-tables\0.34.30\flexmark-ext-gfm-tables-0.34.30.jar;C:\Users\Damon\.m2\repository\com\vladsch\flexmark\flexmark-ext-gfm-tasklist\0.34.30\flexmark-ext-gfm-tasklist-0.34.30.jar;C:\Users\Damon\.m2\repository\com\vladsch\flexmark\flexmark-ext-gfm-users\0.34.30\flexmark-ext-gfm-users-0.34.30.jar;C:\Users\Damon\.m2\repository\com\vladsch\flexmark\flexmark-ext-gitlab\0.34.30\flexmark-ext-gitlab-0.34.30.jar;C:\Users\Damon\.m2\repository\com\vladsch\flexmark\flexmark-ext-jekyll-front-matter\0.34.30\flexmark-ext-jekyll-front-matter-0.34.30.jar;C:\Users\Damon\.m2\repository\com\vladsch\flexmark\flexmark-ext-jekyll-tag\0.34.30\flexmark-ext-jekyll-tag-0.34.30.jar;C:\Users\Damon\.m2\repository\com\vladsch\flexmark\flexmark-ext-media-tags\0.34.30\flexmark-ext-media-tags-0.34.30.jar;C:\Users\Damon\.m2\repository\com\vladsch\flexmark\flexmark-test-util\0.34.30\flexmark-test-util-0.34.30.jar;C:\Users\Damon\.m2\repository\com\vladsch\flexmark\flexmark-ext-ins\0.34.30\flexmark-ext-ins-0.34.30.jar;C:\Users\Damon\.m2\repository\com\vladsch\flexmark\flexmark-ext-xwiki-macros\0.34.30\flexmark-ext-xwiki-macros-0.34.30.jar;C:\Users\Damon\.m2\repository\com\vladsch\flexmark\flexmark-ext-superscript\0.34.30\flexmark-ext-superscript-0.34.30.jar;C:\Users\Damon\.m2\repository\com\vladsch\flexmark\flexmark-ext-tables\0.34.30\flexmark-ext-tables-0.34.30.jar;C:\Users\Damon\.m2\repository\com\vladsch\flexmark\flexmark-ext-toc\0.34.30\flexmark-ext-toc-0.34.30.jar;C:\Users\Damon\.m2\repository\com\vladsch\flexmark\flexmark-ext-typographic\0.34.30\flexmark-ext-typographic-0.34.30.jar;C:\Users\Damon\.m2\repository\com\vladsch\flexmark\flexmark-ext-wikilink\0.34.30\flexmark-ext-wikilink-0.34.30.jar;C:\Users\Damon\.m2\repository\com\vladsch\flexmark\flexmark-ext-yaml-front-matter\0.34.30\flexmark-ext-yaml-front-matter-0.34.30.jar;C:\Users\Damon\.m2\repository\com\vladsch\flexmark\flexmark-ext-youtube-embedded\0.34.30\flexmark-ext-youtube-embedded-0.34.30.jar;C:\Users\Damon\.m2\repository\com\vladsch\flexmark\flexmark-formatter\0.34.30\flexmark-formatter-0.34.30.jar;C:\Users\Damon\.m2\repository\com\vladsch\flexmark\flexmark-html-parser\0.34.30\flexmark-html-parser-0.34.30.jar;C:\Users\Damon\.m2\repository\com\vladsch\flexmark\flexmark-jira-converter\0.34.30\flexmark-jira-converter-0.34.30.jar;C:\Users\Damon\.m2\repository\com\vladsch\flexmark\flexmark-pdf-converter\0.34.30\flexmark-pdf-converter-0.34.30.jar;C:\Users\Damon\.m2\repository\com\openhtmltopdf\openhtmltopdf-core\0.0.1-RC13\openhtmltopdf-core-0.0.1-RC13.jar;C:\Users\Damon\.m2\repository\com\openhtmltopdf\openhtmltopdf-pdfbox\0.0.1-RC13\openhtmltopdf-pdfbox-0.0.1-RC13.jar;C:\Users\Damon\.m2\repository\org\apache\pdfbox\pdfbox\2.0.8\pdfbox-2.0.8.jar;C:\Users\Damon\.m2\repository\org\apache\pdfbox\fontbox\2.0.8\fontbox-2.0.8.jar;C:\Users\Damon\.m2\repository\org\apache\pdfbox\xmpbox\2.0.8\xmpbox-2.0.8.jar;C:\Users\Damon\.m2\repository\de\rototor\pdfbox\graphics2d\0.12\graphics2d-0.12.jar;C:\Users\Damon\.m2\repository\com\openhtmltopdf\openhtmltopdf-rtl-support\0.0.1-RC13\openhtmltopdf-rtl-support-0.0.1-RC13.jar;C:\Users\Damon\.m2\repository\com\ibm\icu\icu4j\59.1\icu4j-59.1.jar;C:\Users\Damon\.m2\repository\com\openhtmltopdf\openhtmltopdf-jsoup-dom-converter\0.0.1-RC13\openhtmltopdf-jsoup-dom-converter-0.0.1-RC13.jar;C:\Users\Damon\.m2\repository\com\vladsch\flexmark\flexmark-profile-pegdown\0.34.30\flexmark-profile-pegdown-0.34.30.jar;C:\Users\Damon\.m2\repository\com\vladsch\flexmark\flexmark-util\0.34.30\flexmark-util-0.34.30.jar;C:\Users\Damon\.m2\repository\com\vladsch\flexmark\flexmark-youtrack-converter\0.34.30\flexmark-youtrack-converter-0.34.30.jar;C:\Users\Damon\.m2\repository\io\github\bonigarcia\webdrivermanager\4.1.0\webdrivermanager-4.1.0.jar;C:\Users\Damon\.m2\repository\org\apache\httpcomponents\client5\httpclient5\5.0.1\httpclient5-5.0.1.jar;C:\Users\Damon\.m2\repository\org\apache\httpcomponents\core5\httpcore5\5.0.1\httpcore5-5.0.1.jar;C:\Users\Damon\.m2\repository\org\apache\httpcomponents\core5\httpcore5-h2\5.0.1\httpcore5-h2-5.0.1.jar;C:\Users\Damon\.m2\repository\org\rauschig\jarchivelib\1.0.0\jarchivelib-1.0.0.jar;C:\Users\Damon\.m2\repository\org\apache\commons\commons-compress\1.18\commons-compress-1.18.jar;C:\Users\Damon\.m2\repository\io\rest-assured\rest-assured\3.0.0\rest-assured-3.0.0.jar;C:\Users\Damon\.m2\repository\org\codehaus\groovy\groovy-xml\2.4.6\groovy-xml-2.4.6.jar;C:\Users\Damon\.m2\repository\org\ccil\cowan\tagsoup\tagsoup\1.2.1\tagsoup-1.2.1.jar;C:\Users\Damon\.m2\repository\io\rest-assured\json-path\3.0.0\json-path-3.0.0.jar;C:\Users\Damon\.m2\repository\io\rest-assured\rest-assured-common\3.0.0\rest-assured-common-3.0.0.jar;C:\Users\Damon\.m2\repository\io\rest-assured\xml-path\3.0.0\xml-path-3.0.0.jar;C:\Users\Damon\.m2\repository\net\serenity-bdd\serenity-junit\2.3.4\serenity-junit-2.3.4.jar;C:\Users\Damon\.m2\repository\net\serenity-bdd\serenity-rest-assured\2.3.4\serenity-rest-assured-2.3.4.jar;C:\Users\Damon\.m2\repository\org\codehaus\groovy\groovy-json\2.5.5\groovy-json-2.5.5.jar;C:\Users\Damon\.m2\repository\net\serenity-bdd\serenity-cucumber\1.9.49\serenity-cucumber-1.9.49.jar;C:\Users\Damon\.m2\repository\net\serenity-bdd\serenity-screenplay\2.0.90\serenity-screenplay-2.0.90.jar;C:\Users\Damon\.m2\repository\net\serenity-bdd\serenity-screenplay-webdriver\2.0.90\serenity-screenplay-webdriver-2.0.90.jar;C:\Users\Damon\.m2\repository\io\cucumber\cucumber-junit\2.4.0\cucumber-junit-2.4.0.jar;C:\Users\Damon\.m2\repository\org\apache\commons\commons-csv\1.5\commons-csv-1.5.jar;C:\Users\Damon\.m2\repository\org\slf4j\slf4j-simple\1.6.1\slf4j-simple-1.6.1.jar;C:\Users\Damon\.m2\repository\org\codehaus\groovy\groovy-all\1.8.6\groovy-all-1.8.6.jar;C:\Users\Damon\.m2\repository\com\fasterxml\jackson\core\jackson-databind\2.5.4\jackson-databind-2.5.4.jar;C:\Users\Damon\.m2\repository\com\fasterxml\jackson\core\jackson-annotations\2.5.0\jackson-annotations-2.5.0.jar;C:\Users\Damon\.m2\repository\com\fasterxml\jackson\core\jackson-core\2.5.4\jackson-core-2.5.4.jar;C:\Users\Damon\.m2\repository\junit\junit\4.12\junit-4.12.jar;C:\Users\Damon\.m2\repository\org\apache\maven\surefire\surefire-api\3.0.0-M4\surefire-api-3.0.0-M4.jar;C:\Users\Damon\.m2\repository\org\apache\maven\surefire\surefire-logger-api\3.0.0-M4\surefire-logger-api-3.0.0-M4.jar;C:\Users\Damon\.m2\repository\com\googlecode\lambdaj\lambdaj\2.3.3\lambdaj-2.3.3.jar;C:\Users\Damon\.m2\repository\org\hamcrest\hamcrest-all\1.1\hamcrest-all-1.1.jar;C:\Users\Damon\.m2\repository\cglib\cglib-nodep\2.2\cglib-nodep-2.2.jar;C:\Users\Damon\.m2\repository\org\assertj\assertj-core\1.7.0\assertj-core-1.7.0.jar;"/>
    <property name="sun.cpu.endian" value="little"/>
    <property name="user.home" value="C:\Users\Damon"/>
    <property name="user.language" value="en"/>
    <property name="java.specification.vendor" value="Oracle Corporation"/>
    <property name="java.home" value="C:\Users\Damon\.jdks\corretto-1.8.0_265\jre"/>
    <property name="basedir" value="C:\Users\Damon\Desktop\studentApp"/>
    <property name="file.separator" value="\"/>
    <property name="line.separator" value="&#10;"/>
    <property name="java.vm.specification.vendor" value="Oracle Corporation"/>
    <property name="java.specification.name" value="Java Platform API Specification"/>
    <property name="java.awt.graphicsenv" value="sun.awt.Win32GraphicsEnvironment"/>
    <property name="surefire.real.class.path" value="C:\Users\Damon\AppData\Local\Temp\surefire1084921485900725464\surefirebooter8351241206808244854.jar"/>
    <property name="sun.boot.class.path" value="C:\Users\Damon\.jdks\corretto-1.8.0_265\jre\lib\resources.jar;C:\Users\Damon\.jdks\corretto-1.8.0_265\jre\lib\rt.jar;C:\Users\Damon\.jdks\corretto-1.8.0_265\jre\lib\sunrsasign.jar;C:\Users\Damon\.jdks\corretto-1.8.0_265\jre\lib\jsse.jar;C:\Users\Damon\.jdks\corretto-1.8.0_265\jre\lib\jce.jar;C:\Users\Damon\.jdks\corretto-1.8.0_265\jre\lib\charsets.jar;C:\Users\Damon\.jdks\corretto-1.8.0_265\jre\lib\jfr.jar;C:\Users\Damon\.jdks\corretto-1.8.0_265\jre\classes"/>
    <property name="user.script" value=""/>
    <property name="sun.management.compiler" value="HotSpot 64-Bit Tiered Compilers"/>
    <property name="java.runtime.version" value="1.8.0_265-b01"/>
    <property name="user.name" value="Damon"/>
    <property name="path.separator" value=";"/>
    <property name="os.version" value="10.0"/>
    <property name="java.endorsed.dirs" value="C:\Users\Damon\.jdks\corretto-1.8.0_265\jre\lib\endorsed"/>
    <property name="java.runtime.name" value="OpenJDK Runtime Environment"/>
    <property name="file.encoding" value="Cp1252"/>
    <property name="java.vm.name" value="OpenJDK 64-Bit Server VM"/>
    <property name="localRepository" value="C:\Users\Damon\.m2\repository"/>
    <property name="java.vendor.url.bug" value="https://github.com/corretto/corretto-8/issues/"/>
    <property name="java.io.tmpdir" value="C:\Users\Damon\AppData\Local\Temp\"/>
    <property name="idea.version" value="2020.2"/>
    <property name="java.version" value="1.8.0_265"/>
    <property name="user.dir" value="C:\Users\Damon\Desktop\studentApp"/>
    <property name="os.arch" value="amd64"/>
    <property name="java.vm.specification.name" value="Java Virtual Machine Specification"/>
    <property name="java.awt.printerjob" value="sun.awt.windows.WPrinterJob"/>
    <property name="sun.os.patch.level" value=""/>
    <property name="java.library.path" value="C:\Users\Damon\.jdks\corretto-1.8.0_265\jre\bin;C:\WINDOWS\Sun\Java\bin;C:\WINDOWS\system32;C:\WINDOWS;C:\Program Files\Common Files\Oracle\Java\javapath;C:\Program Files (x86)\Common Files\Oracle\Java\javapath;E:\oracledatabase\dbhomeXE\bin;C:\ProgramData\Oracle\Java\javapath;C:\Program Files (x86)\Intel\iCLS Client\;C:\Program Files\Intel\iCLS Client\;C:\WINDOWS\system32;C:\WINDOWS;C:\WINDOWS\System32\Wbem;C:\WINDOWS\System32\WindowsPowerShell\v1.0\;C:\Program Files\Intel\Intel(R) Management Engine Components\DAL;C:\Program Files (x86)\Intel\Intel(R) Management Engine Components\DAL;C:\Program Files\Intel\Intel(R) Management Engine Components\IPT;C:\Program Files (x86)\Intel\Intel(R) Management Engine Components\IPT;C:\Program Files (x86)\Windows Kits\8.1\Windows Performance Toolkit\;C:\WINDOWS\System32\OpenSSH\;C:\Program Files\Common Files\Autodesk Shared\;D:\python;C:\Users\Damon\AppData\Roaming\Microsoft\Windows\Start Menu\Programs\Python 3.7;C:\Program Files\Intel\WiFi\bin\;C:\Program Files\Common Files\Intel\WirelessCommon\;C:\Program Files\PuTTY\;C:\Program Files\nodejs\;C:\Program Files\SourceGear\Common\DiffMerge\;C:\Gradle\gradle-6.6.1\bin;C:\Program Files\Git\cmd;C:\Maven\apache-maven-3.6.3\bin;C:\Program Files\Java\jdk-13.0.1\bin;C:\Program Files\Java\jdk-13.0.1;;C:\Program Files\Docker\Docker\resources\bin;C:\ProgramData\DockerDesktop\version-bin;C:\Users\Damon\AppData\Local\Programs\Python\Python37\Scripts\;C:\Users\Damon\AppData\Local\Programs\Python\Python37\;C:\Program Files\MySQL\MySQL Shell 8.0\bin\;C:\Users\Damon\AppData\Local\Microsoft\WindowsApps;C:\Program Files\MongoDB\Server\4.2\bin;C:\Users\Damon\AppData\Roaming\npm;D:\pycharm\PyCharm Community Edition 2019.3.4\bin;;C:\Gradle\gradle-6.6.1\bin;C:\Maven\apache-maven-3.6.3\bin;C:\Users\Damon\AppData\Local\GitHubDesktop\bin;."/>
    <property name="java.vm.info" value="mixed mode"/>
    <property name="java.vendor" value="Amazon.com Inc."/>
    <property name="java.vm.version" value="25.265-b01"/>
    <property name="java.ext.dirs" value="C:\Users\Damon\.jdks\corretto-1.8.0_265\jre\lib\ext;C:\WINDOWS\Sun\Java\lib\ext"/>
    <property name="sun.io.unicode.encoding" value="UnicodeLittle"/>
    <property name="java.class.version" value="52.0"/>
  </properties>
  <testcase name="createMultipleStudents[13]" classname="Junit.studentsinfo.CreateStudentDataDrivenTest" time="6.214">
    <error message="Connection refused: connect" type="java.net.ConnectException"><![CDATA[java.net.ConnectException: Connection refused: connect
	at Junit.studentsinfo.CreateStudentDataDrivenTest.createMultipleStudents(CreateStudentDataDrivenTest.java:76)
]]></error>
    <system-err><![CDATA[3871 [CreateStudentDataDrivenTest-1-thread-13] INFO  - 

-------------------------------------------------------------------------------------
     _______. _______ .______       _______ .__   __.  __  .___________.____    ____ 
    /       ||   ____||   _  \     |   ____||  \ |  | |  | |           |\   \  /   / 
   |   (----`|  |__   |  |_)  |    |  |__   |   \|  | |  | `---|  |----` \   \/   /  
    \   \    |   __|  |      /     |   __|  |  . `  | |  |     |  |       \_    _/   
.----)   |   |  |____ |  |\  \----.|  |____ |  |\   | |  |     |  |         |  |     
|_______/    |_______|| _| `._____||_______||__| \__| |__|     |__|         |__|    
                                                                                     
 News and tutorials at http://www.serenity-bdd.info                                  
 Documentation at https://wakaleo.gitbooks.io/the-serenity-book/content/             
 Join the Serenity Community on Gitter: https://gitter.im/serenity-bdd/serenity-core 
 Serenity BDD Support and Training at http://serenity-bdd.info/#/trainingandsupport  
-------------------------------------------------------------------------------------

5038 [CreateStudentDataDrivenTest-1-thread-5] INFO  - Test Suite Started: Create student data driven test
6865 [CreateStudentDataDrivenTest-1-thread-5] INFO  - 
 _____ _____ ____ _____   ____ _____  _    ____ _____ _____ ____  
|_   _| ____/ ___|_   _| / ___|_   _|/ \  |  _ \_   _| ____|  _ \ 
  | | |  _| \___ \ | |   \___ \ | | / _ \ | |_) || | |  _| | | | |
  | | | |___ ___) || |    ___) || |/ ___ \|  _ < | | | |___| |_| |
  |_| |_____|____/ |_|   |____/ |_/_/   \_\_| \_\|_| |_____|____/ 

createMultipleStudents[4]
-------------------------------------------------------------------
6904 [CreateStudentDataDrivenTest-1-thread-14] INFO  - Test Suite Started: Create student data driven test
10039 [CreateStudentDataDrivenTest-1-thread-14] INFO  - 
 _____ _____ ____ _____   ____ _____  _    ____ _____ _____ ____  
|_   _| ____/ ___|_   _| / ___|_   _|/ \  |  _ \_   _| ____|  _ \ 
  | | |  _| \___ \ | |   \___ \ | | / _ \ | |_) || | |  _| | | | |
  | | | |___ ___) || |    ___) || |/ ___ \|  _ < | | | |___| |_| |
  |_| |_____|____/ |_|   |____/ |_/_/   \_\_| \_\|_| |_____|____/ 

createMultipleStudents[13]
-------------------------------------------------------------------
10050 [CreateStudentDataDrivenTest-1-thread-6] INFO  - Test Suite Started: Create student data driven test
12251 [CreateStudentDataDrivenTest-1-thread-6] INFO  - 
 _____ _____ ____ _____   ____ _____  _    ____ _____ _____ ____  
|_   _| ____/ ___|_   _| / ___|_   _|/ \  |  _ \_   _| ____|  _ \ 
  | | |  _| \___ \ | |   \___ \ | | / _ \ | |_) || | |  _| | | | |
  | | | |___ ___) || |    ___) || |/ ___ \|  _ < | | | |___| |_| |
  |_| |_____|____/ |_|   |____/ |_/_/   \_\_| \_\|_| |_____|____/ 

createMultipleStudents[5]
-------------------------------------------------------------------
12257 [CreateStudentDataDrivenTest-1-thread-13] INFO  - Test Suite Started: Create student data driven test
13831 [CreateStudentDataDrivenTest-1-thread-13] INFO  - 
 _____ _____ ____ _____   ____ _____  _    ____ _____ _____ ____  
|_   _| ____/ ___|_   _| / ___|_   _|/ \  |  _ \_   _| ____|  _ \ 
  | | |  _| \___ \ | |   \___ \ | | / _ \ | |_) || | |  _| | | | |
  | | | |___ ___) || |    ___) || |/ ___ \|  _ < | | | |___| |_| |
  |_| |_____|____/ |_|   |____/ |_/_/   \_\_| \_\|_| |_____|____/ 

createMultipleStudents[12]
-------------------------------------------------------------------
13840 [CreateStudentDataDrivenTest-1-thread-9] INFO  - Test Suite Started: Create student data driven test
15527 [CreateStudentDataDrivenTest-1-thread-9] INFO  - 
 _____ _____ ____ _____   ____ _____  _    ____ _____ _____ ____  
|_   _| ____/ ___|_   _| / ___|_   _|/ \  |  _ \_   _| ____|  _ \ 
  | | |  _| \___ \ | |   \___ \ | | / _ \ | |_) || | |  _| | | | |
  | | | |___ ___) || |    ___) || |/ ___ \|  _ < | | | |___| |_| |
  |_| |_____|____/ |_|   |____/ |_/_/   \_\_| \_\|_| |_____|____/ 

createMultipleStudents[8]
-------------------------------------------------------------------
15534 [CreateStudentDataDrivenTest-1-thread-4] INFO  - Test Suite Started: Create student data driven test
16598 [CreateStudentDataDrivenTest-1-thread-4] INFO  - 
 _____ _____ ____ _____   ____ _____  _    ____ _____ _____ ____  
|_   _| ____/ ___|_   _| / ___|_   _|/ \  |  _ \_   _| ____|  _ \ 
  | | |  _| \___ \ | |   \___ \ | | / _ \ | |_) || | |  _| | | | |
  | | | |___ ___) || |    ___) || |/ ___ \|  _ < | | | |___| |_| |
  |_| |_____|____/ |_|   |____/ |_/_/   \_\_| \_\|_| |_____|____/ 

createMultipleStudents[3]
-------------------------------------------------------------------
16600 [CreateStudentDataDrivenTest-1-thread-16] INFO  - Test Suite Started: Create student data driven test
17903 [CreateStudentDataDrivenTest-1-thread-16] INFO  - 
 _____ _____ ____ _____   ____ _____  _    ____ _____ _____ ____  
|_   _| ____/ ___|_   _| / ___|_   _|/ \  |  _ \_   _| ____|  _ \ 
  | | |  _| \___ \ | |   \___ \ | | / _ \ | |_) || | |  _| | | | |
  | | | |___ ___) || |    ___) || |/ ___ \|  _ < | | | |___| |_| |
  |_| |_____|____/ |_|   |____/ |_/_/   \_\_| \_\|_| |_____|____/ 

createMultipleStudents[15]
-------------------------------------------------------------------
17906 [CreateStudentDataDrivenTest-1-thread-12] INFO  - Test Suite Started: Create student data driven test
18704 [CreateStudentDataDrivenTest-1-thread-12] INFO  - 
 _____ _____ ____ _____   ____ _____  _    ____ _____ _____ ____  
|_   _| ____/ ___|_   _| / ___|_   _|/ \  |  _ \_   _| ____|  _ \ 
  | | |  _| \___ \ | |   \___ \ | | / _ \ | |_) || | |  _| | | | |
  | | | |___ ___) || |    ___) || |/ ___ \|  _ < | | | |___| |_| |
  |_| |_____|____/ |_|   |____/ |_/_/   \_\_| \_\|_| |_____|____/ 

createMultipleStudents[11]
-------------------------------------------------------------------
18706 [CreateStudentDataDrivenTest-1-thread-8] INFO  - Test Suite Started: Create student data driven test
19880 [CreateStudentDataDrivenTest-1-thread-8] INFO  - 
 _____ _____ ____ _____   ____ _____  _    ____ _____ _____ ____  
|_   _| ____/ ___|_   _| / ___|_   _|/ \  |  _ \_   _| ____|  _ \ 
  | | |  _| \___ \ | |   \___ \ | | / _ \ | |_) || | |  _| | | | |
  | | | |___ ___) || |    ___) || |/ ___ \|  _ < | | | |___| |_| |
  |_| |_____|____/ |_|   |____/ |_/_/   \_\_| \_\|_| |_____|____/ 

createMultipleStudents[7]
-------------------------------------------------------------------
19883 [CreateStudentDataDrivenTest-1-thread-1] INFO  - Test Suite Started: Create student data driven test
20733 [CreateStudentDataDrivenTest-1-thread-1] INFO  - 
 _____ _____ ____ _____   ____ _____  _    ____ _____ _____ ____  
|_   _| ____/ ___|_   _| / ___|_   _|/ \  |  _ \_   _| ____|  _ \ 
  | | |  _| \___ \ | |   \___ \ | | / _ \ | |_) || | |  _| | | | |
  | | | |___ ___) || |    ___) || |/ ___ \|  _ < | | | |___| |_| |
  |_| |_____|____/ |_|   |____/ |_/_/   \_\_| \_\|_| |_____|____/ 

createMultipleStudents[0]
-------------------------------------------------------------------
20734 [CreateStudentDataDrivenTest-1-thread-11] INFO  - Test Suite Started: Create student data driven test
21912 [CreateStudentDataDrivenTest-1-thread-11] INFO  - 
 _____ _____ ____ _____   ____ _____  _    ____ _____ _____ ____  
|_   _| ____/ ___|_   _| / ___|_   _|/ \  |  _ \_   _| ____|  _ \ 
  | | |  _| \___ \ | |   \___ \ | | / _ \ | |_) || | |  _| | | | |
  | | | |___ ___) || |    ___) || |/ ___ \|  _ < | | | |___| |_| |
  |_| |_____|____/ |_|   |____/ |_/_/   \_\_| \_\|_| |_____|____/ 

createMultipleStudents[10]
-------------------------------------------------------------------
21916 [CreateStudentDataDrivenTest-1-thread-3] INFO  - Test Suite Started: Create student data driven test
22728 [CreateStudentDataDrivenTest-1-thread-3] INFO  - 
 _____ _____ ____ _____   ____ _____  _    ____ _____ _____ ____  
|_   _| ____/ ___|_   _| / ___|_   _|/ \  |  _ \_   _| ____|  _ \ 
  | | |  _| \___ \ | |   \___ \ | | / _ \ | |_) || | |  _| | | | |
  | | | |___ ___) || |    ___) || |/ ___ \|  _ < | | | |___| |_| |
  |_| |_____|____/ |_|   |____/ |_/_/   \_\_| \_\|_| |_____|____/ 

createMultipleStudents[2]
-------------------------------------------------------------------
22734 [CreateStudentDataDrivenTest-1-thread-10] INFO  - Test Suite Started: Create student data driven test
23948 [CreateStudentDataDrivenTest-1-thread-10] INFO  - 
 _____ _____ ____ _____   ____ _____  _    ____ _____ _____ ____  
|_   _| ____/ ___|_   _| / ___|_   _|/ \  |  _ \_   _| ____|  _ \ 
  | | |  _| \___ \ | |   \___ \ | | / _ \ | |_) || | |  _| | | | |
  | | | |___ ___) || |    ___) || |/ ___ \|  _ < | | | |___| |_| |
  |_| |_____|____/ |_|   |____/ |_/_/   \_\_| \_\|_| |_____|____/ 

createMultipleStudents[9]
-------------------------------------------------------------------
23957 [CreateStudentDataDrivenTest-1-thread-15] INFO  - Test Suite Started: Create student data driven test
24787 [CreateStudentDataDrivenTest-1-thread-15] INFO  - 
 _____ _____ ____ _____   ____ _____  _    ____ _____ _____ ____  
|_   _| ____/ ___|_   _| / ___|_   _|/ \  |  _ \_   _| ____|  _ \ 
  | | |  _| \___ \ | |   \___ \ | | / _ \ | |_) || | |  _| | | | |
  | | | |___ ___) || |    ___) || |/ ___ \|  _ < | | | |___| |_| |
  |_| |_____|____/ |_|   |____/ |_/_/   \_\_| \_\|_| |_____|____/ 

createMultipleStudents[14]
-------------------------------------------------------------------
24790 [CreateStudentDataDrivenTest-1-thread-2] INFO  - Test Suite Started: Create student data driven test
26027 [CreateStudentDataDrivenTest-1-thread-2] INFO  - 
 _____ _____ ____ _____   ____ _____  _    ____ _____ _____ ____  
|_   _| ____/ ___|_   _| / ___|_   _|/ \  |  _ \_   _| ____|  _ \ 
  | | |  _| \___ \ | |   \___ \ | | / _ \ | |_) || | |  _| | | | |
  | | | |___ ___) || |    ___) || |/ ___ \|  _ < | | | |___| |_| |
  |_| |_____|____/ |_|   |____/ |_/_/   \_\_| \_\|_| |_____|____/ 

createMultipleStudents[1]
-------------------------------------------------------------------
]]></system-err>
  </testcase>
  <testcase name="createMultipleStudents[4]" classname="Junit.studentsinfo.CreateStudentDataDrivenTest" time="7.305">
    <error message="Connection refused: connect" type="java.net.ConnectException"><![CDATA[java.net.ConnectException: Connection refused: connect
	at Junit.studentsinfo.CreateStudentDataDrivenTest.createMultipleStudents(CreateStudentDataDrivenTest.java:76)
]]></error>
    <system-err><![CDATA[26998 [CreateStudentDataDrivenTest-1-thread-14] ERROR  - 
         __  _____ _____ ____ _____   _____ ____  ____   ___  ____  
 _      / / |_   _| ____/ ___|_   _| | ____|  _ \|  _ \ / _ \|  _ \ 
(_)____| |    | | |  _| \___ \ | |   |  _| | |_) | |_) | | | | |_) |
 |_____| |    | | | |___ ___) || |   | |___|  _ <|  _ <| |_| |  _ < 
(_)    | |    |_| |_____|____/ |_|   |_____|_| \_\_| \_\\___/|_| \_\
        \_\                                                         

DataDriven Test For adding multiple students to the Student App
---------------------------------------------------------------------
27186 [CreateStudentDataDrivenTest-1-thread-14] ERROR  -     Test failed at step: POST
27187 [CreateStudentDataDrivenTest-1-thread-14] ERROR  -     Some exception during recording fields
]]></system-err>
  </testcase>
  <testcase name="createMultipleStudents[3]" classname="Junit.studentsinfo.CreateStudentDataDrivenTest" time="8.703">
    <error message="Connection refused: connect" type="java.net.ConnectException"><![CDATA[java.net.ConnectException: Connection refused: connect
	at Junit.studentsinfo.CreateStudentDataDrivenTest.createMultipleStudents(CreateStudentDataDrivenTest.java:76)
]]></error>
    <system-err><![CDATA[27197 [CreateStudentDataDrivenTest-1-thread-5] ERROR  - 
         __  _____ _____ ____ _____   _____ ____  ____   ___  ____  
 _      / / |_   _| ____/ ___|_   _| | ____|  _ \|  _ \ / _ \|  _ \ 
(_)____| |    | | |  _| \___ \ | |   |  _| | |_) | |_) | | | | |_) |
 |_____| |    | | | |___ ___) || |   | |___|  _ <|  _ <| |_| |  _ < 
(_)    | |    |_| |_____|____/ |_|   |_____|_| \_\_| \_\\___/|_| \_\
        \_\                                                         

DataDriven Test For adding multiple students to the Student App
---------------------------------------------------------------------
27198 [CreateStudentDataDrivenTest-1-thread-5] ERROR  -     Test failed at step: POST
27198 [CreateStudentDataDrivenTest-1-thread-5] ERROR  -     Some exception during recording fields
27203 [CreateStudentDataDrivenTest-1-thread-7] INFO  - Test Suite Started: Create student data driven test
28586 [CreateStudentDataDrivenTest-1-thread-7] INFO  - 
 _____ _____ ____ _____   ____ _____  _    ____ _____ _____ ____  
|_   _| ____/ ___|_   _| / ___|_   _|/ \  |  _ \_   _| ____|  _ \ 
  | | |  _| \___ \ | |   \___ \ | | / _ \ | |_) || | |  _| | | | |
  | | | |___ ___) || |    ___) || |/ ___ \|  _ < | | | |___| |_| |
  |_| |_____|____/ |_|   |____/ |_/_/   \_\_| \_\|_| |_____|____/ 

createMultipleStudents[6]
-------------------------------------------------------------------
]]></system-err>
  </testcase>
  <testcase name="createMultipleStudents[11]" classname="Junit.studentsinfo.CreateStudentDataDrivenTest" time="8.706">
    <error message="Connection refused: connect" type="java.net.ConnectException"><![CDATA[java.net.ConnectException: Connection refused: connect
	at Junit.studentsinfo.CreateStudentDataDrivenTest.createMultipleStudents(CreateStudentDataDrivenTest.java:76)
]]></error>
  </testcase>
  <testcase name="createMultipleStudents[15]" classname="Junit.studentsinfo.CreateStudentDataDrivenTest" time="8.72">
    <error message="Connection refused: connect" type="java.net.ConnectException"><![CDATA[java.net.ConnectException: Connection refused: connect
	at Junit.studentsinfo.CreateStudentDataDrivenTest.createMultipleStudents(CreateStudentDataDrivenTest.java:76)
]]></error>
    <system-err><![CDATA[28598 [CreateStudentDataDrivenTest-1-thread-12] ERROR  - 
         __  _____ _____ ____ _____   _____ ____  ____   ___  ____  
 _      / / |_   _| ____/ ___|_   _| | ____|  _ \|  _ \ / _ \|  _ \ 
(_)____| |    | | |  _| \___ \ | |   |  _| | |_) | |_) | | | | |_) |
 |_____| |    | | | |___ ___) || |   | |___|  _ <|  _ <| |_| |  _ < 
(_)    | |    |_| |_____|____/ |_|   |_____|_| \_\_| \_\\___/|_| \_\
        \_\                                                         

DataDriven Test For adding multiple students to the Student App
---------------------------------------------------------------------
28599 [CreateStudentDataDrivenTest-1-thread-12] ERROR  -     Test failed at step: POST
28600 [CreateStudentDataDrivenTest-1-thread-12] ERROR  -     Some exception during recording fields
]]></system-err>
  </testcase>
  <testcase name="createMultipleStudents[12]" classname="Junit.studentsinfo.CreateStudentDataDrivenTest" time="1.193">
    <error message="Connection refused: connect" type="java.net.ConnectException"><![CDATA[java.net.ConnectException: Connection refused: connect
	at Junit.studentsinfo.CreateStudentDataDrivenTest.createMultipleStudents(CreateStudentDataDrivenTest.java:76)
]]></error>
    <system-err><![CDATA[28615 [CreateStudentDataDrivenTest-1-thread-12] INFO  - Test Suite Started: Create student data driven test
29494 [CreateStudentDataDrivenTest-1-thread-12] INFO  - 
 _____ _____ ____ _____   ____ _____  _    ____ _____ _____ ____  
|_   _| ____/ ___|_   _| / ___|_   _|/ \  |  _ \_   _| ____|  _ \ 
  | | |  _| \___ \ | |   \___ \ | | / _ \ | |_) || | |  _| | | | |
  | | | |___ ___) || |    ___) || |/ ___ \|  _ < | | | |___| |_| |
  |_| |_____|____/ |_|   |____/ |_/_/   \_\_| \_\|_| |_____|____/ 

createMultipleStudents[17]
-------------------------------------------------------------------
29497 [CreateStudentDataDrivenTest-1-thread-16] ERROR  - 
         __  _____ _____ ____ _____   _____ ____  ____   ___  ____  
 _      / / |_   _| ____/ ___|_   _| | ____|  _ \|  _ \ / _ \|  _ \ 
(_)____| |    | | |  _| \___ \ | |   |  _| | |_) | |_) | | | | |_) |
 |_____| |    | | | |___ ___) || |   | |___|  _ <|  _ <| |_| |  _ < 
(_)    | |    |_| |_____|____/ |_|   |_____|_| \_\_| \_\\___/|_| \_\
        \_\                                                         

DataDriven Test For adding multiple students to the Student App
---------------------------------------------------------------------
29498 [CreateStudentDataDrivenTest-1-thread-16] ERROR  -     Test failed at step: POST
29498 [CreateStudentDataDrivenTest-1-thread-16] ERROR  -     Some exception during recording fields
29501 [CreateStudentDataDrivenTest-1-thread-4] ERROR  - 
         __  _____ _____ ____ _____   _____ ____  ____   ___  ____  
 _      / / |_   _| ____/ ___|_   _| | ____|  _ \|  _ \ / _ \|  _ \ 
(_)____| |    | | |  _| \___ \ | |   |  _| | |_) | |_) | | | | |_) |
 |_____| |    | | | |___ ___) || |   | |___|  _ <|  _ <| |_| |  _ < 
(_)    | |    |_| |_____|____/ |_|   |_____|_| \_\_| \_\\___/|_| \_\
        \_\                                                         

DataDriven Test For adding multiple students to the Student App
---------------------------------------------------------------------
29501 [CreateStudentDataDrivenTest-1-thread-4] ERROR  -     Test failed at step: POST
29501 [CreateStudentDataDrivenTest-1-thread-4] ERROR  -     Some exception during recording fields
29508 [CreateStudentDataDrivenTest-1-thread-4] INFO  - Test Suite Started: Create student data driven test
30746 [CreateStudentDataDrivenTest-1-thread-4] INFO  - 
 _____ _____ ____ _____   ____ _____  _    ____ _____ _____ ____  
|_   _| ____/ ___|_   _| / ___|_   _|/ \  |  _ \_   _| ____|  _ \ 
  | | |  _| \___ \ | |   \___ \ | | / _ \ | |_) || | |  _| | | | |
  | | | |___ ___) || |    ___) || |/ ___ \|  _ < | | | |___| |_| |
  |_| |_____|____/ |_|   |____/ |_/_/   \_\_| \_\|_| |_____|____/ 

createMultipleStudents[19]
-------------------------------------------------------------------
]]></system-err>
  </testcase>
  <testcase name="createMultipleStudents[5]" classname="Junit.studentsinfo.CreateStudentDataDrivenTest" time="1.23">
    <error message="Connection refused: connect" type="java.net.ConnectException"><![CDATA[java.net.ConnectException: Connection refused: connect
	at Junit.studentsinfo.CreateStudentDataDrivenTest.createMultipleStudents(CreateStudentDataDrivenTest.java:76)
]]></error>
    <system-err><![CDATA[30754 [CreateStudentDataDrivenTest-1-thread-13] ERROR  - 
         __  _____ _____ ____ _____   _____ ____  ____   ___  ____  
 _      / / |_   _| ____/ ___|_   _| | ____|  _ \|  _ \ / _ \|  _ \ 
(_)____| |    | | |  _| \___ \ | |   |  _| | |_) | |_) | | | | |_) |
 |_____| |    | | | |___ ___) || |   | |___|  _ <|  _ <| |_| |  _ < 
(_)    | |    |_| |_____|____/ |_|   |_____|_| \_\_| \_\\___/|_| \_\
        \_\                                                         

DataDriven Test For adding multiple students to the Student App
---------------------------------------------------------------------
30754 [CreateStudentDataDrivenTest-1-thread-13] ERROR  -     Test failed at step: POST
30755 [CreateStudentDataDrivenTest-1-thread-13] ERROR  -     Some exception during recording fields
]]></system-err>
  </testcase>
  <testcase name="createMultipleStudents[8]" classname="Junit.studentsinfo.CreateStudentDataDrivenTest" time="1.23">
    <error message="Connection refused: connect" type="java.net.ConnectException"><![CDATA[java.net.ConnectException: Connection refused: connect
	at Junit.studentsinfo.CreateStudentDataDrivenTest.createMultipleStudents(CreateStudentDataDrivenTest.java:76)
]]></error>
  </testcase>
  <testcase name="createMultipleStudents[1]" classname="Junit.studentsinfo.CreateStudentDataDrivenTest" time="1.403">
    <error message="Connection refused: connect" type="java.net.ConnectException"><![CDATA[java.net.ConnectException: Connection refused: connect
	at Junit.studentsinfo.CreateStudentDataDrivenTest.createMultipleStudents(CreateStudentDataDrivenTest.java:76)
]]></error>
    <system-err><![CDATA[30775 [CreateStudentDataDrivenTest-1-thread-5] INFO  - Test Suite Started: Create student data driven test
31644 [CreateStudentDataDrivenTest-1-thread-5] INFO  - 
 _____ _____ ____ _____   ____ _____  _    ____ _____ _____ ____  
|_   _| ____/ ___|_   _| / ___|_   _|/ \  |  _ \_   _| ____|  _ \ 
  | | |  _| \___ \ | |   \___ \ | | / _ \ | |_) || | |  _| | | | |
  | | | |___ ___) || |    ___) || |/ ___ \|  _ < | | | |___| |_| |
  |_| |_____|____/ |_|   |____/ |_/_/   \_\_| \_\|_| |_____|____/ 

createMultipleStudents[16]
-------------------------------------------------------------------
31646 [CreateStudentDataDrivenTest-1-thread-9] ERROR  - 
         __  _____ _____ ____ _____   _____ ____  ____   ___  ____  
 _      / / |_   _| ____/ ___|_   _| | ____|  _ \|  _ \ / _ \|  _ \ 
(_)____| |    | | |  _| \___ \ | |   |  _| | |_) | |_) | | | | |_) |
 |_____| |    | | | |___ ___) || |   | |___|  _ <|  _ <| |_| |  _ < 
(_)    | |    |_| |_____|____/ |_|   |_____|_| \_\_| \_\\___/|_| \_\
        \_\                                                         

DataDriven Test For adding multiple students to the Student App
---------------------------------------------------------------------
31647 [CreateStudentDataDrivenTest-1-thread-9] ERROR  -     Test failed at step: POST
31647 [CreateStudentDataDrivenTest-1-thread-9] ERROR  -     Some exception during recording fields
31651 [CreateStudentDataDrivenTest-1-thread-6] ERROR  - 
         __  _____ _____ ____ _____   _____ ____  ____   ___  ____  
 _      / / |_   _| ____/ ___|_   _| | ____|  _ \|  _ \ / _ \|  _ \ 
(_)____| |    | | |  _| \___ \ | |   |  _| | |_) | |_) | | | | |_) |
 |_____| |    | | | |___ ___) || |   | |___|  _ <|  _ <| |_| |  _ < 
(_)    | |    |_| |_____|____/ |_|   |_____|_| \_\_| \_\\___/|_| \_\
        \_\                                                         

DataDriven Test For adding multiple students to the Student App
---------------------------------------------------------------------
31651 [CreateStudentDataDrivenTest-1-thread-6] ERROR  -     Test failed at step: POST
31652 [CreateStudentDataDrivenTest-1-thread-6] ERROR  -     Some exception during recording fields
31656 [CreateStudentDataDrivenTest-1-thread-13] INFO  - Test Suite Started: Create student data driven test
33061 [CreateStudentDataDrivenTest-1-thread-13] INFO  - 
 _____ _____ ____ _____   ____ _____  _    ____ _____ _____ ____  
|_   _| ____/ ___|_   _| / ___|_   _|/ \  |  _ \_   _| ____|  _ \ 
  | | |  _| \___ \ | |   \___ \ | | / _ \ | |_) || | |  _| | | | |
  | | | |___ ___) || |    ___) || |/ ___ \|  _ < | | | |___| |_| |
  |_| |_____|____/ |_|   |____/ |_/_/   \_\_| \_\|_| |_____|____/ 

createMultipleStudents[21]
-------------------------------------------------------------------
]]></system-err>
  </testcase>
  <testcase name="createMultipleStudents[0]" classname="Junit.studentsinfo.CreateStudentDataDrivenTest" time="1.403">
    <error message="Connection refused: connect" type="java.net.ConnectException"><![CDATA[java.net.ConnectException: Connection refused: connect
	at Junit.studentsinfo.CreateStudentDataDrivenTest.createMultipleStudents(CreateStudentDataDrivenTest.java:76)
]]></error>
  </testcase>
  <testcase name="createMultipleStudents[7]" classname="Junit.studentsinfo.CreateStudentDataDrivenTest" time="1.403">
    <error message="Connection refused: connect" type="java.net.ConnectException"><![CDATA[java.net.ConnectException: Connection refused: connect
	at Junit.studentsinfo.CreateStudentDataDrivenTest.createMultipleStudents(CreateStudentDataDrivenTest.java:76)
]]></error>
  </testcase>
  <testcase name="createMultipleStudents[14]" classname="Junit.studentsinfo.CreateStudentDataDrivenTest" time="1.307">
    <error message="Connection refused: connect" type="java.net.ConnectException"><![CDATA[java.net.ConnectException: Connection refused: connect
	at Junit.studentsinfo.CreateStudentDataDrivenTest.createMultipleStudents(CreateStudentDataDrivenTest.java:76)
]]></error>
    <system-err><![CDATA[33069 [CreateStudentDataDrivenTest-1-thread-8] ERROR  - 
         __  _____ _____ ____ _____   _____ ____  ____   ___  ____  
 _      / / |_   _| ____/ ___|_   _| | ____|  _ \|  _ \ / _ \|  _ \ 
(_)____| |    | | |  _| \___ \ | |   |  _| | |_) | |_) | | | | |_) |
 |_____| |    | | | |___ ___) || |   | |___|  _ <|  _ <| |_| |  _ < 
(_)    | |    |_| |_____|____/ |_|   |_____|_| \_\_| \_\\___/|_| \_\
        \_\                                                         

DataDriven Test For adding multiple students to the Student App
---------------------------------------------------------------------
33070 [CreateStudentDataDrivenTest-1-thread-8] ERROR  -     Test failed at step: POST
33070 [CreateStudentDataDrivenTest-1-thread-8] ERROR  -     Some exception during recording fields
33074 [CreateStudentDataDrivenTest-1-thread-16] INFO  - Test Suite Started: Create student data driven test
33883 [CreateStudentDataDrivenTest-1-thread-16] INFO  - 
 _____ _____ ____ _____   ____ _____  _    ____ _____ _____ ____  
|_   _| ____/ ___|_   _| / ___|_   _|/ \  |  _ \_   _| ____|  _ \ 
  | | |  _| \___ \ | |   \___ \ | | / _ \ | |_) || | |  _| | | | |
  | | | |___ ___) || |    ___) || |/ ___ \|  _ < | | | |___| |_| |
  |_| |_____|____/ |_|   |____/ |_/_/   \_\_| \_\|_| |_____|____/ 

createMultipleStudents[18]
-------------------------------------------------------------------
33885 [CreateStudentDataDrivenTest-1-thread-14] INFO  - Test Suite Started: Create student data driven test
35190 [CreateStudentDataDrivenTest-1-thread-14] INFO  - 
 _____ _____ ____ _____   ____ _____  _    ____ _____ _____ ____  
|_   _| ____/ ___|_   _| / ___|_   _|/ \  |  _ \_   _| ____|  _ \ 
  | | |  _| \___ \ | |   \___ \ | | / _ \ | |_) || | |  _| | | | |
  | | | |___ ___) || |    ___) || |/ ___ \|  _ < | | | |___| |_| |
  |_| |_____|____/ |_|   |____/ |_/_/   \_\_| \_\|_| |_____|____/ 

createMultipleStudents[20]
-------------------------------------------------------------------
]]></system-err>
  </testcase>
  <testcase name="createMultipleStudents[10]" classname="Junit.studentsinfo.CreateStudentDataDrivenTest" time="1.311">
    <error message="Connection refused: connect" type="java.net.ConnectException"><![CDATA[java.net.ConnectException: Connection refused: connect
	at Junit.studentsinfo.CreateStudentDataDrivenTest.createMultipleStudents(CreateStudentDataDrivenTest.java:76)
]]></error>
  </testcase>
  <testcase name="createMultipleStudents[19]" classname="Junit.studentsinfo.CreateStudentDataDrivenTest" time="1.409">
    <error message="Connection refused: connect" type="java.net.ConnectException"><![CDATA[java.net.ConnectException: Connection refused: connect
	at Junit.studentsinfo.CreateStudentDataDrivenTest.createMultipleStudents(CreateStudentDataDrivenTest.java:76)
]]></error>
    <system-err><![CDATA[35202 [CreateStudentDataDrivenTest-1-thread-11] ERROR  - 
         __  _____ _____ ____ _____   _____ ____  ____   ___  ____  
 _      / / |_   _| ____/ ___|_   _| | ____|  _ \|  _ \ / _ \|  _ \ 
(_)____| |    | | |  _| \___ \ | |   |  _| | |_) | |_) | | | | |_) |
 |_____| |    | | | |___ ___) || |   | |___|  _ <|  _ <| |_| |  _ < 
(_)    | |    |_| |_____|____/ |_|   |_____|_| \_\_| \_\\___/|_| \_\
        \_\                                                         

DataDriven Test For adding multiple students to the Student App
---------------------------------------------------------------------
35203 [CreateStudentDataDrivenTest-1-thread-11] ERROR  -     Test failed at step: POST
35203 [CreateStudentDataDrivenTest-1-thread-11] ERROR  -     Some exception during recording fields
35219 [CreateStudentDataDrivenTest-1-thread-15] ERROR  - 
         __  _____ _____ ____ _____   _____ ____  ____   ___  ____  
 _      / / |_   _| ____/ ___|_   _| | ____|  _ \|  _ \ / _ \|  _ \ 
(_)____| |    | | |  _| \___ \ | |   |  _| | |_) | |_) | | | | |_) |
 |_____| |    | | | |___ ___) || |   | |___|  _ <|  _ <| |_| |  _ < 
(_)    | |    |_| |_____|____/ |_|   |_____|_| \_\_| \_\\___/|_| \_\
        \_\                                                         

DataDriven Test For adding multiple students to the Student App
---------------------------------------------------------------------
35220 [CreateStudentDataDrivenTest-1-thread-15] ERROR  -     Test failed at step: POST
35220 [CreateStudentDataDrivenTest-1-thread-15] ERROR  -     Some exception during recording fields
]]></system-err>
  </testcase>
  <testcase name="createMultipleStudents[17]" classname="Junit.studentsinfo.CreateStudentDataDrivenTest" time="1.423">
    <error message="Connection refused: connect" type="java.net.ConnectException"><![CDATA[java.net.ConnectException: Connection refused: connect
	at Junit.studentsinfo.CreateStudentDataDrivenTest.createMultipleStudents(CreateStudentDataDrivenTest.java:76)
]]></error>
    <system-err><![CDATA[35230 [CreateStudentDataDrivenTest-1-thread-4] ERROR  - 
         __  _____ _____ ____ _____   _____ ____  ____   ___  ____  
 _      / / |_   _| ____/ ___|_   _| | ____|  _ \|  _ \ / _ \|  _ \ 
(_)____| |    | | |  _| \___ \ | |   |  _| | |_) | |_) | | | | |_) |
 |_____| |    | | | |___ ___) || |   | |___|  _ <|  _ <| |_| |  _ < 
(_)    | |    |_| |_____|____/ |_|   |_____|_| \_\_| \_\\___/|_| \_\
        \_\                                                         

DataDriven Test For adding multiple students to the Student App
---------------------------------------------------------------------
35230 [CreateStudentDataDrivenTest-1-thread-4] ERROR  -     Test failed at step: POST
35230 [CreateStudentDataDrivenTest-1-thread-4] ERROR  -     Some exception during recording fields
]]></system-err>
  </testcase>
  <testcase name="createMultipleStudents[6]" classname="Junit.studentsinfo.CreateStudentDataDrivenTest" time="0.018">
    <error message="Connection refused: connect" type="java.net.ConnectException"><![CDATA[java.net.ConnectException: Connection refused: connect
	at Junit.studentsinfo.CreateStudentDataDrivenTest.createMultipleStudents(CreateStudentDataDrivenTest.java:76)
]]></error>
    <system-err><![CDATA[35233 [CreateStudentDataDrivenTest-1-thread-1] ERROR  - 
         __  _____ _____ ____ _____   _____ ____  ____   ___  ____  
 _      / / |_   _| ____/ ___|_   _| | ____|  _ \|  _ \ / _ \|  _ \ 
(_)____| |    | | |  _| \___ \ | |   |  _| | |_) | |_) | | | | |_) |
 |_____| |    | | | |___ ___) || |   | |___|  _ <|  _ <| |_| |  _ < 
(_)    | |    |_| |_____|____/ |_|   |_____|_| \_\_| \_\\___/|_| \_\
        \_\                                                         

DataDriven Test For adding multiple students to the Student App
---------------------------------------------------------------------
35234 [CreateStudentDataDrivenTest-1-thread-1] ERROR  -     Test failed at step: POST
35234 [CreateStudentDataDrivenTest-1-thread-1] ERROR  -     Some exception during recording fields
35250 [CreateStudentDataDrivenTest-1-thread-2] ERROR  - 
         __  _____ _____ ____ _____   _____ ____  ____   ___  ____  
 _      / / |_   _| ____/ ___|_   _| | ____|  _ \|  _ \ / _ \|  _ \ 
(_)____| |    | | |  _| \___ \ | |   |  _| | |_) | |_) | | | | |_) |
 |_____| |    | | | |___ ___) || |   | |___|  _ <|  _ <| |_| |  _ < 
(_)    | |    |_| |_____|____/ |_|   |_____|_| \_\_| \_\\___/|_| \_\
        \_\                                                         

DataDriven Test For adding multiple students to the Student App
---------------------------------------------------------------------
35250 [CreateStudentDataDrivenTest-1-thread-2] ERROR  -     Test failed at step: POST
35250 [CreateStudentDataDrivenTest-1-thread-2] ERROR  -     Some exception during recording fields
]]></system-err>
  </testcase>
  <testcase name="createMultipleStudents[9]" classname="Junit.studentsinfo.CreateStudentDataDrivenTest" time="0.025">
    <error message="Connection refused: connect" type="java.net.ConnectException"><![CDATA[java.net.ConnectException: Connection refused: connect
	at Junit.studentsinfo.CreateStudentDataDrivenTest.createMultipleStudents(CreateStudentDataDrivenTest.java:76)
]]></error>
    <system-err><![CDATA[35262 [CreateStudentDataDrivenTest-1-thread-7] ERROR  - 
         __  _____ _____ ____ _____   _____ ____  ____   ___  ____  
 _      / / |_   _| ____/ ___|_   _| | ____|  _ \|  _ \ / _ \|  _ \ 
(_)____| |    | | |  _| \___ \ | |   |  _| | |_) | |_) | | | | |_) |
 |_____| |    | | | |___ ___) || |   | |___|  _ <|  _ <| |_| |  _ < 
(_)    | |    |_| |_____|____/ |_|   |_____|_| \_\_| \_\\___/|_| \_\
        \_\                                                         

DataDriven Test For adding multiple students to the Student App
---------------------------------------------------------------------
35263 [CreateStudentDataDrivenTest-1-thread-7] ERROR  -     Test failed at step: POST
35263 [CreateStudentDataDrivenTest-1-thread-7] ERROR  -     Some exception during recording fields
]]></system-err>
  </testcase>
  <testcase name="createMultipleStudents[2]" classname="Junit.studentsinfo.CreateStudentDataDrivenTest" time="0.03">
    <error message="Connection refused: connect" type="java.net.ConnectException"><![CDATA[java.net.ConnectException: Connection refused: connect
	at Junit.studentsinfo.CreateStudentDataDrivenTest.createMultipleStudents(CreateStudentDataDrivenTest.java:76)
]]></error>
    <system-err><![CDATA[35270 [CreateStudentDataDrivenTest-1-thread-10] ERROR  - 
         __  _____ _____ ____ _____   _____ ____  ____   ___  ____  
 _      / / |_   _| ____/ ___|_   _| | ____|  _ \|  _ \ / _ \|  _ \ 
(_)____| |    | | |  _| \___ \ | |   |  _| | |_) | |_) | | | | |_) |
 |_____| |    | | | |___ ___) || |   | |___|  _ <|  _ <| |_| |  _ < 
(_)    | |    |_| |_____|____/ |_|   |_____|_| \_\_| \_\\___/|_| \_\
        \_\                                                         

DataDriven Test For adding multiple students to the Student App
---------------------------------------------------------------------
35271 [CreateStudentDataDrivenTest-1-thread-10] ERROR  -     Test failed at step: POST
35271 [CreateStudentDataDrivenTest-1-thread-10] ERROR  -     Some exception during recording fields
]]></system-err>
  </testcase>
  <testcase name="createMultipleStudents[16]" classname="Junit.studentsinfo.CreateStudentDataDrivenTest" time="1.285">
    <error message="Connection refused: connect" type="java.net.ConnectException"><![CDATA[java.net.ConnectException: Connection refused: connect
	at Junit.studentsinfo.CreateStudentDataDrivenTest.createMultipleStudents(CreateStudentDataDrivenTest.java:76)
]]></error>
    <system-err><![CDATA[35276 [CreateStudentDataDrivenTest-1-thread-3] ERROR  - 
         __  _____ _____ ____ _____   _____ ____  ____   ___  ____  
 _      / / |_   _| ____/ ___|_   _| | ____|  _ \|  _ \ / _ \|  _ \ 
(_)____| |    | | |  _| \___ \ | |   |  _| | |_) | |_) | | | | |_) |
 |_____| |    | | | |___ ___) || |   | |___|  _ <|  _ <| |_| |  _ < 
(_)    | |    |_| |_____|____/ |_|   |_____|_| \_\_| \_\\___/|_| \_\
        \_\                                                         

DataDriven Test For adding multiple students to the Student App
---------------------------------------------------------------------
35276 [CreateStudentDataDrivenTest-1-thread-3] ERROR  -     Test failed at step: POST
35277 [CreateStudentDataDrivenTest-1-thread-3] ERROR  -     Some exception during recording fields
35279 [CreateStudentDataDrivenTest-1-thread-9] INFO  - Test Suite Started: Create student data driven test
36163 [CreateStudentDataDrivenTest-1-thread-9] INFO  - 
 _____ _____ ____ _____   ____ _____  _    ____ _____ _____ ____  
|_   _| ____/ ___|_   _| / ___|_   _|/ \  |  _ \_   _| ____|  _ \ 
  | | |  _| \___ \ | |   \___ \ | | / _ \ | |_) || | |  _| | | | |
  | | | |___ ___) || |    ___) || |/ ___ \|  _ < | | | |___| |_| |
  |_| |_____|____/ |_|   |____/ |_/_/   \_\_| \_\|_| |_____|____/ 

createMultipleStudents[22]
-------------------------------------------------------------------
36166 [CreateStudentDataDrivenTest-1-thread-6] INFO  - Test Suite Started: Create student data driven test
37449 [CreateStudentDataDrivenTest-1-thread-6] INFO  - 
 _____ _____ ____ _____   ____ _____  _    ____ _____ _____ ____  
|_   _| ____/ ___|_   _| / ___|_   _|/ \  |  _ \_   _| ____|  _ \ 
  | | |  _| \___ \ | |   \___ \ | | / _ \ | |_) || | |  _| | | | |
  | | | |___ ___) || |    ___) || |/ ___ \|  _ < | | | |___| |_| |
  |_| |_____|____/ |_|   |____/ |_/_/   \_\_| \_\|_| |_____|____/ 

createMultipleStudents[23]
-------------------------------------------------------------------
]]></system-err>
  </testcase>
  <testcase name="createMultipleStudents[23]" classname="Junit.studentsinfo.CreateStudentDataDrivenTest" time="0.776">
    <error message="Connection refused: connect" type="java.net.ConnectException"><![CDATA[java.net.ConnectException: Connection refused: connect
	at Junit.studentsinfo.CreateStudentDataDrivenTest.createMultipleStudents(CreateStudentDataDrivenTest.java:76)
]]></error>
    <system-err><![CDATA[37456 [CreateStudentDataDrivenTest-1-thread-5] ERROR  - 
         __  _____ _____ ____ _____   _____ ____  ____   ___  ____  
 _      / / |_   _| ____/ ___|_   _| | ____|  _ \|  _ \ / _ \|  _ \ 
(_)____| |    | | |  _| \___ \ | |   |  _| | |_) | |_) | | | | |_) |
 |_____| |    | | | |___ ___) || |   | |___|  _ <|  _ <| |_| |  _ < 
(_)    | |    |_| |_____|____/ |_|   |_____|_| \_\_| \_\\___/|_| \_\
        \_\                                                         

DataDriven Test For adding multiple students to the Student App
---------------------------------------------------------------------
37457 [CreateStudentDataDrivenTest-1-thread-5] ERROR  -     Test failed at step: POST
37457 [CreateStudentDataDrivenTest-1-thread-5] ERROR  -     Some exception during recording fields
37467 [CreateStudentDataDrivenTest-1-thread-7] INFO  - Test Suite Started: Create student data driven test
38321 [CreateStudentDataDrivenTest-1-thread-7] INFO  - 
 _____ _____ ____ _____   ____ _____  _    ____ _____ _____ ____  
|_   _| ____/ ___|_   _| / ___|_   _|/ \  |  _ \_   _| ____|  _ \ 
  | | |  _| \___ \ | |   \___ \ | | / _ \ | |_) || | |  _| | | | |
  | | | |___ ___) || |    ___) || |/ ___ \|  _ < | | | |___| |_| |
  |_| |_____|____/ |_|   |____/ |_/_/   \_\_| \_\|_| |_____|____/ 

createMultipleStudents[29]
-------------------------------------------------------------------
38322 [CreateStudentDataDrivenTest-1-thread-1] INFO  - Test Suite Started: Create student data driven test
39551 [CreateStudentDataDrivenTest-1-thread-1] INFO  - 
 _____ _____ ____ _____   ____ _____  _    ____ _____ _____ ____  
|_   _| ____/ ___|_   _| / ___|_   _|/ \  |  _ \_   _| ____|  _ \ 
  | | |  _| \___ \ | |   \___ \ | | / _ \ | |_) || | |  _| | | | |
  | | | |___ ___) || |    ___) || |/ ___ \|  _ < | | | |___| |_| |
  |_| |_____|____/ |_|   |____/ |_/_/   \_\_| \_\|_| |_____|____/ 

createMultipleStudents[27]
-------------------------------------------------------------------
39552 [CreateStudentDataDrivenTest-1-thread-8] INFO  - Test Suite Started: Create student data driven test
40422 [CreateStudentDataDrivenTest-1-thread-8] INFO  - 
 _____ _____ ____ _____   ____ _____  _    ____ _____ _____ ____  
|_   _| ____/ ___|_   _| / ___|_   _|/ \  |  _ \_   _| ____|  _ \ 
  | | |  _| \___ \ | |   \___ \ | | / _ \ | |_) || | |  _| | | | |
  | | | |___ ___) || |    ___) || |/ ___ \|  _ < | | | |___| |_| |
  |_| |_____|____/ |_|   |____/ |_/_/   \_\_| \_\|_| |_____|____/ 

createMultipleStudents[24]
-------------------------------------------------------------------
40429 [CreateStudentDataDrivenTest-1-thread-15] INFO  - Test Suite Started: Create student data driven test
41958 [CreateStudentDataDrivenTest-1-thread-15] INFO  - 
 _____ _____ ____ _____   ____ _____  _    ____ _____ _____ ____  
|_   _| ____/ ___|_   _| / ___|_   _|/ \  |  _ \_   _| ____|  _ \ 
  | | |  _| \___ \ | |   \___ \ | | / _ \ | |_) || | |  _| | | | |
  | | | |___ ___) || |    ___) || |/ ___ \|  _ < | | | |___| |_| |
  |_| |_____|____/ |_|   |____/ |_/_/   \_\_| \_\|_| |_____|____/ 

createMultipleStudents[26]
-------------------------------------------------------------------
41959 [CreateStudentDataDrivenTest-1-thread-11] INFO  - Test Suite Started: Create student data driven test
42735 [CreateStudentDataDrivenTest-1-thread-11] INFO  - 
 _____ _____ ____ _____   ____ _____  _    ____ _____ _____ ____  
|_   _| ____/ ___|_   _| / ___|_   _|/ \  |  _ \_   _| ____|  _ \ 
  | | |  _| \___ \ | |   \___ \ | | / _ \ | |_) || | |  _| | | | |
  | | | |___ ___) || |    ___) || |/ ___ \|  _ < | | | |___| |_| |
  |_| |_____|____/ |_|   |____/ |_/_/   \_\_| \_\|_| |_____|____/ 

createMultipleStudents[25]
-------------------------------------------------------------------
]]></system-err>
  </testcase>
  <testcase name="createMultipleStudents[20]" classname="Junit.studentsinfo.CreateStudentDataDrivenTest" time="0.001">
    <error message="Connection refused: connect" type="java.net.ConnectException"><![CDATA[java.net.ConnectException: Connection refused: connect
	at Junit.studentsinfo.CreateStudentDataDrivenTest.createMultipleStudents(CreateStudentDataDrivenTest.java:76)
]]></error>
  </testcase>
  <testcase name="createMultipleStudents[18]" classname="Junit.studentsinfo.CreateStudentDataDrivenTest" time="1.222">
    <error message="Connection refused: connect" type="java.net.ConnectException"><![CDATA[java.net.ConnectException: Connection refused: connect
	at Junit.studentsinfo.CreateStudentDataDrivenTest.createMultipleStudents(CreateStudentDataDrivenTest.java:76)
]]></error>
    <system-err><![CDATA[42741 [CreateStudentDataDrivenTest-1-thread-2] INFO  - Test Suite Started: Create student data driven test
43948 [CreateStudentDataDrivenTest-1-thread-2] INFO  - 
 _____ _____ ____ _____   ____ _____  _    ____ _____ _____ ____  
|_   _| ____/ ___|_   _| / ___|_   _|/ \  |  _ \_   _| ____|  _ \ 
  | | |  _| \___ \ | |   \___ \ | | / _ \ | |_) || | |  _| | | | |
  | | | |___ ___) || |    ___) || |/ ___ \|  _ < | | | |___| |_| |
  |_| |_____|____/ |_|   |____/ |_/_/   \_\_| \_\|_| |_____|____/ 

createMultipleStudents[28]
-------------------------------------------------------------------
]]></system-err>
  </testcase>
  <testcase name="createMultipleStudents[21]" classname="Junit.studentsinfo.CreateStudentDataDrivenTest" time="0">
    <error message="Connection refused: connect" type="java.net.ConnectException"><![CDATA[java.net.ConnectException: Connection refused: connect
	at Junit.studentsinfo.CreateStudentDataDrivenTest.createMultipleStudents(CreateStudentDataDrivenTest.java:76)
]]></error>
    <system-err><![CDATA[43952 [CreateStudentDataDrivenTest-1-thread-16] ERROR  - 
         __  _____ _____ ____ _____   _____ ____  ____   ___  ____  
 _      / / |_   _| ____/ ___|_   _| | ____|  _ \|  _ \ / _ \|  _ \ 
(_)____| |    | | |  _| \___ \ | |   |  _| | |_) | |_) | | | | |_) |
 |_____| |    | | | |___ ___) || |   | |___|  _ <|  _ <| |_| |  _ < 
(_)    | |    |_| |_____|____/ |_|   |_____|_| \_\_| \_\\___/|_| \_\
        \_\                                                         

DataDriven Test For adding multiple students to the Student App
---------------------------------------------------------------------
43952 [CreateStudentDataDrivenTest-1-thread-16] ERROR  -     Test failed at step: POST
43952 [CreateStudentDataDrivenTest-1-thread-16] ERROR  -     Some exception during recording fields
]]></system-err>
  </testcase>
  <testcase name="createMultipleStudents[27]" classname="Junit.studentsinfo.CreateStudentDataDrivenTest" time="0.823">
    <error message="Connection refused: connect" type="java.net.ConnectException"><![CDATA[java.net.ConnectException: Connection refused: connect
	at Junit.studentsinfo.CreateStudentDataDrivenTest.createMultipleStudents(CreateStudentDataDrivenTest.java:76)
]]></error>
    <system-err><![CDATA[43959 [CreateStudentDataDrivenTest-1-thread-13] ERROR  - 
         __  _____ _____ ____ _____   _____ ____  ____   ___  ____  
 _      / / |_   _| ____/ ___|_   _| | ____|  _ \|  _ \ / _ \|  _ \ 
(_)____| |    | | |  _| \___ \ | |   |  _| | |_) | |_) | | | | |_) |
 |_____| |    | | | |___ ___) || |   | |___|  _ <|  _ <| |_| |  _ < 
(_)    | |    |_| |_____|____/ |_|   |_____|_| \_\_| \_\\___/|_| \_\
        \_\                                                         

DataDriven Test For adding multiple students to the Student App
---------------------------------------------------------------------
43959 [CreateStudentDataDrivenTest-1-thread-13] ERROR  -     Test failed at step: POST
43959 [CreateStudentDataDrivenTest-1-thread-13] ERROR  -     Some exception during recording fields
43961 [CreateStudentDataDrivenTest-1-thread-3] INFO  - Test Suite Started: Create student data driven test
44811 [CreateStudentDataDrivenTest-1-thread-3] INFO  - 
 _____ _____ ____ _____   ____ _____  _    ____ _____ _____ ____  
|_   _| ____/ ___|_   _| / ___|_   _|/ \  |  _ \_   _| ____|  _ \ 
  | | |  _| \___ \ | |   \___ \ | | / _ \ | |_) || | |  _| | | | |
  | | | |___ ___) || |    ___) || |/ ___ \|  _ < | | | |___| |_| |
  |_| |_____|____/ |_|   |____/ |_/_/   \_\_| \_\|_| |_____|____/ 

createMultipleStudents[31]
-------------------------------------------------------------------
]]></system-err>
  </testcase>
  <testcase name="createMultipleStudents[29]" classname="Junit.studentsinfo.CreateStudentDataDrivenTest" time="2.02">
    <error message="Connection refused: connect" type="java.net.ConnectException"><![CDATA[java.net.ConnectException: Connection refused: connect
	at Junit.studentsinfo.CreateStudentDataDrivenTest.createMultipleStudents(CreateStudentDataDrivenTest.java:76)
]]></error>
    <system-err><![CDATA[44816 [CreateStudentDataDrivenTest-1-thread-14] ERROR  - 
         __  _____ _____ ____ _____   _____ ____  ____   ___  ____  
 _      / / |_   _| ____/ ___|_   _| | ____|  _ \|  _ \ / _ \|  _ \ 
(_)____| |    | | |  _| \___ \ | |   |  _| | |_) | |_) | | | | |_) |
 |_____| |    | | | |___ ___) || |   | |___|  _ <|  _ <| |_| |  _ < 
(_)    | |    |_| |_____|____/ |_|   |_____|_| \_\_| \_\\___/|_| \_\
        \_\                                                         

DataDriven Test For adding multiple students to the Student App
---------------------------------------------------------------------
44816 [CreateStudentDataDrivenTest-1-thread-14] ERROR  -     Test failed at step: POST
44817 [CreateStudentDataDrivenTest-1-thread-14] ERROR  -     Some exception during recording fields
44819 [CreateStudentDataDrivenTest-1-thread-12] ERROR  - 
         __  _____ _____ ____ _____   _____ ____  ____   ___  ____  
 _      / / |_   _| ____/ ___|_   _| | ____|  _ \|  _ \ / _ \|  _ \ 
(_)____| |    | | |  _| \___ \ | |   |  _| | |_) | |_) | | | | |_) |
 |_____| |    | | | |___ ___) || |   | |___|  _ <|  _ <| |_| |  _ < 
(_)    | |    |_| |_____|____/ |_|   |_____|_| \_\_| \_\\___/|_| \_\
        \_\                                                         

DataDriven Test For adding multiple students to the Student App
---------------------------------------------------------------------
44820 [CreateStudentDataDrivenTest-1-thread-12] ERROR  -     Test failed at step: POST
44820 [CreateStudentDataDrivenTest-1-thread-12] ERROR  -     Some exception during recording fields
44821 [CreateStudentDataDrivenTest-1-thread-4] INFO  - Test Suite Started: Create student data driven test
46008 [CreateStudentDataDrivenTest-1-thread-4] INFO  - 
 _____ _____ ____ _____   ____ _____  _    ____ _____ _____ ____  
|_   _| ____/ ___|_   _| / ___|_   _|/ \  |  _ \_   _| ____|  _ \ 
  | | |  _| \___ \ | |   \___ \ | | / _ \ | |_) || | |  _| | | | |
  | | | |___ ___) || |    ___) || |/ ___ \|  _ < | | | |___| |_| |
  |_| |_____|____/ |_|   |____/ |_/_/   \_\_| \_\|_| |_____|____/ 

createMultipleStudents[33]
-------------------------------------------------------------------
]]></system-err>
  </testcase>
  <testcase name="createMultipleStudents[26]" classname="Junit.studentsinfo.CreateStudentDataDrivenTest" time="2.02">
    <error message="Connection refused: connect" type="java.net.ConnectException"><![CDATA[java.net.ConnectException: Connection refused: connect
	at Junit.studentsinfo.CreateStudentDataDrivenTest.createMultipleStudents(CreateStudentDataDrivenTest.java:76)
]]></error>
  </testcase>
  <testcase name="createMultipleStudents[24]" classname="Junit.studentsinfo.CreateStudentDataDrivenTest" time="0.826">
    <error message="Connection refused: connect" type="java.net.ConnectException"><![CDATA[java.net.ConnectException: Connection refused: connect
	at Junit.studentsinfo.CreateStudentDataDrivenTest.createMultipleStudents(CreateStudentDataDrivenTest.java:76)
]]></error>
    <system-err><![CDATA[46012 [CreateStudentDataDrivenTest-1-thread-15] ERROR  - 
         __  _____ _____ ____ _____   _____ ____  ____   ___  ____  
 _      / / |_   _| ____/ ___|_   _| | ____|  _ \|  _ \ / _ \|  _ \ 
(_)____| |    | | |  _| \___ \ | |   |  _| | |_) | |_) | | | | |_) |
 |_____| |    | | | |___ ___) || |   | |___|  _ <|  _ <| |_| |  _ < 
(_)    | |    |_| |_____|____/ |_|   |_____|_| \_\_| \_\\___/|_| \_\
        \_\                                                         

DataDriven Test For adding multiple students to the Student App
---------------------------------------------------------------------
46013 [CreateStudentDataDrivenTest-1-thread-15] ERROR  -     Test failed at step: POST
46013 [CreateStudentDataDrivenTest-1-thread-15] ERROR  -     Some exception during recording fields
46015 [CreateStudentDataDrivenTest-1-thread-14] INFO  - Test Suite Started: Create student data driven test
46816 [CreateStudentDataDrivenTest-1-thread-14] INFO  - 
 _____ _____ ____ _____   ____ _____  _    ____ _____ _____ ____  
|_   _| ____/ ___|_   _| / ___|_   _|/ \  |  _ \_   _| ____|  _ \ 
  | | |  _| \___ \ | |   \___ \ | | / _ \ | |_) || | |  _| | | | |
  | | | |___ ___) || |    ___) || |/ ___ \|  _ < | | | |___| |_| |
  |_| |_____|____/ |_|   |____/ |_/_/   \_\_| \_\|_| |_____|____/ 

createMultipleStudents[35]
-------------------------------------------------------------------
46819 [CreateStudentDataDrivenTest-1-thread-1] ERROR  - 
         __  _____ _____ ____ _____   _____ ____  ____   ___  ____  
 _      / / |_   _| ____/ ___|_   _| | ____|  _ \|  _ \ / _ \|  _ \ 
(_)____| |    | | |  _| \___ \ | |   |  _| | |_) | |_) | | | | |_) |
 |_____| |    | | | |___ ___) || |   | |___|  _ <|  _ <| |_| |  _ < 
(_)    | |    |_| |_____|____/ |_|   |_____|_| \_\_| \_\\___/|_| \_\
        \_\                                                         

DataDriven Test For adding multiple students to the Student App
---------------------------------------------------------------------
46820 [CreateStudentDataDrivenTest-1-thread-1] ERROR  -     Test failed at step: POST
46820 [CreateStudentDataDrivenTest-1-thread-1] ERROR  -     Some exception during recording fields
]]></system-err>
  </testcase>
  <testcase name="createMultipleStudents[28]" classname="Junit.studentsinfo.CreateStudentDataDrivenTest" time="2.01">
    <error message="Connection refused: connect" type="java.net.ConnectException"><![CDATA[java.net.ConnectException: Connection refused: connect
	at Junit.studentsinfo.CreateStudentDataDrivenTest.createMultipleStudents(CreateStudentDataDrivenTest.java:76)
]]></error>
    <system-err><![CDATA[46827 [CreateStudentDataDrivenTest-1-thread-8] ERROR  - 
         __  _____ _____ ____ _____   _____ ____  ____   ___  ____  
 _      / / |_   _| ____/ ___|_   _| | ____|  _ \|  _ \ / _ \|  _ \ 
(_)____| |    | | |  _| \___ \ | |   |  _| | |_) | |_) | | | | |_) |
 |_____| |    | | | |___ ___) || |   | |___|  _ <|  _ <| |_| |  _ < 
(_)    | |    |_| |_____|____/ |_|   |_____|_| \_\_| \_\\___/|_| \_\
        \_\                                                         

DataDriven Test For adding multiple students to the Student App
---------------------------------------------------------------------
46827 [CreateStudentDataDrivenTest-1-thread-8] ERROR  -     Test failed at step: POST
46828 [CreateStudentDataDrivenTest-1-thread-8] ERROR  -     Some exception during recording fields
46829 [CreateStudentDataDrivenTest-1-thread-13] INFO  - Test Suite Started: Create student data driven test
48068 [CreateStudentDataDrivenTest-1-thread-13] INFO  - 
 _____ _____ ____ _____   ____ _____  _    ____ _____ _____ ____  
|_   _| ____/ ___|_   _| / ___|_   _|/ \  |  _ \_   _| ____|  _ \ 
  | | |  _| \___ \ | |   \___ \ | | / _ \ | |_) || | |  _| | | | |
  | | | |___ ___) || |    ___) || |/ ___ \|  _ < | | | |___| |_| |
  |_| |_____|____/ |_|   |____/ |_/_/   \_\_| \_\|_| |_____|____/ 

createMultipleStudents[34]
-------------------------------------------------------------------
48069 [CreateStudentDataDrivenTest-1-thread-5] INFO  - Test Suite Started: Create student data driven test
48869 [CreateStudentDataDrivenTest-1-thread-5] INFO  - 
 _____ _____ ____ _____   ____ _____  _    ____ _____ _____ ____  
|_   _| ____/ ___|_   _| / ___|_   _|/ \  |  _ \_   _| ____|  _ \ 
  | | |  _| \___ \ | |   \___ \ | | / _ \ | |_) || | |  _| | | | |
  | | | |___ ___) || |    ___) || |/ ___ \|  _ < | | | |___| |_| |
  |_| |_____|____/ |_|   |____/ |_/_/   \_\_| \_\|_| |_____|____/ 

createMultipleStudents[30]
-------------------------------------------------------------------
]]></system-err>
  </testcase>
  <testcase name="createMultipleStudents[22]" classname="Junit.studentsinfo.CreateStudentDataDrivenTest" time="2.012">
    <error message="Connection refused: connect" type="java.net.ConnectException"><![CDATA[java.net.ConnectException: Connection refused: connect
	at Junit.studentsinfo.CreateStudentDataDrivenTest.createMultipleStudents(CreateStudentDataDrivenTest.java:76)
]]></error>
  </testcase>
  <testcase name="createMultipleStudents[25]" classname="Junit.studentsinfo.CreateStudentDataDrivenTest" time="0.021">
    <error message="Connection refused: connect" type="java.net.ConnectException"><![CDATA[java.net.ConnectException: Connection refused: connect
	at Junit.studentsinfo.CreateStudentDataDrivenTest.createMultipleStudents(CreateStudentDataDrivenTest.java:76)
]]></error>
    <system-err><![CDATA[48876 [CreateStudentDataDrivenTest-1-thread-10] INFO  - Test Suite Started: Create student data driven test
50168 [CreateStudentDataDrivenTest-1-thread-10] INFO  - 
 _____ _____ ____ _____   ____ _____  _    ____ _____ _____ ____  
|_   _| ____/ ___|_   _| / ___|_   _|/ \  |  _ \_   _| ____|  _ \ 
  | | |  _| \___ \ | |   \___ \ | | / _ \ | |_) || | |  _| | | | |
  | | | |___ ___) || |    ___) || |/ ___ \|  _ < | | | |___| |_| |
  |_| |_____|____/ |_|   |____/ |_/_/   \_\_| \_\|_| |_____|____/ 

createMultipleStudents[32]
-------------------------------------------------------------------
50169 [CreateStudentDataDrivenTest-1-thread-16] INFO  - Test Suite Started: Create student data driven test
50987 [CreateStudentDataDrivenTest-1-thread-16] INFO  - 
 _____ _____ ____ _____   ____ _____  _    ____ _____ _____ ____  
|_   _| ____/ ___|_   _| / ___|_   _|/ \  |  _ \_   _| ____|  _ \ 
  | | |  _| \___ \ | |   \___ \ | | / _ \ | |_) || | |  _| | | | |
  | | | |___ ___) || |    ___) || |/ ___ \|  _ < | | | |___| |_| |
  |_| |_____|____/ |_|   |____/ |_/_/   \_\_| \_\|_| |_____|____/ 

createMultipleStudents[37]
-------------------------------------------------------------------
]]></system-err>
  </testcase>
  <testcase name="createMultipleStudents[35]" classname="Junit.studentsinfo.CreateStudentDataDrivenTest" time="2.043">
    <error message="Connection refused: connect" type="java.net.ConnectException"><![CDATA[java.net.ConnectException: Connection refused: connect
	at Junit.studentsinfo.CreateStudentDataDrivenTest.createMultipleStudents(CreateStudentDataDrivenTest.java:76)
]]></error>
    <system-err><![CDATA[50992 [CreateStudentDataDrivenTest-1-thread-11] ERROR  - 
         __  _____ _____ ____ _____   _____ ____  ____   ___  ____  
 _      / / |_   _| ____/ ___|_   _| | ____|  _ \|  _ \ / _ \|  _ \ 
(_)____| |    | | |  _| \___ \ | |   |  _| | |_) | |_) | | | | |_) |
 |_____| |    | | | |___ ___) || |   | |___|  _ <|  _ <| |_| |  _ < 
(_)    | |    |_| |_____|____/ |_|   |_____|_| \_\_| \_\\___/|_| \_\
        \_\                                                         

DataDriven Test For adding multiple students to the Student App
---------------------------------------------------------------------
50993 [CreateStudentDataDrivenTest-1-thread-11] ERROR  -     Test failed at step: POST
50993 [CreateStudentDataDrivenTest-1-thread-11] ERROR  -     Some exception during recording fields
50999 [CreateStudentDataDrivenTest-1-thread-6] ERROR  - 
         __  _____ _____ ____ _____   _____ ____  ____   ___  ____  
 _      / / |_   _| ____/ ___|_   _| | ____|  _ \|  _ \ / _ \|  _ \ 
(_)____| |    | | |  _| \___ \ | |   |  _| | |_) | |_) | | | | |_) |
 |_____| |    | | | |___ ___) || |   | |___|  _ <|  _ <| |_| |  _ < 
(_)    | |    |_| |_____|____/ |_|   |_____|_| \_\_| \_\\___/|_| \_\
        \_\                                                         

DataDriven Test For adding multiple students to the Student App
---------------------------------------------------------------------
50999 [CreateStudentDataDrivenTest-1-thread-6] ERROR  -     Test failed at step: POST
51000 [CreateStudentDataDrivenTest-1-thread-6] ERROR  -     Some exception during recording fields
51003 [CreateStudentDataDrivenTest-1-thread-12] INFO  - Test Suite Started: Create student data driven test
52253 [CreateStudentDataDrivenTest-1-thread-12] INFO  - 
 _____ _____ ____ _____   ____ _____  _    ____ _____ _____ ____  
|_   _| ____/ ___|_   _| / ___|_   _|/ \  |  _ \_   _| ____|  _ \ 
  | | |  _| \___ \ | |   \___ \ | | / _ \ | |_) || | |  _| | | | |
  | | | |___ ___) || |    ___) || |/ ___ \|  _ < | | | |___| |_| |
  |_| |_____|____/ |_|   |____/ |_/_/   \_\_| \_\|_| |_____|____/ 

createMultipleStudents[36]
-------------------------------------------------------------------
52254 [CreateStudentDataDrivenTest-1-thread-1] INFO  - Test Suite Started: Create student data driven test
53033 [CreateStudentDataDrivenTest-1-thread-1] INFO  - 
 _____ _____ ____ _____   ____ _____  _    ____ _____ _____ ____  
|_   _| ____/ ___|_   _| / ___|_   _|/ \  |  _ \_   _| ____|  _ \ 
  | | |  _| \___ \ | |   \___ \ | | / _ \ | |_) || | |  _| | | | |
  | | | |___ ___) || |    ___) || |/ ___ \|  _ < | | | |___| |_| |
  |_| |_____|____/ |_|   |____/ |_/_/   \_\_| \_\|_| |_____|____/ 

createMultipleStudents[38]
-------------------------------------------------------------------
]]></system-err>
  </testcase>
  <testcase name="createMultipleStudents[33]" classname="Junit.studentsinfo.CreateStudentDataDrivenTest" time="2.043">
    <error message="Connection refused: connect" type="java.net.ConnectException"><![CDATA[java.net.ConnectException: Connection refused: connect
	at Junit.studentsinfo.CreateStudentDataDrivenTest.createMultipleStudents(CreateStudentDataDrivenTest.java:76)
]]></error>
  </testcase>
  <testcase name="createMultipleStudents[31]" classname="Junit.studentsinfo.CreateStudentDataDrivenTest" time="2.07">
    <error message="Connection refused: connect" type="java.net.ConnectException"><![CDATA[java.net.ConnectException: Connection refused: connect
	at Junit.studentsinfo.CreateStudentDataDrivenTest.createMultipleStudents(CreateStudentDataDrivenTest.java:76)
]]></error>
    <system-err><![CDATA[53038 [CreateStudentDataDrivenTest-1-thread-9] ERROR  - 
         __  _____ _____ ____ _____   _____ ____  ____   ___  ____  
 _      / / |_   _| ____/ ___|_   _| | ____|  _ \|  _ \ / _ \|  _ \ 
(_)____| |    | | |  _| \___ \ | |   |  _| | |_) | |_) | | | | |_) |
 |_____| |    | | | |___ ___) || |   | |___|  _ <|  _ <| |_| |  _ < 
(_)    | |    |_| |_____|____/ |_|   |_____|_| \_\_| \_\\___/|_| \_\
        \_\                                                         

DataDriven Test For adding multiple students to the Student App
---------------------------------------------------------------------
53039 [CreateStudentDataDrivenTest-1-thread-9] ERROR  -     Test failed at step: POST
53039 [CreateStudentDataDrivenTest-1-thread-9] ERROR  -     Some exception during recording fields
53041 [CreateStudentDataDrivenTest-1-thread-2] ERROR  - 
         __  _____ _____ ____ _____   _____ ____  ____   ___  ____  
 _      / / |_   _| ____/ ___|_   _| | ____|  _ \|  _ \ / _ \|  _ \ 
(_)____| |    | | |  _| \___ \ | |   |  _| | |_) | |_) | | | | |_) |
 |_____| |    | | | |___ ___) || |   | |___|  _ <|  _ <| |_| |  _ < 
(_)    | |    |_| |_____|____/ |_|   |_____|_| \_\_| \_\\___/|_| \_\
        \_\                                                         

DataDriven Test For adding multiple students to the Student App
---------------------------------------------------------------------
53041 [CreateStudentDataDrivenTest-1-thread-2] ERROR  -     Test failed at step: POST
53042 [CreateStudentDataDrivenTest-1-thread-2] ERROR  -     Some exception during recording fields
]]></system-err>
  </testcase>
  <testcase name="createMultipleStudents[34]" classname="Junit.studentsinfo.CreateStudentDataDrivenTest" time="2.065">
    <error message="Connection refused: connect" type="java.net.ConnectException"><![CDATA[java.net.ConnectException: Connection refused: connect
	at Junit.studentsinfo.CreateStudentDataDrivenTest.createMultipleStudents(CreateStudentDataDrivenTest.java:76)
]]></error>
    <system-err><![CDATA[53050 [CreateStudentDataDrivenTest-1-thread-3] ERROR  - 
         __  _____ _____ ____ _____   _____ ____  ____   ___  ____  
 _      / / |_   _| ____/ ___|_   _| | ____|  _ \|  _ \ / _ \|  _ \ 
(_)____| |    | | |  _| \___ \ | |   |  _| | |_) | |_) | | | | |_) |
 |_____| |    | | | |___ ___) || |   | |___|  _ <|  _ <| |_| |  _ < 
(_)    | |    |_| |_____|____/ |_|   |_____|_| \_\_| \_\\___/|_| \_\
        \_\                                                         

DataDriven Test For adding multiple students to the Student App
---------------------------------------------------------------------
53050 [CreateStudentDataDrivenTest-1-thread-3] ERROR  -     Test failed at step: POST
53051 [CreateStudentDataDrivenTest-1-thread-3] ERROR  -     Some exception during recording fields
53059 [CreateStudentDataDrivenTest-1-thread-9] INFO  - Test Suite Started: Create student data driven test
54278 [CreateStudentDataDrivenTest-1-thread-9] INFO  - 
 _____ _____ ____ _____   ____ _____  _    ____ _____ _____ ____  
|_   _| ____/ ___|_   _| / ___|_   _|/ \  |  _ \_   _| ____|  _ \ 
  | | |  _| \___ \ | |   \___ \ | | / _ \ | |_) || | |  _| | | | |
  | | | |___ ___) || |    ___) || |/ ___ \|  _ < | | | |___| |_| |
  |_| |_____|____/ |_|   |____/ |_/_/   \_\_| \_\|_| |_____|____/ 

createMultipleStudents[44]
-------------------------------------------------------------------
54279 [CreateStudentDataDrivenTest-1-thread-8] INFO  - Test Suite Started: Create student data driven test
55141 [CreateStudentDataDrivenTest-1-thread-8] INFO  - 
 _____ _____ ____ _____   ____ _____  _    ____ _____ _____ ____  
|_   _| ____/ ___|_   _| / ___|_   _|/ \  |  _ \_   _| ____|  _ \ 
  | | |  _| \___ \ | |   \___ \ | | / _ \ | |_) || | |  _| | | | |
  | | | |___ ___) || |    ___) || |/ ___ \|  _ < | | | |___| |_| |
  |_| |_____|____/ |_|   |____/ |_/_/   \_\_| \_\|_| |_____|____/ 

createMultipleStudents[39]
-------------------------------------------------------------------
55146 [CreateStudentDataDrivenTest-1-thread-14] ERROR  - 
         __  _____ _____ ____ _____   _____ ____  ____   ___  ____  
 _      / / |_   _| ____/ ___|_   _| | ____|  _ \|  _ \ / _ \|  _ \ 
(_)____| |    | | |  _| \___ \ | |   |  _| | |_) | |_) | | | | |_) |
 |_____| |    | | | |___ ___) || |   | |___|  _ <|  _ <| |_| |  _ < 
(_)    | |    |_| |_____|____/ |_|   |_____|_| \_\_| \_\\___/|_| \_\
        \_\                                                         

DataDriven Test For adding multiple students to the Student App
---------------------------------------------------------------------
55148 [CreateStudentDataDrivenTest-1-thread-14] ERROR  -     Test failed at step: POST
55149 [CreateStudentDataDrivenTest-1-thread-14] ERROR  -     Some exception during recording fields
]]></system-err>
  </testcase>
  <testcase name="createMultipleStudents[36]" classname="Junit.studentsinfo.CreateStudentDataDrivenTest" time="0.001">
    <error message="Connection refused: connect" type="java.net.ConnectException"><![CDATA[java.net.ConnectException: Connection refused: connect
	at Junit.studentsinfo.CreateStudentDataDrivenTest.createMultipleStudents(CreateStudentDataDrivenTest.java:76)
]]></error>
    <system-err><![CDATA[55155 [CreateStudentDataDrivenTest-1-thread-13] ERROR  - 
         __  _____ _____ ____ _____   _____ ____  ____   ___  ____  
 _      / / |_   _| ____/ ___|_   _| | ____|  _ \|  _ \ / _ \|  _ \ 
(_)____| |    | | |  _| \___ \ | |   |  _| | |_) | |_) | | | | |_) |
 |_____| |    | | | |___ ___) || |   | |___|  _ <|  _ <| |_| |  _ < 
(_)    | |    |_| |_____|____/ |_|   |_____|_| \_\_| \_\\___/|_| \_\
        \_\                                                         

DataDriven Test For adding multiple students to the Student App
---------------------------------------------------------------------
55155 [CreateStudentDataDrivenTest-1-thread-13] ERROR  -     Test failed at step: POST
55155 [CreateStudentDataDrivenTest-1-thread-13] ERROR  -     Some exception during recording fields
55158 [CreateStudentDataDrivenTest-1-thread-6] INFO  - Test Suite Started: Create student data driven test
56428 [CreateStudentDataDrivenTest-1-thread-6] INFO  - 
 _____ _____ ____ _____   ____ _____  _    ____ _____ _____ ____  
|_   _| ____/ ___|_   _| / ___|_   _|/ \  |  _ \_   _| ____|  _ \ 
  | | |  _| \___ \ | |   \___ \ | | / _ \ | |_) || | |  _| | | | |
  | | | |___ ___) || |    ___) || |/ ___ \|  _ < | | | |___| |_| |
  |_| |_____|____/ |_|   |____/ |_/_/   \_\_| \_\|_| |_____|____/ 

createMultipleStudents[41]
-------------------------------------------------------------------
56430 [CreateStudentDataDrivenTest-1-thread-7] ERROR  - 
         __  _____ _____ ____ _____   _____ ____  ____   ___  ____  
 _      / / |_   _| ____/ ___|_   _| | ____|  _ \|  _ \ / _ \|  _ \ 
(_)____| |    | | |  _| \___ \ | |   |  _| | |_) | |_) | | | | |_) |
 |_____| |    | | | |___ ___) || |   | |___|  _ <|  _ <| |_| |  _ < 
(_)    | |    |_| |_____|____/ |_|   |_____|_| \_\_| \_\\___/|_| \_\
        \_\                                                         

DataDriven Test For adding multiple students to the Student App
---------------------------------------------------------------------
56430 [CreateStudentDataDrivenTest-1-thread-7] ERROR  -     Test failed at step: POST
56430 [CreateStudentDataDrivenTest-1-thread-7] ERROR  -     Some exception during recording fields
]]></system-err>
  </testcase>
  <testcase name="createMultipleStudents[37]" classname="Junit.studentsinfo.CreateStudentDataDrivenTest" time="1.341">
    <error message="Connection refused: connect" type="java.net.ConnectException"><![CDATA[java.net.ConnectException: Connection refused: connect
	at Junit.studentsinfo.CreateStudentDataDrivenTest.createMultipleStudents(CreateStudentDataDrivenTest.java:76)
]]></error>
    <system-err><![CDATA[56437 [CreateStudentDataDrivenTest-1-thread-13] INFO  - Test Suite Started: Create student data driven test
57385 [CreateStudentDataDrivenTest-1-thread-13] INFO  - 
 _____ _____ ____ _____   ____ _____  _    ____ _____ _____ ____  
|_   _| ____/ ___|_   _| / ___|_   _|/ \  |  _ \_   _| ____|  _ \ 
  | | |  _| \___ \ | |   \___ \ | | / _ \ | |_) || | |  _| | | | |
  | | | |___ ___) || |    ___) || |/ ___ \|  _ < | | | |___| |_| |
  |_| |_____|____/ |_|   |____/ |_/_/   \_\_| \_\|_| |_____|____/ 

createMultipleStudents[46]
-------------------------------------------------------------------
57389 [CreateStudentDataDrivenTest-1-thread-11] INFO  - Test Suite Started: Create student data driven test
58722 [CreateStudentDataDrivenTest-1-thread-11] INFO  - 
 _____ _____ ____ _____   ____ _____  _    ____ _____ _____ ____  
|_   _| ____/ ___|_   _| / ___|_   _|/ \  |  _ \_   _| ____|  _ \ 
  | | |  _| \___ \ | |   \___ \ | | / _ \ | |_) || | |  _| | | | |
  | | | |___ ___) || |    ___) || |/ ___ \|  _ < | | | |___| |_| |
  |_| |_____|____/ |_|   |____/ |_/_/   \_\_| \_\|_| |_____|____/ 

createMultipleStudents[45]
-------------------------------------------------------------------
]]></system-err>
  </testcase>
  <testcase name="createMultipleStudents[32]" classname="Junit.studentsinfo.CreateStudentDataDrivenTest" time="1.355">
    <error message="Connection refused: connect" type="java.net.ConnectException"><![CDATA[java.net.ConnectException: Connection refused: connect
	at Junit.studentsinfo.CreateStudentDataDrivenTest.createMultipleStudents(CreateStudentDataDrivenTest.java:76)
]]></error>
    <system-err><![CDATA[58727 [CreateStudentDataDrivenTest-1-thread-4] ERROR  - 
         __  _____ _____ ____ _____   _____ ____  ____   ___  ____  
 _      / / |_   _| ____/ ___|_   _| | ____|  _ \|  _ \ / _ \|  _ \ 
(_)____| |    | | |  _| \___ \ | |   |  _| | |_) | |_) | | | | |_) |
 |_____| |    | | | |___ ___) || |   | |___|  _ <|  _ <| |_| |  _ < 
(_)    | |    |_| |_____|____/ |_|   |_____|_| \_\_| \_\\___/|_| \_\
        \_\                                                         

DataDriven Test For adding multiple students to the Student App
---------------------------------------------------------------------
58727 [CreateStudentDataDrivenTest-1-thread-4] ERROR  -     Test failed at step: POST
58728 [CreateStudentDataDrivenTest-1-thread-4] ERROR  -     Some exception during recording fields
]]></system-err>
  </testcase>
  <testcase name="createMultipleStudents[39]" classname="Junit.studentsinfo.CreateStudentDataDrivenTest" time="1.228">
    <error message="Connection refused: connect" type="java.net.ConnectException"><![CDATA[java.net.ConnectException: Connection refused: connect
	at Junit.studentsinfo.CreateStudentDataDrivenTest.createMultipleStudents(CreateStudentDataDrivenTest.java:76)
]]></error>
    <system-err><![CDATA[58732 [CreateStudentDataDrivenTest-1-thread-3] INFO  - Test Suite Started: Create student data driven test
59596 [CreateStudentDataDrivenTest-1-thread-3] INFO  - 
 _____ _____ ____ _____   ____ _____  _    ____ _____ _____ ____  
|_   _| ____/ ___|_   _| / ___|_   _|/ \  |  _ \_   _| ____|  _ \ 
  | | |  _| \___ \ | |   \___ \ | | / _ \ | |_) || | |  _| | | | |
  | | | |___ ___) || |    ___) || |/ ___ \|  _ < | | | |___| |_| |
  |_| |_____|____/ |_|   |____/ |_/_/   \_\_| \_\|_| |_____|____/ 

createMultipleStudents[43]
-------------------------------------------------------------------
59597 [CreateStudentDataDrivenTest-1-thread-2] INFO  - Test Suite Started: Create student data driven test
60818 [CreateStudentDataDrivenTest-1-thread-2] INFO  - 
 _____ _____ ____ _____   ____ _____  _    ____ _____ _____ ____  
|_   _| ____/ ___|_   _| / ___|_   _|/ \  |  _ \_   _| ____|  _ \ 
  | | |  _| \___ \ | |   \___ \ | | / _ \ | |_) || | |  _| | | | |
  | | | |___ ___) || |    ___) || |/ ___ \|  _ < | | | |___| |_| |
  |_| |_____|____/ |_|   |____/ |_/_/   \_\_| \_\|_| |_____|____/ 

createMultipleStudents[42]
-------------------------------------------------------------------
]]></system-err>
  </testcase>
  <testcase name="createMultipleStudents[38]" classname="Junit.studentsinfo.CreateStudentDataDrivenTest" time="1.242">
    <error message="Connection refused: connect" type="java.net.ConnectException"><![CDATA[java.net.ConnectException: Connection refused: connect
	at Junit.studentsinfo.CreateStudentDataDrivenTest.createMultipleStudents(CreateStudentDataDrivenTest.java:76)
]]></error>
    <system-err><![CDATA[60823 [CreateStudentDataDrivenTest-1-thread-8] ERROR  - 
         __  _____ _____ ____ _____   _____ ____  ____   ___  ____  
 _      / / |_   _| ____/ ___|_   _| | ____|  _ \|  _ \ / _ \|  _ \ 
(_)____| |    | | |  _| \___ \ | |   |  _| | |_) | |_) | | | | |_) |
 |_____| |    | | | |___ ___) || |   | |___|  _ <|  _ <| |_| |  _ < 
(_)    | |    |_| |_____|____/ |_|   |_____|_| \_\_| \_\\___/|_| \_\
        \_\                                                         

DataDriven Test For adding multiple students to the Student App
---------------------------------------------------------------------
60824 [CreateStudentDataDrivenTest-1-thread-8] ERROR  -     Test failed at step: POST
60824 [CreateStudentDataDrivenTest-1-thread-8] ERROR  -     Some exception during recording fields
]]></system-err>
  </testcase>
  <testcase name="createMultipleStudents[30]" classname="Junit.studentsinfo.CreateStudentDataDrivenTest" time="1.242">
    <error message="Connection refused: connect" type="java.net.ConnectException"><![CDATA[java.net.ConnectException: Connection refused: connect
	at Junit.studentsinfo.CreateStudentDataDrivenTest.createMultipleStudents(CreateStudentDataDrivenTest.java:76)
]]></error>
  </testcase>
  <testcase name="createMultipleStudents[46]" classname="Junit.studentsinfo.CreateStudentDataDrivenTest" time="0.804">
    <error message="Connection refused: connect" type="java.net.ConnectException"><![CDATA[java.net.ConnectException: Connection refused: connect
	at Junit.studentsinfo.CreateStudentDataDrivenTest.createMultipleStudents(CreateStudentDataDrivenTest.java:76)
]]></error>
    <system-err><![CDATA[60839 [CreateStudentDataDrivenTest-1-thread-15] INFO  - Test Suite Started: Create student data driven test
61641 [CreateStudentDataDrivenTest-1-thread-15] INFO  - 
 _____ _____ ____ _____   ____ _____  _    ____ _____ _____ ____  
|_   _| ____/ ___|_   _| / ___|_   _|/ \  |  _ \_   _| ____|  _ \ 
  | | |  _| \___ \ | |   \___ \ | | / _ \ | |_) || | |  _| | | | |
  | | | |___ ___) || |    ___) || |/ ___ \|  _ < | | | |___| |_| |
  |_| |_____|____/ |_|   |____/ |_/_/   \_\_| \_\|_| |_____|____/ 

createMultipleStudents[40]
-------------------------------------------------------------------
]]></system-err>
  </testcase>
  <testcase name="createMultipleStudents[41]" classname="Junit.studentsinfo.CreateStudentDataDrivenTest" time="0.798">
    <error message="Connection refused: connect" type="java.net.ConnectException"><![CDATA[java.net.ConnectException: Connection refused: connect
	at Junit.studentsinfo.CreateStudentDataDrivenTest.createMultipleStudents(CreateStudentDataDrivenTest.java:76)
]]></error>
    <system-err><![CDATA[61644 [CreateStudentDataDrivenTest-1-thread-7] INFO  - Test Suite Started: Create student data driven test
62877 [CreateStudentDataDrivenTest-1-thread-7] INFO  - 
 _____ _____ ____ _____   ____ _____  _    ____ _____ _____ ____  
|_   _| ____/ ___|_   _| / ___|_   _|/ \  |  _ \_   _| ____|  _ \ 
  | | |  _| \___ \ | |   \___ \ | | / _ \ | |_) || | |  _| | | | |
  | | | |___ ___) || |    ___) || |/ ___ \|  _ < | | | |___| |_| |
  |_| |_____|____/ |_|   |____/ |_/_/   \_\_| \_\|_| |_____|____/ 

createMultipleStudents[47]
-------------------------------------------------------------------
62878 [CreateStudentDataDrivenTest-1-thread-1] ERROR  - 
         __  _____ _____ ____ _____   _____ ____  ____   ___  ____  
 _      / / |_   _| ____/ ___|_   _| | ____|  _ \|  _ \ / _ \|  _ \ 
(_)____| |    | | |  _| \___ \ | |   |  _| | |_) | |_) | | | | |_) |
 |_____| |    | | | |___ ___) || |   | |___|  _ <|  _ <| |_| |  _ < 
(_)    | |    |_| |_____|____/ |_|   |_____|_| \_\_| \_\\___/|_| \_\
        \_\                                                         

DataDriven Test For adding multiple students to the Student App
---------------------------------------------------------------------
62879 [CreateStudentDataDrivenTest-1-thread-1] ERROR  -     Test failed at step: POST
62879 [CreateStudentDataDrivenTest-1-thread-1] ERROR  -     Some exception during recording fields
62880 [CreateStudentDataDrivenTest-1-thread-14] INFO  - Test Suite Started: Create student data driven test
63673 [CreateStudentDataDrivenTest-1-thread-14] INFO  - 
 _____ _____ ____ _____   ____ _____  _    ____ _____ _____ ____  
|_   _| ____/ ___|_   _| / ___|_   _|/ \  |  _ \_   _| ____|  _ \ 
  | | |  _| \___ \ | |   \___ \ | | / _ \ | |_) || | |  _| | | | |
  | | | |___ ___) || |    ___) || |/ ___ \|  _ < | | | |___| |_| |
  |_| |_____|____/ |_|   |____/ |_/_/   \_\_| \_\|_| |_____|____/ 

createMultipleStudents[49]
-------------------------------------------------------------------
]]></system-err>
  </testcase>
  <testcase name="createMultipleStudents[43]" classname="Junit.studentsinfo.CreateStudentDataDrivenTest" time="0.833">
    <error message="Connection refused: connect" type="java.net.ConnectException"><![CDATA[java.net.ConnectException: Connection refused: connect
	at Junit.studentsinfo.CreateStudentDataDrivenTest.createMultipleStudents(CreateStudentDataDrivenTest.java:76)
]]></error>
    <system-err><![CDATA[63678 [CreateStudentDataDrivenTest-1-thread-10] ERROR  - 
         __  _____ _____ ____ _____   _____ ____  ____   ___  ____  
 _      / / |_   _| ____/ ___|_   _| | ____|  _ \|  _ \ / _ \|  _ \ 
(_)____| |    | | |  _| \___ \ | |   |  _| | |_) | |_) | | | | |_) |
 |_____| |    | | | |___ ___) || |   | |___|  _ <|  _ <| |_| |  _ < 
(_)    | |    |_| |_____|____/ |_|   |_____|_| \_\_| \_\\___/|_| \_\
        \_\                                                         

DataDriven Test For adding multiple students to the Student App
---------------------------------------------------------------------
63678 [CreateStudentDataDrivenTest-1-thread-10] ERROR  -     Test failed at step: POST
63678 [CreateStudentDataDrivenTest-1-thread-10] ERROR  -     Some exception during recording fields
63680 [CreateStudentDataDrivenTest-1-thread-16] ERROR  - 
         __  _____ _____ ____ _____   _____ ____  ____   ___  ____  
 _      / / |_   _| ____/ ___|_   _| | ____|  _ \|  _ \ / _ \|  _ \ 
(_)____| |    | | |  _| \___ \ | |   |  _| | |_) | |_) | | | | |_) |
 |_____| |    | | | |___ ___) || |   | |___|  _ <|  _ <| |_| |  _ < 
(_)    | |    |_| |_____|____/ |_|   |_____|_| \_\_| \_\\___/|_| \_\
        \_\                                                         

DataDriven Test For adding multiple students to the Student App
---------------------------------------------------------------------
63680 [CreateStudentDataDrivenTest-1-thread-16] ERROR  -     Test failed at step: POST
63680 [CreateStudentDataDrivenTest-1-thread-16] ERROR  -     Some exception during recording fields
]]></system-err>
  </testcase>
  <testcase name="createMultipleStudents[45]" classname="Junit.studentsinfo.CreateStudentDataDrivenTest" time="2.029">
    <error message="Connection refused: connect" type="java.net.ConnectException"><![CDATA[java.net.ConnectException: Connection refused: connect
	at Junit.studentsinfo.CreateStudentDataDrivenTest.createMultipleStudents(CreateStudentDataDrivenTest.java:76)
]]></error>
    <system-err><![CDATA[63684 [CreateStudentDataDrivenTest-1-thread-4] INFO  - Test Suite Started: Create student data driven test
64863 [CreateStudentDataDrivenTest-1-thread-4] INFO  - 
 _____ _____ ____ _____   ____ _____  _    ____ _____ _____ ____  
|_   _| ____/ ___|_   _| / ___|_   _|/ \  |  _ \_   _| ____|  _ \ 
  | | |  _| \___ \ | |   \___ \ | | / _ \ | |_) || | |  _| | | | |
  | | | |___ ___) || |    ___) || |/ ___ \|  _ < | | | |___| |_| |
  |_| |_____|____/ |_|   |____/ |_/_/   \_\_| \_\|_| |_____|____/ 

createMultipleStudents[48]
-------------------------------------------------------------------
64864 [CreateStudentDataDrivenTest-1-thread-5] ERROR  - 
         __  _____ _____ ____ _____   _____ ____  ____   ___  ____  
 _      / / |_   _| ____/ ___|_   _| | ____|  _ \|  _ \ / _ \|  _ \ 
(_)____| |    | | |  _| \___ \ | |   |  _| | |_) | |_) | | | | |_) |
 |_____| |    | | | |___ ___) || |   | |___|  _ <|  _ <| |_| |  _ < 
(_)    | |    |_| |_____|____/ |_|   |_____|_| \_\_| \_\\___/|_| \_\
        \_\                                                         

DataDriven Test For adding multiple students to the Student App
---------------------------------------------------------------------
64865 [CreateStudentDataDrivenTest-1-thread-5] ERROR  -     Test failed at step: POST
64865 [CreateStudentDataDrivenTest-1-thread-5] ERROR  -     Some exception during recording fields
]]></system-err>
  </testcase>
  <testcase name="createMultipleStudents[44]" classname="Junit.studentsinfo.CreateStudentDataDrivenTest" time="2.029">
    <error message="Connection refused: connect" type="java.net.ConnectException"><![CDATA[java.net.ConnectException: Connection refused: connect
	at Junit.studentsinfo.CreateStudentDataDrivenTest.createMultipleStudents(CreateStudentDataDrivenTest.java:76)
]]></error>
  </testcase>
  <testcase name="createMultipleStudents[42]" classname="Junit.studentsinfo.CreateStudentDataDrivenTest" time="2.057">
    <error message="Connection refused: connect" type="java.net.ConnectException"><![CDATA[java.net.ConnectException: Connection refused: connect
	at Junit.studentsinfo.CreateStudentDataDrivenTest.createMultipleStudents(CreateStudentDataDrivenTest.java:76)
]]></error>
    <system-err><![CDATA[64868 [CreateStudentDataDrivenTest-1-thread-13] ERROR  - 
         __  _____ _____ ____ _____   _____ ____  ____   ___  ____  
 _      / / |_   _| ____/ ___|_   _| | ____|  _ \|  _ \ / _ \|  _ \ 
(_)____| |    | | |  _| \___ \ | |   |  _| | |_) | |_) | | | | |_) |
 |_____| |    | | | |___ ___) || |   | |___|  _ <|  _ <| |_| |  _ < 
(_)    | |    |_| |_____|____/ |_|   |_____|_| \_\_| \_\\___/|_| \_\
        \_\                                                         

DataDriven Test For adding multiple students to the Student App
---------------------------------------------------------------------
64869 [CreateStudentDataDrivenTest-1-thread-13] ERROR  -     Test failed at step: POST
64869 [CreateStudentDataDrivenTest-1-thread-13] ERROR  -     Some exception during recording fields
64871 [CreateStudentDataDrivenTest-1-thread-12] ERROR  - 
         __  _____ _____ ____ _____   _____ ____  ____   ___  ____  
 _      / / |_   _| ____/ ___|_   _| | ____|  _ \|  _ \ / _ \|  _ \ 
(_)____| |    | | |  _| \___ \ | |   |  _| | |_) | |_) | | | | |_) |
 |_____| |    | | | |___ ___) || |   | |___|  _ <|  _ <| |_| |  _ < 
(_)    | |    |_| |_____|____/ |_|   |_____|_| \_\_| \_\\___/|_| \_\
        \_\                                                         

DataDriven Test For adding multiple students to the Student App
---------------------------------------------------------------------
64871 [CreateStudentDataDrivenTest-1-thread-12] ERROR  -     Test failed at step: POST
64872 [CreateStudentDataDrivenTest-1-thread-12] ERROR  -     Some exception during recording fields
64878 [CreateStudentDataDrivenTest-1-thread-9] ERROR  - 
         __  _____ _____ ____ _____   _____ ____  ____   ___  ____  
 _      / / |_   _| ____/ ___|_   _| | ____|  _ \|  _ \ / _ \|  _ \ 
(_)____| |    | | |  _| \___ \ | |   |  _| | |_) | |_) | | | | |_) |
 |_____| |    | | | |___ ___) || |   | |___|  _ <|  _ <| |_| |  _ < 
(_)    | |    |_| |_____|____/ |_|   |_____|_| \_\_| \_\\___/|_| \_\
        \_\                                                         

DataDriven Test For adding multiple students to the Student App
---------------------------------------------------------------------
64878 [CreateStudentDataDrivenTest-1-thread-9] ERROR  -     Test failed at step: POST
64879 [CreateStudentDataDrivenTest-1-thread-9] ERROR  -     Some exception during recording fields
64887 [CreateStudentDataDrivenTest-1-thread-11] ERROR  - 
         __  _____ _____ ____ _____   _____ ____  ____   ___  ____  
 _      / / |_   _| ____/ ___|_   _| | ____|  _ \|  _ \ / _ \|  _ \ 
(_)____| |    | | |  _| \___ \ | |   |  _| | |_) | |_) | | | | |_) |
 |_____| |    | | | |___ ___) || |   | |___|  _ <|  _ <| |_| |  _ < 
(_)    | |    |_| |_____|____/ |_|   |_____|_| \_\_| \_\\___/|_| \_\
        \_\                                                         

DataDriven Test For adding multiple students to the Student App
---------------------------------------------------------------------
64888 [CreateStudentDataDrivenTest-1-thread-11] ERROR  -     Test failed at step: POST
64888 [CreateStudentDataDrivenTest-1-thread-11] ERROR  -     Some exception during recording fields
]]></system-err>
  </testcase>
  <testcase name="createMultipleStudents[40]" classname="Junit.studentsinfo.CreateStudentDataDrivenTest" time="0.784">
    <error message="Connection refused: connect" type="java.net.ConnectException"><![CDATA[java.net.ConnectException: Connection refused: connect
	at Junit.studentsinfo.CreateStudentDataDrivenTest.createMultipleStudents(CreateStudentDataDrivenTest.java:76)
]]></error>
    <system-err><![CDATA[64897 [CreateStudentDataDrivenTest-1-thread-3] ERROR  - 
         __  _____ _____ ____ _____   _____ ____  ____   ___  ____  
 _      / / |_   _| ____/ ___|_   _| | ____|  _ \|  _ \ / _ \|  _ \ 
(_)____| |    | | |  _| \___ \ | |   |  _| | |_) | |_) | | | | |_) |
 |_____| |    | | | |___ ___) || |   | |___|  _ <|  _ <| |_| |  _ < 
(_)    | |    |_| |_____|____/ |_|   |_____|_| \_\_| \_\\___/|_| \_\
        \_\                                                         

DataDriven Test For adding multiple students to the Student App
---------------------------------------------------------------------
64897 [CreateStudentDataDrivenTest-1-thread-3] ERROR  -     Test failed at step: POST
64897 [CreateStudentDataDrivenTest-1-thread-3] ERROR  -     Some exception during recording fields
64901 [CreateStudentDataDrivenTest-1-thread-8] INFO  - Test Suite Started: Create student data driven test
65729 [CreateStudentDataDrivenTest-1-thread-8] INFO  - 
 _____ _____ ____ _____   ____ _____  _    ____ _____ _____ ____  
|_   _| ____/ ___|_   _| / ___|_   _|/ \  |  _ \_   _| ____|  _ \ 
  | | |  _| \___ \ | |   \___ \ | | / _ \ | |_) || | |  _| | | | |
  | | | |___ ___) || |    ___) || |/ ___ \|  _ < | | | |___| |_| |
  |_| |_____|____/ |_|   |____/ |_/_/   \_\_| \_\|_| |_____|____/ 

createMultipleStudents[50]
-------------------------------------------------------------------
]]></system-err>
  </testcase>
  <testcase name="createMultipleStudents[50]" classname="Junit.studentsinfo.CreateStudentDataDrivenTest" time="5.147">
    <error message="Connection refused: connect" type="java.net.ConnectException"><![CDATA[java.net.ConnectException: Connection refused: connect
	at Junit.studentsinfo.CreateStudentDataDrivenTest.createMultipleStudents(CreateStudentDataDrivenTest.java:76)
]]></error>
    <system-err><![CDATA[65734 [CreateStudentDataDrivenTest-1-thread-2] ERROR  - 
         __  _____ _____ ____ _____   _____ ____  ____   ___  ____  
 _      / / |_   _| ____/ ___|_   _| | ____|  _ \|  _ \ / _ \|  _ \ 
(_)____| |    | | |  _| \___ \ | |   |  _| | |_) | |_) | | | | |_) |
 |_____| |    | | | |___ ___) || |   | |___|  _ <|  _ <| |_| |  _ < 
(_)    | |    |_| |_____|____/ |_|   |_____|_| \_\_| \_\\___/|_| \_\
        \_\                                                         

DataDriven Test For adding multiple students to the Student App
---------------------------------------------------------------------
65734 [CreateStudentDataDrivenTest-1-thread-2] ERROR  -     Test failed at step: POST
65734 [CreateStudentDataDrivenTest-1-thread-2] ERROR  -     Some exception during recording fields
65738 [CreateStudentDataDrivenTest-1-thread-1] INFO  - Test Suite Started: Create student data driven test
66934 [CreateStudentDataDrivenTest-1-thread-1] INFO  - 
 _____ _____ ____ _____   ____ _____  _    ____ _____ _____ ____  
|_   _| ____/ ___|_   _| / ___|_   _|/ \  |  _ \_   _| ____|  _ \ 
  | | |  _| \___ \ | |   \___ \ | | / _ \ | |_) || | |  _| | | | |
  | | | |___ ___) || |    ___) || |/ ___ \|  _ < | | | |___| |_| |
  |_| |_____|____/ |_|   |____/ |_/_/   \_\_| \_\|_| |_____|____/ 

createMultipleStudents[51]
-------------------------------------------------------------------
66935 [CreateStudentDataDrivenTest-1-thread-13] INFO  - Test Suite Started: Create student data driven test
67769 [CreateStudentDataDrivenTest-1-thread-13] INFO  - 
 _____ _____ ____ _____   ____ _____  _    ____ _____ _____ ____  
|_   _| ____/ ___|_   _| / ___|_   _|/ \  |  _ \_   _| ____|  _ \ 
  | | |  _| \___ \ | |   \___ \ | | / _ \ | |_) || | |  _| | | | |
  | | | |___ ___) || |    ___) || |/ ___ \|  _ < | | | |___| |_| |
  |_| |_____|____/ |_|   |____/ |_/_/   \_\_| \_\|_| |_____|____/ 

createMultipleStudents[52]
-------------------------------------------------------------------
67769 [CreateStudentDataDrivenTest-1-thread-11] INFO  - Test Suite Started: Create student data driven test
68938 [CreateStudentDataDrivenTest-1-thread-11] INFO  - 
 _____ _____ ____ _____   ____ _____  _    ____ _____ _____ ____  
|_   _| ____/ ___|_   _| / ___|_   _|/ \  |  _ \_   _| ____|  _ \ 
  | | |  _| \___ \ | |   \___ \ | | / _ \ | |_) || | |  _| | | | |
  | | | |___ ___) || |    ___) || |/ ___ \|  _ < | | | |___| |_| |
  |_| |_____|____/ |_|   |____/ |_/_/   \_\_| \_\|_| |_____|____/ 

createMultipleStudents[55]
-------------------------------------------------------------------
68939 [CreateStudentDataDrivenTest-1-thread-16] INFO  - Test Suite Started: Create student data driven test
69737 [CreateStudentDataDrivenTest-1-thread-16] INFO  - 
 _____ _____ ____ _____   ____ _____  _    ____ _____ _____ ____  
|_   _| ____/ ___|_   _| / ___|_   _|/ \  |  _ \_   _| ____|  _ \ 
  | | |  _| \___ \ | |   \___ \ | | / _ \ | |_) || | |  _| | | | |
  | | | |___ ___) || |    ___) || |/ ___ \|  _ < | | | |___| |_| |
  |_| |_____|____/ |_|   |____/ |_/_/   \_\_| \_\|_| |_____|____/ 

createMultipleStudents[58]
-------------------------------------------------------------------
69738 [CreateStudentDataDrivenTest-1-thread-10] INFO  - Test Suite Started: Create student data driven test
70878 [CreateStudentDataDrivenTest-1-thread-10] INFO  - 
 _____ _____ ____ _____   ____ _____  _    ____ _____ _____ ____  
|_   _| ____/ ___|_   _| / ___|_   _|/ \  |  _ \_   _| ____|  _ \ 
  | | |  _| \___ \ | |   \___ \ | | / _ \ | |_) || | |  _| | | | |
  | | | |___ ___) || |    ___) || |/ ___ \|  _ < | | | |___| |_| |
  |_| |_____|____/ |_|   |____/ |_/_/   \_\_| \_\|_| |_____|____/ 

createMultipleStudents[59]
-------------------------------------------------------------------
70879 [CreateStudentDataDrivenTest-1-thread-6] ERROR  - 
         __  _____ _____ ____ _____   _____ ____  ____   ___  ____  
 _      / / |_   _| ____/ ___|_   _| | ____|  _ \|  _ \ / _ \|  _ \ 
(_)____| |    | | |  _| \___ \ | |   |  _| | |_) | |_) | | | | |_) |
 |_____| |    | | | |___ ___) || |   | |___|  _ <|  _ <| |_| |  _ < 
(_)    | |    |_| |_____|____/ |_|   |_____|_| \_\_| \_\\___/|_| \_\
        \_\                                                         

DataDriven Test For adding multiple students to the Student App
---------------------------------------------------------------------
70880 [CreateStudentDataDrivenTest-1-thread-6] ERROR  -     Test failed at step: POST
70880 [CreateStudentDataDrivenTest-1-thread-6] ERROR  -     Some exception during recording fields
]]></system-err>
  </testcase>
  <testcase name="createMultipleStudents[48]" classname="Junit.studentsinfo.CreateStudentDataDrivenTest" time="5.153">
    <error message="Connection refused: connect" type="java.net.ConnectException"><![CDATA[java.net.ConnectException: Connection refused: connect
	at Junit.studentsinfo.CreateStudentDataDrivenTest.createMultipleStudents(CreateStudentDataDrivenTest.java:76)
]]></error>
    <system-err><![CDATA[70883 [CreateStudentDataDrivenTest-1-thread-15] ERROR  - 
         __  _____ _____ ____ _____   _____ ____  ____   ___  ____  
 _      / / |_   _| ____/ ___|_   _| | ____|  _ \|  _ \ / _ \|  _ \ 
(_)____| |    | | |  _| \___ \ | |   |  _| | |_) | |_) | | | | |_) |
 |_____| |    | | | |___ ___) || |   | |___|  _ <|  _ <| |_| |  _ < 
(_)    | |    |_| |_____|____/ |_|   |_____|_| \_\_| \_\\___/|_| \_\
        \_\                                                         

DataDriven Test For adding multiple students to the Student App
---------------------------------------------------------------------
70883 [CreateStudentDataDrivenTest-1-thread-15] ERROR  -     Test failed at step: POST
70883 [CreateStudentDataDrivenTest-1-thread-15] ERROR  -     Some exception during recording fields
]]></system-err>
  </testcase>
  <testcase name="createMultipleStudents[49]" classname="Junit.studentsinfo.CreateStudentDataDrivenTest" time="7.167">
    <error message="Connection refused: connect" type="java.net.ConnectException"><![CDATA[java.net.ConnectException: Connection refused: connect
	at Junit.studentsinfo.CreateStudentDataDrivenTest.createMultipleStudents(CreateStudentDataDrivenTest.java:76)
]]></error>
    <system-err><![CDATA[70885 [CreateStudentDataDrivenTest-1-thread-3] INFO  - Test Suite Started: Create student data driven test
71687 [CreateStudentDataDrivenTest-1-thread-3] INFO  - 
 _____ _____ ____ _____   ____ _____  _    ____ _____ _____ ____  
|_   _| ____/ ___|_   _| / ___|_   _|/ \  |  _ \_   _| ____|  _ \ 
  | | |  _| \___ \ | |   \___ \ | | / _ \ | |_) || | |  _| | | | |
  | | | |___ ___) || |    ___) || |/ ___ \|  _ < | | | |___| |_| |
  |_| |_____|____/ |_|   |____/ |_/_/   \_\_| \_\|_| |_____|____/ 

createMultipleStudents[57]
-------------------------------------------------------------------
71688 [CreateStudentDataDrivenTest-1-thread-5] INFO  - Test Suite Started: Create student data driven test
72906 [CreateStudentDataDrivenTest-1-thread-5] INFO  - 
 _____ _____ ____ _____   ____ _____  _    ____ _____ _____ ____  
|_   _| ____/ ___|_   _| / ___|_   _|/ \  |  _ \_   _| ____|  _ \ 
  | | |  _| \___ \ | |   \___ \ | | / _ \ | |_) || | |  _| | | | |
  | | | |___ ___) || |    ___) || |/ ___ \|  _ < | | | |___| |_| |
  |_| |_____|____/ |_|   |____/ |_/_/   \_\_| \_\|_| |_____|____/ 

createMultipleStudents[56]
-------------------------------------------------------------------
]]></system-err>
  </testcase>
  <testcase name="createMultipleStudents[47]" classname="Junit.studentsinfo.CreateStudentDataDrivenTest" time="7.938">
    <error message="Connection refused: connect" type="java.net.ConnectException"><![CDATA[java.net.ConnectException: Connection refused: connect
	at Junit.studentsinfo.CreateStudentDataDrivenTest.createMultipleStudents(CreateStudentDataDrivenTest.java:76)
]]></error>
    <system-err><![CDATA[72909 [CreateStudentDataDrivenTest-1-thread-9] INFO  - Test Suite Started: Create student data driven test
73675 [CreateStudentDataDrivenTest-1-thread-9] INFO  - 
 _____ _____ ____ _____   ____ _____  _    ____ _____ _____ ____  
|_   _| ____/ ___|_   _| / ___|_   _|/ \  |  _ \_   _| ____|  _ \ 
  | | |  _| \___ \ | |   \___ \ | | / _ \ | |_) || | |  _| | | | |
  | | | |___ ___) || |    ___) || |/ ___ \|  _ < | | | |___| |_| |
  |_| |_____|____/ |_|   |____/ |_/_/   \_\_| \_\|_| |_____|____/ 

createMultipleStudents[54]
-------------------------------------------------------------------
]]></system-err>
  </testcase>
  <testcase name="createMultipleStudents[59]" classname="Junit.studentsinfo.CreateStudentDataDrivenTest" time="1.256">
    <error message="Connection refused: connect" type="java.net.ConnectException"><![CDATA[java.net.ConnectException: Connection refused: connect
	at Junit.studentsinfo.CreateStudentDataDrivenTest.createMultipleStudents(CreateStudentDataDrivenTest.java:76)
]]></error>
    <system-err><![CDATA[73679 [CreateStudentDataDrivenTest-1-thread-12] INFO  - Test Suite Started: Create student data driven test
74918 [CreateStudentDataDrivenTest-1-thread-12] INFO  - 
 _____ _____ ____ _____   ____ _____  _    ____ _____ _____ ____  
|_   _| ____/ ___|_   _| / ___|_   _|/ \  |  _ \_   _| ____|  _ \ 
  | | |  _| \___ \ | |   \___ \ | | / _ \ | |_) || | |  _| | | | |
  | | | |___ ___) || |    ___) || |/ ___ \|  _ < | | | |___| |_| |
  |_| |_____|____/ |_|   |____/ |_/_/   \_\_| \_\|_| |_____|____/ 

createMultipleStudents[53]
-------------------------------------------------------------------
]]></system-err>
  </testcase>
  <testcase name="createMultipleStudents[58]" classname="Junit.studentsinfo.CreateStudentDataDrivenTest" time="1.263">
    <error message="Connection refused: connect" type="java.net.ConnectException"><![CDATA[java.net.ConnectException: Connection refused: connect
	at Junit.studentsinfo.CreateStudentDataDrivenTest.createMultipleStudents(CreateStudentDataDrivenTest.java:76)
]]></error>
    <system-err><![CDATA[74922 [CreateStudentDataDrivenTest-1-thread-10] ERROR  - 
         __  _____ _____ ____ _____   _____ ____  ____   ___  ____  
 _      / / |_   _| ____/ ___|_   _| | ____|  _ \|  _ \ / _ \|  _ \ 
(_)____| |    | | |  _| \___ \ | |   |  _| | |_) | |_) | | | | |_) |
 |_____| |    | | | |___ ___) || |   | |___|  _ <|  _ <| |_| |  _ < 
(_)    | |    |_| |_____|____/ |_|   |_____|_| \_\_| \_\\___/|_| \_\
        \_\                                                         

DataDriven Test For adding multiple students to the Student App
---------------------------------------------------------------------
74922 [CreateStudentDataDrivenTest-1-thread-10] ERROR  -     Test failed at step: POST
74922 [CreateStudentDataDrivenTest-1-thread-10] ERROR  -     Some exception during recording fields
]]></system-err>
  </testcase>
  <testcase name="createMultipleStudents[55]" classname="Junit.studentsinfo.CreateStudentDataDrivenTest" time="2.018">
    <error message="Connection refused: connect" type="java.net.ConnectException"><![CDATA[java.net.ConnectException: Connection refused: connect
	at Junit.studentsinfo.CreateStudentDataDrivenTest.createMultipleStudents(CreateStudentDataDrivenTest.java:76)
]]></error>
    <system-err><![CDATA[74927 [CreateStudentDataDrivenTest-1-thread-16] ERROR  - 
         __  _____ _____ ____ _____   _____ ____  ____   ___  ____  
 _      / / |_   _| ____/ ___|_   _| | ____|  _ \|  _ \ / _ \|  _ \ 
(_)____| |    | | |  _| \___ \ | |   |  _| | |_) | |_) | | | | |_) |
 |_____| |    | | | |___ ___) || |   | |___|  _ <|  _ <| |_| |  _ < 
(_)    | |    |_| |_____|____/ |_|   |_____|_| \_\_| \_\\___/|_| \_\
        \_\                                                         

DataDriven Test For adding multiple students to the Student App
---------------------------------------------------------------------
74928 [CreateStudentDataDrivenTest-1-thread-16] ERROR  -     Test failed at step: POST
74928 [CreateStudentDataDrivenTest-1-thread-16] ERROR  -     Some exception during recording fields
74930 [CreateStudentDataDrivenTest-1-thread-2] INFO  - Test Suite Started: Create student data driven test
75688 [CreateStudentDataDrivenTest-1-thread-2] INFO  - 
 _____ _____ ____ _____   ____ _____  _    ____ _____ _____ ____  
|_   _| ____/ ___|_   _| / ___|_   _|/ \  |  _ \_   _| ____|  _ \ 
  | | |  _| \___ \ | |   \___ \ | | / _ \ | |_) || | |  _| | | | |
  | | | |___ ___) || |    ___) || |/ ___ \|  _ < | | | |___| |_| |
  |_| |_____|____/ |_|   |____/ |_/_/   \_\_| \_\|_| |_____|____/ 

createMultipleStudents[60]
-------------------------------------------------------------------
]]></system-err>
  </testcase>
  <testcase name="createMultipleStudents[52]" classname="Junit.studentsinfo.CreateStudentDataDrivenTest" time="2.05">
    <error message="Connection refused: connect" type="java.net.ConnectException"><![CDATA[java.net.ConnectException: Connection refused: connect
	at Junit.studentsinfo.CreateStudentDataDrivenTest.createMultipleStudents(CreateStudentDataDrivenTest.java:76)
]]></error>
    <system-err><![CDATA[75692 [CreateStudentDataDrivenTest-1-thread-11] ERROR  - 
         __  _____ _____ ____ _____   _____ ____  ____   ___  ____  
 _      / / |_   _| ____/ ___|_   _| | ____|  _ \|  _ \ / _ \|  _ \ 
(_)____| |    | | |  _| \___ \ | |   |  _| | |_) | |_) | | | | |_) |
 |_____| |    | | | |___ ___) || |   | |___|  _ <|  _ <| |_| |  _ < 
(_)    | |    |_| |_____|____/ |_|   |_____|_| \_\_| \_\\___/|_| \_\
        \_\                                                         

DataDriven Test For adding multiple students to the Student App
---------------------------------------------------------------------
75693 [CreateStudentDataDrivenTest-1-thread-11] ERROR  -     Test failed at step: POST
75693 [CreateStudentDataDrivenTest-1-thread-11] ERROR  -     Some exception during recording fields
]]></system-err>
  </testcase>
  <testcase name="createMultipleStudents[51]" classname="Junit.studentsinfo.CreateStudentDataDrivenTest" time="2.05">
    <error message="Connection refused: connect" type="java.net.ConnectException"><![CDATA[java.net.ConnectException: Connection refused: connect
	at Junit.studentsinfo.CreateStudentDataDrivenTest.createMultipleStudents(CreateStudentDataDrivenTest.java:76)
]]></error>
  </testcase>
  <testcase name="createMultipleStudents[54]" classname="Junit.studentsinfo.CreateStudentDataDrivenTest" time="0">
    <error message="Connection refused: connect" type="java.net.ConnectException"><![CDATA[java.net.ConnectException: Connection refused: connect
	at Junit.studentsinfo.CreateStudentDataDrivenTest.createMultipleStudents(CreateStudentDataDrivenTest.java:76)
]]></error>
    <system-err><![CDATA[75701 [CreateStudentDataDrivenTest-1-thread-1] ERROR  - 
         __  _____ _____ ____ _____   _____ ____  ____   ___  ____  
 _      / / |_   _| ____/ ___|_   _| | ____|  _ \|  _ \ / _ \|  _ \ 
(_)____| |    | | |  _| \___ \ | |   |  _| | |_) | |_) | | | | |_) |
 |_____| |    | | | |___ ___) || |   | |___|  _ <|  _ <| |_| |  _ < 
(_)    | |    |_| |_____|____/ |_|   |_____|_| \_\_| \_\\___/|_| \_\
        \_\                                                         

DataDriven Test For adding multiple students to the Student App
---------------------------------------------------------------------
75701 [CreateStudentDataDrivenTest-1-thread-1] ERROR  -     Test failed at step: POST
75701 [CreateStudentDataDrivenTest-1-thread-1] ERROR  -     Some exception during recording fields
75707 [CreateStudentDataDrivenTest-1-thread-8] ERROR  - 
         __  _____ _____ ____ _____   _____ ____  ____   ___  ____  
 _      / / |_   _| ____/ ___|_   _| | ____|  _ \|  _ \ / _ \|  _ \ 
(_)____| |    | | |  _| \___ \ | |   |  _| | |_) | |_) | | | | |_) |
 |_____| |    | | | |___ ___) || |   | |___|  _ <|  _ <| |_| |  _ < 
(_)    | |    |_| |_____|____/ |_|   |_____|_| \_\_| \_\\___/|_| \_\
        \_\                                                         

DataDriven Test For adding multiple students to the Student App
---------------------------------------------------------------------
75708 [CreateStudentDataDrivenTest-1-thread-8] ERROR  -     Test failed at step: POST
75708 [CreateStudentDataDrivenTest-1-thread-8] ERROR  -     Some exception during recording fields
75710 [CreateStudentDataDrivenTest-1-thread-1] INFO  - Test Suite Started: Create student data driven test
76865 [CreateStudentDataDrivenTest-1-thread-1] INFO  - 
 _____ _____ ____ _____   ____ _____  _    ____ _____ _____ ____  
|_   _| ____/ ___|_   _| / ___|_   _|/ \  |  _ \_   _| ____|  _ \ 
  | | |  _| \___ \ | |   \___ \ | | / _ \ | |_) || | |  _| | | | |
  | | | |___ ___) || |    ___) || |/ ___ \|  _ < | | | |___| |_| |
  |_| |_____|____/ |_|   |____/ |_/_/   \_\_| \_\|_| |_____|____/ 

createMultipleStudents[63]
-------------------------------------------------------------------
76868 [CreateStudentDataDrivenTest-1-thread-8] INFO  - Test Suite Started: Create student data driven test
77705 [CreateStudentDataDrivenTest-1-thread-8] INFO  - 
 _____ _____ ____ _____   ____ _____  _    ____ _____ _____ ____  
|_   _| ____/ ___|_   _| / ___|_   _|/ \  |  _ \_   _| ____|  _ \ 
  | | |  _| \___ \ | |   \___ \ | | / _ \ | |_) || | |  _| | | | |
  | | | |___ ___) || |    ___) || |/ ___ \|  _ < | | | |___| |_| |
  |_| |_____|____/ |_|   |____/ |_/_/   \_\_| \_\|_| |_____|____/ 

createMultipleStudents[64]
-------------------------------------------------------------------
77709 [CreateStudentDataDrivenTest-1-thread-14] ERROR  - 
         __  _____ _____ ____ _____   _____ ____  ____   ___  ____  
 _      / / |_   _| ____/ ___|_   _| | ____|  _ \|  _ \ / _ \|  _ \ 
(_)____| |    | | |  _| \___ \ | |   |  _| | |_) | |_) | | | | |_) |
 |_____| |    | | | |___ ___) || |   | |___|  _ <|  _ <| |_| |  _ < 
(_)    | |    |_| |_____|____/ |_|   |_____|_| \_\_| \_\\___/|_| \_\
        \_\                                                         

DataDriven Test For adding multiple students to the Student App
---------------------------------------------------------------------
77709 [CreateStudentDataDrivenTest-1-thread-14] ERROR  -     Test failed at step: POST
77710 [CreateStudentDataDrivenTest-1-thread-14] ERROR  -     Some exception during recording fields
77713 [CreateStudentDataDrivenTest-1-thread-11] INFO  - Test Suite Started: Create student data driven test
78857 [CreateStudentDataDrivenTest-1-thread-11] INFO  - 
 _____ _____ ____ _____   ____ _____  _    ____ _____ _____ ____  
|_   _| ____/ ___|_   _| / ___|_   _|/ \  |  _ \_   _| ____|  _ \ 
  | | |  _| \___ \ | |   \___ \ | | / _ \ | |_) || | |  _| | | | |
  | | | |___ ___) || |    ___) || |/ ___ \|  _ < | | | |___| |_| |
  |_| |_____|____/ |_|   |____/ |_/_/   \_\_| \_\|_| |_____|____/ 

createMultipleStudents[66]
-------------------------------------------------------------------
78858 [CreateStudentDataDrivenTest-1-thread-16] INFO  - Test Suite Started: Create student data driven test
79630 [CreateStudentDataDrivenTest-1-thread-16] INFO  - 
 _____ _____ ____ _____   ____ _____  _    ____ _____ _____ ____  
|_   _| ____/ ___|_   _| / ___|_   _|/ \  |  _ \_   _| ____|  _ \ 
  | | |  _| \___ \ | |   \___ \ | | / _ \ | |_) || | |  _| | | | |
  | | | |___ ___) || |    ___) || |/ ___ \|  _ < | | | |___| |_| |
  |_| |_____|____/ |_|   |____/ |_/_/   \_\_| \_\|_| |_____|____/ 

createMultipleStudents[62]
-------------------------------------------------------------------
79633 [CreateStudentDataDrivenTest-1-thread-7] ERROR  - 
         __  _____ _____ ____ _____   _____ ____  ____   ___  ____  
 _      / / |_   _| ____/ ___|_   _| | ____|  _ \|  _ \ / _ \|  _ \ 
(_)____| |    | | |  _| \___ \ | |   |  _| | |_) | |_) | | | | |_) |
 |_____| |    | | | |___ ___) || |   | |___|  _ <|  _ <| |_| |  _ < 
(_)    | |    |_| |_____|____/ |_|   |_____|_| \_\_| \_\\___/|_| \_\
        \_\                                                         

DataDriven Test For adding multiple students to the Student App
---------------------------------------------------------------------
79634 [CreateStudentDataDrivenTest-1-thread-7] ERROR  -     Test failed at step: POST
79634 [CreateStudentDataDrivenTest-1-thread-7] ERROR  -     Some exception during recording fields
]]></system-err>
  </testcase>
  <testcase name="createMultipleStudents[56]" classname="Junit.studentsinfo.CreateStudentDataDrivenTest" time="0.01">
    <error message="Connection refused: connect" type="java.net.ConnectException"><![CDATA[java.net.ConnectException: Connection refused: connect
	at Junit.studentsinfo.CreateStudentDataDrivenTest.createMultipleStudents(CreateStudentDataDrivenTest.java:76)
]]></error>
    <system-err><![CDATA[79637 [CreateStudentDataDrivenTest-1-thread-4] ERROR  - 
         __  _____ _____ ____ _____   _____ ____  ____   ___  ____  
 _      / / |_   _| ____/ ___|_   _| | ____|  _ \|  _ \ / _ \|  _ \ 
(_)____| |    | | |  _| \___ \ | |   |  _| | |_) | |_) | | | | |_) |
 |_____| |    | | | |___ ___) || |   | |___|  _ <|  _ <| |_| |  _ < 
(_)    | |    |_| |_____|____/ |_|   |_____|_| \_\_| \_\\___/|_| \_\
        \_\                                                         

DataDriven Test For adding multiple students to the Student App
---------------------------------------------------------------------
79637 [CreateStudentDataDrivenTest-1-thread-4] ERROR  -     Test failed at step: POST
79637 [CreateStudentDataDrivenTest-1-thread-4] ERROR  -     Some exception during recording fields
79640 [CreateStudentDataDrivenTest-1-thread-13] ERROR  - 
         __  _____ _____ ____ _____   _____ ____  ____   ___  ____  
 _      / / |_   _| ____/ ___|_   _| | ____|  _ \|  _ \ / _ \|  _ \ 
(_)____| |    | | |  _| \___ \ | |   |  _| | |_) | |_) | | | | |_) |
 |_____| |    | | | |___ ___) || |   | |___|  _ <|  _ <| |_| |  _ < 
(_)    | |    |_| |_____|____/ |_|   |_____|_| \_\_| \_\\___/|_| \_\
        \_\                                                         

DataDriven Test For adding multiple students to the Student App
---------------------------------------------------------------------
79641 [CreateStudentDataDrivenTest-1-thread-13] ERROR  -     Test failed at step: POST
79641 [CreateStudentDataDrivenTest-1-thread-13] ERROR  -     Some exception during recording fields
]]></system-err>
  </testcase>
  <testcase name="createMultipleStudents[60]" classname="Junit.studentsinfo.CreateStudentDataDrivenTest" time="1.166">
    <error message="Connection refused: connect" type="java.net.ConnectException"><![CDATA[java.net.ConnectException: Connection refused: connect
	at Junit.studentsinfo.CreateStudentDataDrivenTest.createMultipleStudents(CreateStudentDataDrivenTest.java:76)
]]></error>
    <system-err><![CDATA[79653 [CreateStudentDataDrivenTest-1-thread-5] ERROR  - 
         __  _____ _____ ____ _____   _____ ____  ____   ___  ____  
 _      / / |_   _| ____/ ___|_   _| | ____|  _ \|  _ \ / _ \|  _ \ 
(_)____| |    | | |  _| \___ \ | |   |  _| | |_) | |_) | | | | |_) |
 |_____| |    | | | |___ ___) || |   | |___|  _ <|  _ <| |_| |  _ < 
(_)    | |    |_| |_____|____/ |_|   |_____|_| \_\_| \_\\___/|_| \_\
        \_\                                                         

DataDriven Test For adding multiple students to the Student App
---------------------------------------------------------------------
79653 [CreateStudentDataDrivenTest-1-thread-5] ERROR  -     Test failed at step: POST
79654 [CreateStudentDataDrivenTest-1-thread-5] ERROR  -     Some exception during recording fields
79660 [CreateStudentDataDrivenTest-1-thread-6] INFO  - Test Suite Started: Create student data driven test
80843 [CreateStudentDataDrivenTest-1-thread-6] INFO  - 
 _____ _____ ____ _____   ____ _____  _    ____ _____ _____ ____  
|_   _| ____/ ___|_   _| / ___|_   _|/ \  |  _ \_   _| ____|  _ \ 
  | | |  _| \___ \ | |   \___ \ | | / _ \ | |_) || | |  _| | | | |
  | | | |___ ___) || |    ___) || |/ ___ \|  _ < | | | |___| |_| |
  |_| |_____|____/ |_|   |____/ |_/_/   \_\_| \_\|_| |_____|____/ 

createMultipleStudents[65]
-------------------------------------------------------------------
]]></system-err>
  </testcase>
  <testcase name="createMultipleStudents[57]" classname="Junit.studentsinfo.CreateStudentDataDrivenTest" time="1.174">
    <error message="Connection refused: connect" type="java.net.ConnectException"><![CDATA[java.net.ConnectException: Connection refused: connect
	at Junit.studentsinfo.CreateStudentDataDrivenTest.createMultipleStudents(CreateStudentDataDrivenTest.java:76)
]]></error>
    <system-err><![CDATA[80848 [CreateStudentDataDrivenTest-1-thread-2] ERROR  - 
         __  _____ _____ ____ _____   _____ ____  ____   ___  ____  
 _      / / |_   _| ____/ ___|_   _| | ____|  _ \|  _ \ / _ \|  _ \ 
(_)____| |    | | |  _| \___ \ | |   |  _| | |_) | |_) | | | | |_) |
 |_____| |    | | | |___ ___) || |   | |___|  _ <|  _ <| |_| |  _ < 
(_)    | |    |_| |_____|____/ |_|   |_____|_| \_\_| \_\\___/|_| \_\
        \_\                                                         

DataDriven Test For adding multiple students to the Student App
---------------------------------------------------------------------
80849 [CreateStudentDataDrivenTest-1-thread-2] ERROR  -     Test failed at step: POST
80849 [CreateStudentDataDrivenTest-1-thread-2] ERROR  -     Some exception during recording fields
]]></system-err>
  </testcase>
  <testcase name="createMultipleStudents[53]" classname="Junit.studentsinfo.CreateStudentDataDrivenTest" time="1.931">
    <error message="Connection refused: connect" type="java.net.ConnectException"><![CDATA[java.net.ConnectException: Connection refused: connect
	at Junit.studentsinfo.CreateStudentDataDrivenTest.createMultipleStudents(CreateStudentDataDrivenTest.java:76)
]]></error>
    <system-err><![CDATA[80852 [CreateStudentDataDrivenTest-1-thread-4] INFO  - Test Suite Started: Create student data driven test
81630 [CreateStudentDataDrivenTest-1-thread-4] INFO  - 
 _____ _____ ____ _____   ____ _____  _    ____ _____ _____ ____  
|_   _| ____/ ___|_   _| / ___|_   _|/ \  |  _ \_   _| ____|  _ \ 
  | | |  _| \___ \ | |   \___ \ | | / _ \ | |_) || | |  _| | | | |
  | | | |___ ___) || |    ___) || |/ ___ \|  _ < | | | |___| |_| |
  |_| |_____|____/ |_|   |____/ |_/_/   \_\_| \_\|_| |_____|____/ 

createMultipleStudents[69]
-------------------------------------------------------------------
81631 [CreateStudentDataDrivenTest-1-thread-7] INFO  - Test Suite Started: Create student data driven test
82783 [CreateStudentDataDrivenTest-1-thread-7] INFO  - 
 _____ _____ ____ _____   ____ _____  _    ____ _____ _____ ____  
|_   _| ____/ ___|_   _| / ___|_   _|/ \  |  _ \_   _| ____|  _ \ 
  | | |  _| \___ \ | |   \___ \ | | / _ \ | |_) || | |  _| | | | |
  | | | |___ ___) || |    ___) || |/ ___ \|  _ < | | | |___| |_| |
  |_| |_____|____/ |_|   |____/ |_/_/   \_\_| \_\|_| |_____|____/ 

createMultipleStudents[68]
-------------------------------------------------------------------
82786 [CreateStudentDataDrivenTest-1-thread-14] INFO  - Test Suite Started: Create student data driven test
83558 [CreateStudentDataDrivenTest-1-thread-14] INFO  - 
 _____ _____ ____ _____   ____ _____  _    ____ _____ _____ ____  
|_   _| ____/ ___|_   _| / ___|_   _|/ \  |  _ \_   _| ____|  _ \ 
  | | |  _| \___ \ | |   \___ \ | | / _ \ | |_) || | |  _| | | | |
  | | | |___ ___) || |    ___) || |/ ___ \|  _ < | | | |___| |_| |
  |_| |_____|____/ |_|   |____/ |_/_/   \_\_| \_\|_| |_____|____/ 

createMultipleStudents[67]
-------------------------------------------------------------------
]]></system-err>
  </testcase>
  <testcase name="createMultipleStudents[66]" classname="Junit.studentsinfo.CreateStudentDataDrivenTest" time="3.082">
    <error message="Connection refused: connect" type="java.net.ConnectException"><![CDATA[java.net.ConnectException: Connection refused: connect
	at Junit.studentsinfo.CreateStudentDataDrivenTest.createMultipleStudents(CreateStudentDataDrivenTest.java:76)
]]></error>
    <system-err><![CDATA[83559 [CreateStudentDataDrivenTest-1-thread-10] INFO  - Test Suite Started: Create student data driven test
84703 [CreateStudentDataDrivenTest-1-thread-10] INFO  - 
 _____ _____ ____ _____   ____ _____  _    ____ _____ _____ ____  
|_   _| ____/ ___|_   _| / ___|_   _|/ \  |  _ \_   _| ____|  _ \ 
  | | |  _| \___ \ | |   \___ \ | | / _ \ | |_) || | |  _| | | | |
  | | | |___ ___) || |    ___) || |/ ___ \|  _ < | | | |___| |_| |
  |_| |_____|____/ |_|   |____/ |_/_/   \_\_| \_\|_| |_____|____/ 

createMultipleStudents[61]
-------------------------------------------------------------------
]]></system-err>
  </testcase>
  <testcase name="createMultipleStudents[64]" classname="Junit.studentsinfo.CreateStudentDataDrivenTest" time="3.093">
    <error message="Connection refused: connect" type="java.net.ConnectException"><![CDATA[java.net.ConnectException: Connection refused: connect
	at Junit.studentsinfo.CreateStudentDataDrivenTest.createMultipleStudents(CreateStudentDataDrivenTest.java:76)
]]></error>
    <system-err><![CDATA[84704 [CreateStudentDataDrivenTest-1-thread-9] ERROR  - 
         __  _____ _____ ____ _____   _____ ____  ____   ___  ____  
 _      / / |_   _| ____/ ___|_   _| | ____|  _ \|  _ \ / _ \|  _ \ 
(_)____| |    | | |  _| \___ \ | |   |  _| | |_) | |_) | | | | |_) |
 |_____| |    | | | |___ ___) || |   | |___|  _ <|  _ <| |_| |  _ < 
(_)    | |    |_| |_____|____/ |_|   |_____|_| \_\_| \_\\___/|_| \_\
        \_\                                                         

DataDriven Test For adding multiple students to the Student App
---------------------------------------------------------------------
84704 [CreateStudentDataDrivenTest-1-thread-9] ERROR  -     Test failed at step: POST
84705 [CreateStudentDataDrivenTest-1-thread-9] ERROR  -     Some exception during recording fields
]]></system-err>
  </testcase>
  <testcase name="createMultipleStudents[63]" classname="Junit.studentsinfo.CreateStudentDataDrivenTest" time="3.093">
    <error message="Connection refused: connect" type="java.net.ConnectException"><![CDATA[java.net.ConnectException: Connection refused: connect
	at Junit.studentsinfo.CreateStudentDataDrivenTest.createMultipleStudents(CreateStudentDataDrivenTest.java:76)
]]></error>
  </testcase>
  <testcase name="createMultipleStudents[65]" classname="Junit.studentsinfo.CreateStudentDataDrivenTest" time="0.758">
    <error message="Connection refused: connect" type="java.net.ConnectException"><![CDATA[java.net.ConnectException: Connection refused: connect
	at Junit.studentsinfo.CreateStudentDataDrivenTest.createMultipleStudents(CreateStudentDataDrivenTest.java:76)
]]></error>
    <system-err><![CDATA[84706 [CreateStudentDataDrivenTest-1-thread-5] INFO  - Test Suite Started: Create student data driven test
85480 [CreateStudentDataDrivenTest-1-thread-5] INFO  - 
 _____ _____ ____ _____   ____ _____  _    ____ _____ _____ ____  
|_   _| ____/ ___|_   _| / ___|_   _|/ \  |  _ \_   _| ____|  _ \ 
  | | |  _| \___ \ | |   \___ \ | | / _ \ | |_) || | |  _| | | | |
  | | | |___ ___) || |    ___) || |/ ___ \|  _ < | | | |___| |_| |
  |_| |_____|____/ |_|   |____/ |_/_/   \_\_| \_\|_| |_____|____/ 

createMultipleStudents[70]
-------------------------------------------------------------------
]]></system-err>
  </testcase>
  <testcase name="createMultipleStudents[62]" classname="Junit.studentsinfo.CreateStudentDataDrivenTest" time="1.183">
    <error message="Connection refused: connect" type="java.net.ConnectException"><![CDATA[java.net.ConnectException: Connection refused: connect
	at Junit.studentsinfo.CreateStudentDataDrivenTest.createMultipleStudents(CreateStudentDataDrivenTest.java:76)
]]></error>
    <system-err><![CDATA[85485 [CreateStudentDataDrivenTest-1-thread-13] INFO  - Test Suite Started: Create student data driven test
86647 [CreateStudentDataDrivenTest-1-thread-13] INFO  - 
 _____ _____ ____ _____   ____ _____  _    ____ _____ _____ ____  
|_   _| ____/ ___|_   _| / ___|_   _|/ \  |  _ \_   _| ____|  _ \ 
  | | |  _| \___ \ | |   \___ \ | | / _ \ | |_) || | |  _| | | | |
  | | | |___ ___) || |    ___) || |/ ___ \|  _ < | | | |___| |_| |
  |_| |_____|____/ |_|   |____/ |_/_/   \_\_| \_\|_| |_____|____/ 

createMultipleStudents[72]
-------------------------------------------------------------------
86651 [CreateStudentDataDrivenTest-1-thread-1] ERROR  - 
         __  _____ _____ ____ _____   _____ ____  ____   ___  ____  
 _      / / |_   _| ____/ ___|_   _| | ____|  _ \|  _ \ / _ \|  _ \ 
(_)____| |    | | |  _| \___ \ | |   |  _| | |_) | |_) | | | | |_) |
 |_____| |    | | | |___ ___) || |   | |___|  _ <|  _ <| |_| |  _ < 
(_)    | |    |_| |_____|____/ |_|   |_____|_| \_\_| \_\\___/|_| \_\
        \_\                                                         

DataDriven Test For adding multiple students to the Student App
---------------------------------------------------------------------
86651 [CreateStudentDataDrivenTest-1-thread-1] ERROR  -     Test failed at step: POST
86651 [CreateStudentDataDrivenTest-1-thread-1] ERROR  -     Some exception during recording fields
]]></system-err>
  </testcase>
  <testcase name="createMultipleStudents[69]" classname="Junit.studentsinfo.CreateStudentDataDrivenTest" time="1.188">
    <error message="Connection refused: connect" type="java.net.ConnectException"><![CDATA[java.net.ConnectException: Connection refused: connect
	at Junit.studentsinfo.CreateStudentDataDrivenTest.createMultipleStudents(CreateStudentDataDrivenTest.java:76)
]]></error>
    <system-err><![CDATA[86658 [CreateStudentDataDrivenTest-1-thread-12] ERROR  - 
         __  _____ _____ ____ _____   _____ ____  ____   ___  ____  
 _      / / |_   _| ____/ ___|_   _| | ____|  _ \|  _ \ / _ \|  _ \ 
(_)____| |    | | |  _| \___ \ | |   |  _| | |_) | |_) | | | | |_) |
 |_____| |    | | | |___ ___) || |   | |___|  _ <|  _ <| |_| |  _ < 
(_)    | |    |_| |_____|____/ |_|   |_____|_| \_\_| \_\\___/|_| \_\
        \_\                                                         

DataDriven Test For adding multiple students to the Student App
---------------------------------------------------------------------
86659 [CreateStudentDataDrivenTest-1-thread-12] ERROR  -     Test failed at step: POST
86659 [CreateStudentDataDrivenTest-1-thread-12] ERROR  -     Some exception during recording fields
]]></system-err>
  </testcase>
  <testcase name="createMultipleStudents[68]" classname="Junit.studentsinfo.CreateStudentDataDrivenTest" time="0.82">
    <error message="Connection refused: connect" type="java.net.ConnectException"><![CDATA[java.net.ConnectException: Connection refused: connect
	at Junit.studentsinfo.CreateStudentDataDrivenTest.createMultipleStudents(CreateStudentDataDrivenTest.java:76)
]]></error>
    <system-err><![CDATA[86662 [CreateStudentDataDrivenTest-1-thread-15] INFO  - Test Suite Started: Create student data driven test
87482 [CreateStudentDataDrivenTest-1-thread-15] INFO  - 
 _____ _____ ____ _____   ____ _____  _    ____ _____ _____ ____  
|_   _| ____/ ___|_   _| / ___|_   _|/ \  |  _ \_   _| ____|  _ \ 
  | | |  _| \___ \ | |   \___ \ | | / _ \ | |_) || | |  _| | | | |
  | | | |___ ___) || |    ___) || |/ ___ \|  _ < | | | |___| |_| |
  |_| |_____|____/ |_|   |____/ |_/_/   \_\_| \_\|_| |_____|____/ 

createMultipleStudents[71]
-------------------------------------------------------------------
87483 [CreateStudentDataDrivenTest-1-thread-3] ERROR  - 
         __  _____ _____ ____ _____   _____ ____  ____   ___  ____  
 _      / / |_   _| ____/ ___|_   _| | ____|  _ \|  _ \ / _ \|  _ \ 
(_)____| |    | | |  _| \___ \ | |   |  _| | |_) | |_) | | | | |_) |
 |_____| |    | | | |___ ___) || |   | |___|  _ <|  _ <| |_| |  _ < 
(_)    | |    |_| |_____|____/ |_|   |_____|_| \_\_| \_\\___/|_| \_\
        \_\                                                         

DataDriven Test For adding multiple students to the Student App
---------------------------------------------------------------------
87483 [CreateStudentDataDrivenTest-1-thread-3] ERROR  -     Test failed at step: POST
87484 [CreateStudentDataDrivenTest-1-thread-3] ERROR  -     Some exception during recording fields
]]></system-err>
  </testcase>
  <testcase name="createMultipleStudents[67]" classname="Junit.studentsinfo.CreateStudentDataDrivenTest" time="0.008">
    <error message="Connection refused: connect" type="java.net.ConnectException"><![CDATA[java.net.ConnectException: Connection refused: connect
	at Junit.studentsinfo.CreateStudentDataDrivenTest.createMultipleStudents(CreateStudentDataDrivenTest.java:76)
]]></error>
    <system-err><![CDATA[87489 [CreateStudentDataDrivenTest-1-thread-7] ERROR  - 
         __  _____ _____ ____ _____   _____ ____  ____   ___  ____  
 _      / / |_   _| ____/ ___|_   _| | ____|  _ \|  _ \ / _ \|  _ \ 
(_)____| |    | | |  _| \___ \ | |   |  _| | |_) | |_) | | | | |_) |
 |_____| |    | | | |___ ___) || |   | |___|  _ <|  _ <| |_| |  _ < 
(_)    | |    |_| |_____|____/ |_|   |_____|_| \_\_| \_\\___/|_| \_\
        \_\                                                         

DataDriven Test For adding multiple students to the Student App
---------------------------------------------------------------------
87490 [CreateStudentDataDrivenTest-1-thread-7] ERROR  -     Test failed at step: POST
87490 [CreateStudentDataDrivenTest-1-thread-7] ERROR  -     Some exception during recording fields
87494 [CreateStudentDataDrivenTest-1-thread-8] ERROR  - 
         __  _____ _____ ____ _____   _____ ____  ____   ___  ____  
 _      / / |_   _| ____/ ___|_   _| | ____|  _ \|  _ \ / _ \|  _ \ 
(_)____| |    | | |  _| \___ \ | |   |  _| | |_) | |_) | | | | |_) |
 |_____| |    | | | |___ ___) || |   | |___|  _ <|  _ <| |_| |  _ < 
(_)    | |    |_| |_____|____/ |_|   |_____|_| \_\_| \_\\___/|_| \_\
        \_\                                                         

DataDriven Test For adding multiple students to the Student App
---------------------------------------------------------------------
87494 [CreateStudentDataDrivenTest-1-thread-8] ERROR  -     Test failed at step: POST
87494 [CreateStudentDataDrivenTest-1-thread-8] ERROR  -     Some exception during recording fields
87496 [CreateStudentDataDrivenTest-1-thread-1] INFO  - Test Suite Started: Create student data driven test
88639 [CreateStudentDataDrivenTest-1-thread-1] INFO  - 
 _____ _____ ____ _____   ____ _____  _    ____ _____ _____ ____  
|_   _| ____/ ___|_   _| / ___|_   _|/ \  |  _ \_   _| ____|  _ \ 
  | | |  _| \___ \ | |   \___ \ | | / _ \ | |_) || | |  _| | | | |
  | | | |___ ___) || |    ___) || |/ ___ \|  _ < | | | |___| |_| |
  |_| |_____|____/ |_|   |____/ |_/_/   \_\_| \_\|_| |_____|____/ 

createMultipleStudents[75]
-------------------------------------------------------------------
88641 [CreateStudentDataDrivenTest-1-thread-11] ERROR  - 
         __  _____ _____ ____ _____   _____ ____  ____   ___  ____  
 _      / / |_   _| ____/ ___|_   _| | ____|  _ \|  _ \ / _ \|  _ \ 
(_)____| |    | | |  _| \___ \ | |   |  _| | |_) | |_) | | | | |_) |
 |_____| |    | | | |___ ___) || |   | |___|  _ <|  _ <| |_| |  _ < 
(_)    | |    |_| |_____|____/ |_|   |_____|_| \_\_| \_\\___/|_| \_\
        \_\                                                         

DataDriven Test For adding multiple students to the Student App
---------------------------------------------------------------------
88641 [CreateStudentDataDrivenTest-1-thread-11] ERROR  -     Test failed at step: POST
88641 [CreateStudentDataDrivenTest-1-thread-11] ERROR  -     Some exception during recording fields
]]></system-err>
  </testcase>
  <testcase name="createMultipleStudents[70]" classname="Junit.studentsinfo.CreateStudentDataDrivenTest" time="1.931">
    <error message="Connection refused: connect" type="java.net.ConnectException"><![CDATA[java.net.ConnectException: Connection refused: connect
	at Junit.studentsinfo.CreateStudentDataDrivenTest.createMultipleStudents(CreateStudentDataDrivenTest.java:76)
]]></error>
    <system-err><![CDATA[88649 [CreateStudentDataDrivenTest-1-thread-12] INFO  - Test Suite Started: Create student data driven test
89420 [CreateStudentDataDrivenTest-1-thread-12] INFO  - 
 _____ _____ ____ _____   ____ _____  _    ____ _____ _____ ____  
|_   _| ____/ ___|_   _| / ___|_   _|/ \  |  _ \_   _| ____|  _ \ 
  | | |  _| \___ \ | |   \___ \ | | / _ \ | |_) || | |  _| | | | |
  | | | |___ ___) || |    ___) || |/ ___ \|  _ < | | | |___| |_| |
  |_| |_____|____/ |_|   |____/ |_/_/   \_\_| \_\|_| |_____|____/ 

createMultipleStudents[76]
-------------------------------------------------------------------
89421 [CreateStudentDataDrivenTest-1-thread-4] ERROR  - 
         __  _____ _____ ____ _____   _____ ____  ____   ___  ____  
 _      / / |_   _| ____/ ___|_   _| | ____|  _ \|  _ \ / _ \|  _ \ 
(_)____| |    | | |  _| \___ \ | |   |  _| | |_) | |_) | | | | |_) |
 |_____| |    | | | |___ ___) || |   | |___|  _ <|  _ <| |_| |  _ < 
(_)    | |    |_| |_____|____/ |_|   |_____|_| \_\_| \_\\___/|_| \_\
        \_\                                                         

DataDriven Test For adding multiple students to the Student App
---------------------------------------------------------------------
89422 [CreateStudentDataDrivenTest-1-thread-4] ERROR  -     Test failed at step: POST
89422 [CreateStudentDataDrivenTest-1-thread-4] ERROR  -     Some exception during recording fields
89423 [CreateStudentDataDrivenTest-1-thread-2] INFO  - Test Suite Started: Create student data driven test
90569 [CreateStudentDataDrivenTest-1-thread-2] INFO  - 
 _____ _____ ____ _____   ____ _____  _    ____ _____ _____ ____  
|_   _| ____/ ___|_   _| / ___|_   _|/ \  |  _ \_   _| ____|  _ \ 
  | | |  _| \___ \ | |   \___ \ | | / _ \ | |_) || | |  _| | | | |
  | | | |___ ___) || |    ___) || |/ ___ \|  _ < | | | |___| |_| |
  |_| |_____|____/ |_|   |____/ |_/_/   \_\_| \_\|_| |_____|____/ 

createMultipleStudents[73]
-------------------------------------------------------------------
90571 [CreateStudentDataDrivenTest-1-thread-6] ERROR  - 
         __  _____ _____ ____ _____   _____ ____  ____   ___  ____  
 _      / / |_   _| ____/ ___|_   _| | ____|  _ \|  _ \ / _ \|  _ \ 
(_)____| |    | | |  _| \___ \ | |   |  _| | |_) | |_) | | | | |_) |
 |_____| |    | | | |___ ___) || |   | |___|  _ <|  _ <| |_| |  _ < 
(_)    | |    |_| |_____|____/ |_|   |_____|_| \_\_| \_\\___/|_| \_\
        \_\                                                         

DataDriven Test For adding multiple students to the Student App
---------------------------------------------------------------------
90571 [CreateStudentDataDrivenTest-1-thread-6] ERROR  -     Test failed at step: POST
90571 [CreateStudentDataDrivenTest-1-thread-6] ERROR  -     Some exception during recording fields
]]></system-err>
  </testcase>
  <testcase name="createMultipleStudents[61]" classname="Junit.studentsinfo.CreateStudentDataDrivenTest" time="0.766">
    <error message="Connection refused: connect" type="java.net.ConnectException"><![CDATA[java.net.ConnectException: Connection refused: connect
	at Junit.studentsinfo.CreateStudentDataDrivenTest.createMultipleStudents(CreateStudentDataDrivenTest.java:76)
]]></error>
    <system-err><![CDATA[90574 [CreateStudentDataDrivenTest-1-thread-7] INFO  - Test Suite Started: Create student data driven test
91346 [CreateStudentDataDrivenTest-1-thread-7] INFO  - 
 _____ _____ ____ _____   ____ _____  _    ____ _____ _____ ____  
|_   _| ____/ ___|_   _| / ___|_   _|/ \  |  _ \_   _| ____|  _ \ 
  | | |  _| \___ \ | |   \___ \ | | / _ \ | |_) || | |  _| | | | |
  | | | |___ ___) || |    ___) || |/ ___ \|  _ < | | | |___| |_| |
  |_| |_____|____/ |_|   |____/ |_/_/   \_\_| \_\|_| |_____|____/ 

createMultipleStudents[79]
-------------------------------------------------------------------
]]></system-err>
  </testcase>
  <testcase name="createMultipleStudents[71]" classname="Junit.studentsinfo.CreateStudentDataDrivenTest" time="1.188">
    <error message="Connection refused: connect" type="java.net.ConnectException"><![CDATA[java.net.ConnectException: Connection refused: connect
	at Junit.studentsinfo.CreateStudentDataDrivenTest.createMultipleStudents(CreateStudentDataDrivenTest.java:76)
]]></error>
    <system-err><![CDATA[91350 [CreateStudentDataDrivenTest-1-thread-14] ERROR  - 
         __  _____ _____ ____ _____   _____ ____  ____   ___  ____  
 _      / / |_   _| ____/ ___|_   _| | ____|  _ \|  _ \ / _ \|  _ \ 
(_)____| |    | | |  _| \___ \ | |   |  _| | |_) | |_) | | | | |_) |
 |_____| |    | | | |___ ___) || |   | |___|  _ <|  _ <| |_| |  _ < 
(_)    | |    |_| |_____|____/ |_|   |_____|_| \_\_| \_\\___/|_| \_\
        \_\                                                         

DataDriven Test For adding multiple students to the Student App
---------------------------------------------------------------------
91350 [CreateStudentDataDrivenTest-1-thread-14] ERROR  -     Test failed at step: POST
91351 [CreateStudentDataDrivenTest-1-thread-14] ERROR  -     Some exception during recording fields
91352 [CreateStudentDataDrivenTest-1-thread-9] INFO  - Test Suite Started: Create student data driven test
92529 [CreateStudentDataDrivenTest-1-thread-9] INFO  - 
 _____ _____ ____ _____   ____ _____  _    ____ _____ _____ ____  
|_   _| ____/ ___|_   _| / ___|_   _|/ \  |  _ \_   _| ____|  _ \ 
  | | |  _| \___ \ | |   \___ \ | | / _ \ | |_) || | |  _| | | | |
  | | | |___ ___) || |    ___) || |/ ___ \|  _ < | | | |___| |_| |
  |_| |_____|____/ |_|   |____/ |_/_/   \_\_| \_\|_| |_____|____/ 

createMultipleStudents[74]
-------------------------------------------------------------------
92530 [CreateStudentDataDrivenTest-1-thread-16] ERROR  - 
         __  _____ _____ ____ _____   _____ ____  ____   ___  ____  
 _      / / |_   _| ____/ ___|_   _| | ____|  _ \|  _ \ / _ \|  _ \ 
(_)____| |    | | |  _| \___ \ | |   |  _| | |_) | |_) | | | | |_) |
 |_____| |    | | | |___ ___) || |   | |___|  _ <|  _ <| |_| |  _ < 
(_)    | |    |_| |_____|____/ |_|   |_____|_| \_\_| \_\\___/|_| \_\
        \_\                                                         

DataDriven Test For adding multiple students to the Student App
---------------------------------------------------------------------
92531 [CreateStudentDataDrivenTest-1-thread-16] ERROR  -     Test failed at step: POST
92531 [CreateStudentDataDrivenTest-1-thread-16] ERROR  -     Some exception during recording fields
]]></system-err>
  </testcase>
  <testcase name="createMultipleStudents[72]" classname="Junit.studentsinfo.CreateStudentDataDrivenTest" time="1.965">
    <error message="Connection refused: connect" type="java.net.ConnectException"><![CDATA[java.net.ConnectException: Connection refused: connect
	at Junit.studentsinfo.CreateStudentDataDrivenTest.createMultipleStudents(CreateStudentDataDrivenTest.java:76)
]]></error>
    <system-err><![CDATA[92535 [CreateStudentDataDrivenTest-1-thread-11] INFO  - Test Suite Started: Create student data driven test
93300 [CreateStudentDataDrivenTest-1-thread-11] INFO  - 
 _____ _____ ____ _____   ____ _____  _    ____ _____ _____ ____  
|_   _| ____/ ___|_   _| / ___|_   _|/ \  |  _ \_   _| ____|  _ \ 
  | | |  _| \___ \ | |   \___ \ | | / _ \ | |_) || | |  _| | | | |
  | | | |___ ___) || |    ___) || |/ ___ \|  _ < | | | |___| |_| |
  |_| |_____|____/ |_|   |____/ |_/_/   \_\_| \_\|_| |_____|____/ 

createMultipleStudents[77]
-------------------------------------------------------------------
93302 [CreateStudentDataDrivenTest-1-thread-10] ERROR  - 
         __  _____ _____ ____ _____   _____ ____  ____   ___  ____  
 _      / / |_   _| ____/ ___|_   _| | ____|  _ \|  _ \ / _ \|  _ \ 
(_)____| |    | | |  _| \___ \ | |   |  _| | |_) | |_) | | | | |_) |
 |_____| |    | | | |___ ___) || |   | |___|  _ <|  _ <| |_| |  _ < 
(_)    | |    |_| |_____|____/ |_|   |_____|_| \_\_| \_\\___/|_| \_\
        \_\                                                         

DataDriven Test For adding multiple students to the Student App
---------------------------------------------------------------------
93302 [CreateStudentDataDrivenTest-1-thread-10] ERROR  -     Test failed at step: POST
93302 [CreateStudentDataDrivenTest-1-thread-10] ERROR  -     Some exception during recording fields
]]></system-err>
  </testcase>
  <testcase name="createMultipleStudents[76]" classname="Junit.studentsinfo.CreateStudentDataDrivenTest" time="1.142">
    <error message="Connection refused: connect" type="java.net.ConnectException"><![CDATA[java.net.ConnectException: Connection refused: connect
	at Junit.studentsinfo.CreateStudentDataDrivenTest.createMultipleStudents(CreateStudentDataDrivenTest.java:76)
]]></error>
    <system-err><![CDATA[93304 [CreateStudentDataDrivenTest-1-thread-4] INFO  - Test Suite Started: Create student data driven test
94452 [CreateStudentDataDrivenTest-1-thread-4] INFO  - 
 _____ _____ ____ _____   ____ _____  _    ____ _____ _____ ____  
|_   _| ____/ ___|_   _| / ___|_   _|/ \  |  _ \_   _| ____|  _ \ 
  | | |  _| \___ \ | |   \___ \ | | / _ \ | |_) || | |  _| | | | |
  | | | |___ ___) || |    ___) || |/ ___ \|  _ < | | | |___| |_| |
  |_| |_____|____/ |_|   |____/ |_/_/   \_\_| \_\|_| |_____|____/ 

createMultipleStudents[80]
-------------------------------------------------------------------
]]></system-err>
  </testcase>
  <testcase name="createMultipleStudents[75]" classname="Junit.studentsinfo.CreateStudentDataDrivenTest" time="3.053">
    <error message="Connection refused: connect" type="java.net.ConnectException"><![CDATA[java.net.ConnectException: Connection refused: connect
	at Junit.studentsinfo.CreateStudentDataDrivenTest.createMultipleStudents(CreateStudentDataDrivenTest.java:76)
]]></error>
    <system-err><![CDATA[94453 [CreateStudentDataDrivenTest-1-thread-3] INFO  - Test Suite Started: Create student data driven test
95223 [CreateStudentDataDrivenTest-1-thread-3] INFO  - 
 _____ _____ ____ _____   ____ _____  _    ____ _____ _____ ____  
|_   _| ____/ ___|_   _| / ___|_   _|/ \  |  _ \_   _| ____|  _ \ 
  | | |  _| \___ \ | |   \___ \ | | / _ \ | |_) || | |  _| | | | |
  | | | |___ ___) || |    ___) || |/ ___ \|  _ < | | | |___| |_| |
  |_| |_____|____/ |_|   |____/ |_/_/   \_\_| \_\|_| |_____|____/ 

createMultipleStudents[81]
-------------------------------------------------------------------
95226 [CreateStudentDataDrivenTest-1-thread-13] ERROR  - 
         __  _____ _____ ____ _____   _____ ____  ____   ___  ____  
 _      / / |_   _| ____/ ___|_   _| | ____|  _ \|  _ \ / _ \|  _ \ 
(_)____| |    | | |  _| \___ \ | |   |  _| | |_) | |_) | | | | |_) |
 |_____| |    | | | |___ ___) || |   | |___|  _ <|  _ <| |_| |  _ < 
(_)    | |    |_| |_____|____/ |_|   |_____|_| \_\_| \_\\___/|_| \_\
        \_\                                                         

DataDriven Test For adding multiple students to the Student App
---------------------------------------------------------------------
95227 [CreateStudentDataDrivenTest-1-thread-13] ERROR  -     Test failed at step: POST
95227 [CreateStudentDataDrivenTest-1-thread-13] ERROR  -     Some exception during recording fields
95231 [CreateStudentDataDrivenTest-1-thread-8] INFO  - Test Suite Started: Create student data driven test
96364 [CreateStudentDataDrivenTest-1-thread-8] INFO  - 
 _____ _____ ____ _____   ____ _____  _    ____ _____ _____ ____  
|_   _| ____/ ___|_   _| / ___|_   _|/ \  |  _ \_   _| ____|  _ \ 
  | | |  _| \___ \ | |   \___ \ | | / _ \ | |_) || | |  _| | | | |
  | | | |___ ___) || |    ___) || |/ ___ \|  _ < | | | |___| |_| |
  |_| |_____|____/ |_|   |____/ |_/_/   \_\_| \_\|_| |_____|____/ 

createMultipleStudents[78]
-------------------------------------------------------------------
]]></system-err>
  </testcase>
  <testcase name="createMultipleStudents[79]" classname="Junit.studentsinfo.CreateStudentDataDrivenTest" time="3.08">
    <error message="Connection refused: connect" type="java.net.ConnectException"><![CDATA[java.net.ConnectException: Connection refused: connect
	at Junit.studentsinfo.CreateStudentDataDrivenTest.createMultipleStudents(CreateStudentDataDrivenTest.java:76)
]]></error>
    <system-err><![CDATA[96368 [CreateStudentDataDrivenTest-1-thread-1] ERROR  - 
         __  _____ _____ ____ _____   _____ ____  ____   ___  ____  
 _      / / |_   _| ____/ ___|_   _| | ____|  _ \|  _ \ / _ \|  _ \ 
(_)____| |    | | |  _| \___ \ | |   |  _| | |_) | |_) | | | | |_) |
 |_____| |    | | | |___ ___) || |   | |___|  _ <|  _ <| |_| |  _ < 
(_)    | |    |_| |_____|____/ |_|   |_____|_| \_\_| \_\\___/|_| \_\
        \_\                                                         

DataDriven Test For adding multiple students to the Student App
---------------------------------------------------------------------
96368 [CreateStudentDataDrivenTest-1-thread-1] ERROR  -     Test failed at step: POST
96368 [CreateStudentDataDrivenTest-1-thread-1] ERROR  -     Some exception during recording fields
96372 [CreateStudentDataDrivenTest-1-thread-15] ERROR  - 
         __  _____ _____ ____ _____   _____ ____  ____   ___  ____  
 _      / / |_   _| ____/ ___|_   _| | ____|  _ \|  _ \ / _ \|  _ \ 
(_)____| |    | | |  _| \___ \ | |   |  _| | |_) | |_) | | | | |_) |
 |_____| |    | | | |___ ___) || |   | |___|  _ <|  _ <| |_| |  _ < 
(_)    | |    |_| |_____|____/ |_|   |_____|_| \_\_| \_\\___/|_| \_\
        \_\                                                         

DataDriven Test For adding multiple students to the Student App
---------------------------------------------------------------------
96373 [CreateStudentDataDrivenTest-1-thread-15] ERROR  -     Test failed at step: POST
96373 [CreateStudentDataDrivenTest-1-thread-15] ERROR  -     Some exception during recording fields
]]></system-err>
  </testcase>
  <testcase name="createMultipleStudents[73]" classname="Junit.studentsinfo.CreateStudentDataDrivenTest" time="0.747">
    <error message="Connection refused: connect" type="java.net.ConnectException"><![CDATA[java.net.ConnectException: Connection refused: connect
	at Junit.studentsinfo.CreateStudentDataDrivenTest.createMultipleStudents(CreateStudentDataDrivenTest.java:76)
]]></error>
    <system-err><![CDATA[96376 [CreateStudentDataDrivenTest-1-thread-6] INFO  - Test Suite Started: Create student data driven test
97139 [CreateStudentDataDrivenTest-1-thread-6] INFO  - 
 _____ _____ ____ _____   ____ _____  _    ____ _____ _____ ____  
|_   _| ____/ ___|_   _| / ___|_   _|/ \  |  _ \_   _| ____|  _ \ 
  | | |  _| \___ \ | |   \___ \ | | / _ \ | |_) || | |  _| | | | |
  | | | |___ ___) || |    ___) || |/ ___ \|  _ < | | | |___| |_| |
  |_| |_____|____/ |_|   |____/ |_/_/   \_\_| \_\|_| |_____|____/ 

createMultipleStudents[82]
-------------------------------------------------------------------
]]></system-err>
  </testcase>
  <testcase name="createMultipleStudents[74]" classname="Junit.studentsinfo.CreateStudentDataDrivenTest" time="0.777">
    <error message="Connection refused: connect" type="java.net.ConnectException"><![CDATA[java.net.ConnectException: Connection refused: connect
	at Junit.studentsinfo.CreateStudentDataDrivenTest.createMultipleStudents(CreateStudentDataDrivenTest.java:76)
]]></error>
    <system-err><![CDATA[97146 [CreateStudentDataDrivenTest-1-thread-12] ERROR  - 
         __  _____ _____ ____ _____   _____ ____  ____   ___  ____  
 _      / / |_   _| ____/ ___|_   _| | ____|  _ \|  _ \ / _ \|  _ \ 
(_)____| |    | | |  _| \___ \ | |   |  _| | |_) | |_) | | | | |_) |
 |_____| |    | | | |___ ___) || |   | |___|  _ <|  _ <| |_| |  _ < 
(_)    | |    |_| |_____|____/ |_|   |_____|_| \_\_| \_\\___/|_| \_\
        \_\                                                         

DataDriven Test For adding multiple students to the Student App
---------------------------------------------------------------------
97146 [CreateStudentDataDrivenTest-1-thread-12] ERROR  -     Test failed at step: POST
97146 [CreateStudentDataDrivenTest-1-thread-12] ERROR  -     Some exception during recording fields
97149 [CreateStudentDataDrivenTest-1-thread-2] ERROR  - 
         __  _____ _____ ____ _____   _____ ____  ____   ___  ____  
 _      / / |_   _| ____/ ___|_   _| | ____|  _ \|  _ \ / _ \|  _ \ 
(_)____| |    | | |  _| \___ \ | |   |  _| | |_) | |_) | | | | |_) |
 |_____| |    | | | |___ ___) || |   | |___|  _ <|  _ <| |_| |  _ < 
(_)    | |    |_| |_____|____/ |_|   |_____|_| \_\_| \_\\___/|_| \_\
        \_\                                                         

DataDriven Test For adding multiple students to the Student App
---------------------------------------------------------------------
97149 [CreateStudentDataDrivenTest-1-thread-2] ERROR  -     Test failed at step: POST
97149 [CreateStudentDataDrivenTest-1-thread-2] ERROR  -     Some exception during recording fields
]]></system-err>
  </testcase>
  <testcase name="createMultipleStudents[77]" classname="Junit.studentsinfo.CreateStudentDataDrivenTest" time="0.762">
    <error message="Connection refused: connect" type="java.net.ConnectException"><![CDATA[java.net.ConnectException: Connection refused: connect
	at Junit.studentsinfo.CreateStudentDataDrivenTest.createMultipleStudents(CreateStudentDataDrivenTest.java:76)
]]></error>
    <system-err><![CDATA[97153 [CreateStudentDataDrivenTest-1-thread-1] INFO  - Test Suite Started: Create student data driven test
98366 [CreateStudentDataDrivenTest-1-thread-1] INFO  - 
 _____ _____ ____ _____   ____ _____  _    ____ _____ _____ ____  
|_   _| ____/ ___|_   _| / ___|_   _|/ \  |  _ \_   _| ____|  _ \ 
  | | |  _| \___ \ | |   \___ \ | | / _ \ | |_) || | |  _| | | | |
  | | | |___ ___) || |    ___) || |/ ___ \|  _ < | | | |___| |_| |
  |_| |_____|____/ |_|   |____/ |_/_/   \_\_| \_\|_| |_____|____/ 

createMultipleStudents[86]
-------------------------------------------------------------------
98369 [CreateStudentDataDrivenTest-1-thread-7] ERROR  - 
         __  _____ _____ ____ _____   _____ ____  ____   ___  ____  
 _      / / |_   _| ____/ ___|_   _| | ____|  _ \|  _ \ / _ \|  _ \ 
(_)____| |    | | |  _| \___ \ | |   |  _| | |_) | |_) | | | | |_) |
 |_____| |    | | | |___ ___) || |   | |___|  _ <|  _ <| |_| |  _ < 
(_)    | |    |_| |_____|____/ |_|   |_____|_| \_\_| \_\\___/|_| \_\
        \_\                                                         

DataDriven Test For adding multiple students to the Student App
---------------------------------------------------------------------
98370 [CreateStudentDataDrivenTest-1-thread-7] ERROR  -     Test failed at step: POST
98370 [CreateStudentDataDrivenTest-1-thread-7] ERROR  -     Some exception during recording fields
98371 [CreateStudentDataDrivenTest-1-thread-13] INFO  - Test Suite Started: Create student data driven test
99144 [CreateStudentDataDrivenTest-1-thread-13] INFO  - 
 _____ _____ ____ _____   ____ _____  _    ____ _____ _____ ____  
|_   _| ____/ ___|_   _| / ___|_   _|/ \  |  _ \_   _| ____|  _ \ 
  | | |  _| \___ \ | |   \___ \ | | / _ \ | |_) || | |  _| | | | |
  | | | |___ ___) || |    ___) || |/ ___ \|  _ < | | | |___| |_| |
  |_| |_____|____/ |_|   |____/ |_/_/   \_\_| \_\|_| |_____|____/ 

createMultipleStudents[84]
-------------------------------------------------------------------
]]></system-err>
  </testcase>
  <testcase name="createMultipleStudents[78]" classname="Junit.studentsinfo.CreateStudentDataDrivenTest" time="1.155">
    <error message="Connection refused: connect" type="java.net.ConnectException"><![CDATA[java.net.ConnectException: Connection refused: connect
	at Junit.studentsinfo.CreateStudentDataDrivenTest.createMultipleStudents(CreateStudentDataDrivenTest.java:76)
]]></error>
    <system-err><![CDATA[99147 [CreateStudentDataDrivenTest-1-thread-10] INFO  - Test Suite Started: Create student data driven test
100287 [CreateStudentDataDrivenTest-1-thread-10] INFO  - 
 _____ _____ ____ _____   ____ _____  _    ____ _____ _____ ____  
|_   _| ____/ ___|_   _| / ___|_   _|/ \  |  _ \_   _| ____|  _ \ 
  | | |  _| \___ \ | |   \___ \ | | / _ \ | |_) || | |  _| | | | |
  | | | |___ ___) || |    ___) || |/ ___ \|  _ < | | | |___| |_| |
  |_| |_____|____/ |_|   |____/ |_/_/   \_\_| \_\|_| |_____|____/ 

createMultipleStudents[83]
-------------------------------------------------------------------
100288 [CreateStudentDataDrivenTest-1-thread-15] INFO  - Test Suite Started: Create student data driven test
101058 [CreateStudentDataDrivenTest-1-thread-15] INFO  - 
 _____ _____ ____ _____   ____ _____  _    ____ _____ _____ ____  
|_   _| ____/ ___|_   _| / ___|_   _|/ \  |  _ \_   _| ____|  _ \ 
  | | |  _| \___ \ | |   \___ \ | | / _ \ | |_) || | |  _| | | | |
  | | | |___ ___) || |    ___) || |/ ___ \|  _ < | | | |___| |_| |
  |_| |_____|____/ |_|   |____/ |_/_/   \_\_| \_\|_| |_____|____/ 

createMultipleStudents[88]
-------------------------------------------------------------------
101060 [CreateStudentDataDrivenTest-1-thread-9] ERROR  - 
         __  _____ _____ ____ _____   _____ ____  ____   ___  ____  
 _      / / |_   _| ____/ ___|_   _| | ____|  _ \|  _ \ / _ \|  _ \ 
(_)____| |    | | |  _| \___ \ | |   |  _| | |_) | |_) | | | | |_) |
 |_____| |    | | | |___ ___) || |   | |___|  _ <|  _ <| |_| |  _ < 
(_)    | |    |_| |_____|____/ |_|   |_____|_| \_\_| \_\\___/|_| \_\
        \_\                                                         

DataDriven Test For adding multiple students to the Student App
---------------------------------------------------------------------
101060 [CreateStudentDataDrivenTest-1-thread-9] ERROR  -     Test failed at step: POST
101060 [CreateStudentDataDrivenTest-1-thread-9] ERROR  -     Some exception during recording fields
101063 [CreateStudentDataDrivenTest-1-thread-5] ERROR  - 
         __  _____ _____ ____ _____   _____ ____  ____   ___  ____  
 _      / / |_   _| ____/ ___|_   _| | ____|  _ \|  _ \ / _ \|  _ \ 
(_)____| |    | | |  _| \___ \ | |   |  _| | |_) | |_) | | | | |_) |
 |_____| |    | | | |___ ___) || |   | |___|  _ <|  _ <| |_| |  _ < 
(_)    | |    |_| |_____|____/ |_|   |_____|_| \_\_| \_\\___/|_| \_\
        \_\                                                         

DataDriven Test For adding multiple students to the Student App
---------------------------------------------------------------------
101063 [CreateStudentDataDrivenTest-1-thread-5] ERROR  -     Test failed at step: POST
101064 [CreateStudentDataDrivenTest-1-thread-5] ERROR  -     Some exception during recording fields
101065 [CreateStudentDataDrivenTest-1-thread-9] INFO  - Test Suite Started: Create student data driven test
102230 [CreateStudentDataDrivenTest-1-thread-9] INFO  - 
 _____ _____ ____ _____   ____ _____  _    ____ _____ _____ ____  
|_   _| ____/ ___|_   _| / ___|_   _|/ \  |  _ \_   _| ____|  _ \ 
  | | |  _| \___ \ | |   \___ \ | | / _ \ | |_) || | |  _| | | | |
  | | | |___ ___) || |    ___) || |/ ___ \|  _ < | | | |___| |_| |
  |_| |_____|____/ |_|   |____/ |_/_/   \_\_| \_\|_| |_____|____/ 

createMultipleStudents[92]
-------------------------------------------------------------------
]]></system-err>
  </testcase>
  <testcase name="createMultipleStudents[81]" classname="Junit.studentsinfo.CreateStudentDataDrivenTest" time="1.155">
    <error message="Connection refused: connect" type="java.net.ConnectException"><![CDATA[java.net.ConnectException: Connection refused: connect
	at Junit.studentsinfo.CreateStudentDataDrivenTest.createMultipleStudents(CreateStudentDataDrivenTest.java:76)
]]></error>
  </testcase>
  <testcase name="createMultipleStudents[80]" classname="Junit.studentsinfo.CreateStudentDataDrivenTest" time="1.157">
    <error message="Connection refused: connect" type="java.net.ConnectException"><![CDATA[java.net.ConnectException: Connection refused: connect
	at Junit.studentsinfo.CreateStudentDataDrivenTest.createMultipleStudents(CreateStudentDataDrivenTest.java:76)
]]></error>
  </testcase>
  <testcase name="createMultipleStudents[84]" classname="Junit.studentsinfo.CreateStudentDataDrivenTest" time="1.935">
    <error message="Connection refused: connect" type="java.net.ConnectException"><![CDATA[java.net.ConnectException: Connection refused: connect
	at Junit.studentsinfo.CreateStudentDataDrivenTest.createMultipleStudents(CreateStudentDataDrivenTest.java:76)
]]></error>
    <system-err><![CDATA[102235 [CreateStudentDataDrivenTest-1-thread-14] INFO  - Test Suite Started: Create student data driven test
103003 [CreateStudentDataDrivenTest-1-thread-14] INFO  - 
 _____ _____ ____ _____   ____ _____  _    ____ _____ _____ ____  
|_   _| ____/ ___|_   _| / ___|_   _|/ \  |  _ \_   _| ____|  _ \ 
  | | |  _| \___ \ | |   \___ \ | | / _ \ | |_) || | |  _| | | | |
  | | | |___ ___) || |    ___) || |/ ___ \|  _ < | | | |___| |_| |
  |_| |_____|____/ |_|   |____/ |_/_/   \_\_| \_\|_| |_____|____/ 

createMultipleStudents[85]
-------------------------------------------------------------------
103004 [CreateStudentDataDrivenTest-1-thread-16] INFO  - Test Suite Started: Create student data driven test
104168 [CreateStudentDataDrivenTest-1-thread-16] INFO  - 
 _____ _____ ____ _____   ____ _____  _    ____ _____ _____ ____  
|_   _| ____/ ___|_   _| / ___|_   _|/ \  |  _ \_   _| ____|  _ \ 
  | | |  _| \___ \ | |   \___ \ | | / _ \ | |_) || | |  _| | | | |
  | | | |___ ___) || |    ___) || |/ ___ \|  _ < | | | |___| |_| |
  |_| |_____|____/ |_|   |____/ |_/_/   \_\_| \_\|_| |_____|____/ 

createMultipleStudents[87]
-------------------------------------------------------------------
]]></system-err>
  </testcase>
  <testcase name="createMultipleStudents[86]" classname="Junit.studentsinfo.CreateStudentDataDrivenTest" time="1.948">
    <error message="Connection refused: connect" type="java.net.ConnectException"><![CDATA[java.net.ConnectException: Connection refused: connect
	at Junit.studentsinfo.CreateStudentDataDrivenTest.createMultipleStudents(CreateStudentDataDrivenTest.java:76)
]]></error>
    <system-err><![CDATA[104171 [CreateStudentDataDrivenTest-1-thread-13] ERROR  - 
         __  _____ _____ ____ _____   _____ ____  ____   ___  ____  
 _      / / |_   _| ____/ ___|_   _| | ____|  _ \|  _ \ / _ \|  _ \ 
(_)____| |    | | |  _| \___ \ | |   |  _| | |_) | |_) | | | | |_) |
 |_____| |    | | | |___ ___) || |   | |___|  _ <|  _ <| |_| |  _ < 
(_)    | |    |_| |_____|____/ |_|   |_____|_| \_\_| \_\\___/|_| \_\
        \_\                                                         

DataDriven Test For adding multiple students to the Student App
---------------------------------------------------------------------
104171 [CreateStudentDataDrivenTest-1-thread-13] ERROR  -     Test failed at step: POST
104171 [CreateStudentDataDrivenTest-1-thread-13] ERROR  -     Some exception during recording fields
]]></system-err>
  </testcase>
  <testcase name="createMultipleStudents[82]" classname="Junit.studentsinfo.CreateStudentDataDrivenTest" time="2.74">
    <error message="Connection refused: connect" type="java.net.ConnectException"><![CDATA[java.net.ConnectException: Connection refused: connect
	at Junit.studentsinfo.CreateStudentDataDrivenTest.createMultipleStudents(CreateStudentDataDrivenTest.java:76)
]]></error>
    <system-err><![CDATA[104180 [CreateStudentDataDrivenTest-1-thread-1] ERROR  - 
         __  _____ _____ ____ _____   _____ ____  ____   ___  ____  
 _      / / |_   _| ____/ ___|_   _| | ____|  _ \|  _ \ / _ \|  _ \ 
(_)____| |    | | |  _| \___ \ | |   |  _| | |_) | |_) | | | | |_) |
 |_____| |    | | | |___ ___) || |   | |___|  _ <|  _ <| |_| |  _ < 
(_)    | |    |_| |_____|____/ |_|   |_____|_| \_\_| \_\\___/|_| \_\
        \_\                                                         

DataDriven Test For adding multiple students to the Student App
---------------------------------------------------------------------
104180 [CreateStudentDataDrivenTest-1-thread-1] ERROR  -     Test failed at step: POST
104180 [CreateStudentDataDrivenTest-1-thread-1] ERROR  -     Some exception during recording fields
104183 [CreateStudentDataDrivenTest-1-thread-7] INFO  - Test Suite Started: Create student data driven test
104953 [CreateStudentDataDrivenTest-1-thread-7] INFO  - 
 _____ _____ ____ _____   ____ _____  _    ____ _____ _____ ____  
|_   _| ____/ ___|_   _| / ___|_   _|/ \  |  _ \_   _| ____|  _ \ 
  | | |  _| \___ \ | |   \___ \ | | / _ \ | |_) || | |  _| | | | |
  | | | |___ ___) || |    ___) || |/ ___ \|  _ < | | | |___| |_| |
  |_| |_____|____/ |_|   |____/ |_/_/   \_\_| \_\|_| |_____|____/ 

createMultipleStudents[89]
-------------------------------------------------------------------
104955 [CreateStudentDataDrivenTest-1-thread-3] ERROR  - 
         __  _____ _____ ____ _____   _____ ____  ____   ___  ____  
 _      / / |_   _| ____/ ___|_   _| | ____|  _ \|  _ \ / _ \|  _ \ 
(_)____| |    | | |  _| \___ \ | |   |  _| | |_) | |_) | | | | |_) |
 |_____| |    | | | |___ ___) || |   | |___|  _ <|  _ <| |_| |  _ < 
(_)    | |    |_| |_____|____/ |_|   |_____|_| \_\_| \_\\___/|_| \_\
        \_\                                                         

DataDriven Test For adding multiple students to the Student App
---------------------------------------------------------------------
104955 [CreateStudentDataDrivenTest-1-thread-3] ERROR  -     Test failed at step: POST
104955 [CreateStudentDataDrivenTest-1-thread-3] ERROR  -     Some exception during recording fields
104957 [CreateStudentDataDrivenTest-1-thread-11] ERROR  - 
         __  _____ _____ ____ _____   _____ ____  ____   ___  ____  
 _      / / |_   _| ____/ ___|_   _| | ____|  _ \|  _ \ / _ \|  _ \ 
(_)____| |    | | |  _| \___ \ | |   |  _| | |_) | |_) | | | | |_) |
 |_____| |    | | | |___ ___) || |   | |___|  _ <|  _ <| |_| |  _ < 
(_)    | |    |_| |_____|____/ |_|   |_____|_| \_\_| \_\\___/|_| \_\
        \_\                                                         

DataDriven Test For adding multiple students to the Student App
---------------------------------------------------------------------
104957 [CreateStudentDataDrivenTest-1-thread-11] ERROR  -     Test failed at step: POST
104957 [CreateStudentDataDrivenTest-1-thread-11] ERROR  -     Some exception during recording fields
104959 [CreateStudentDataDrivenTest-1-thread-8] ERROR  - 
         __  _____ _____ ____ _____   _____ ____  ____   ___  ____  
 _      / / |_   _| ____/ ___|_   _| | ____|  _ \|  _ \ / _ \|  _ \ 
(_)____| |    | | |  _| \___ \ | |   |  _| | |_) | |_) | | | | |_) |
 |_____| |    | | | |___ ___) || |   | |___|  _ <|  _ <| |_| |  _ < 
(_)    | |    |_| |_____|____/ |_|   |_____|_| \_\_| \_\\___/|_| \_\
        \_\                                                         

DataDriven Test For adding multiple students to the Student App
---------------------------------------------------------------------
104960 [CreateStudentDataDrivenTest-1-thread-8] ERROR  -     Test failed at step: POST
104960 [CreateStudentDataDrivenTest-1-thread-8] ERROR  -     Some exception during recording fields
]]></system-err>
  </testcase>
  <testcase name="createMultipleStudents[83]" classname="Junit.studentsinfo.CreateStudentDataDrivenTest" time="1.153">
    <error message="Connection refused: connect" type="java.net.ConnectException"><![CDATA[java.net.ConnectException: Connection refused: connect
	at Junit.studentsinfo.CreateStudentDataDrivenTest.createMultipleStudents(CreateStudentDataDrivenTest.java:76)
]]></error>
    <system-err><![CDATA[104961 [CreateStudentDataDrivenTest-1-thread-12] INFO  - Test Suite Started: Create student data driven test
106101 [CreateStudentDataDrivenTest-1-thread-12] INFO  - 
 _____ _____ ____ _____   ____ _____  _    ____ _____ _____ ____  
|_   _| ____/ ___|_   _| / ___|_   _|/ \  |  _ \_   _| ____|  _ \ 
  | | |  _| \___ \ | |   \___ \ | | / _ \ | |_) || | |  _| | | | |
  | | | |___ ___) || |    ___) || |/ ___ \|  _ < | | | |___| |_| |
  |_| |_____|____/ |_|   |____/ |_/_/   \_\_| \_\|_| |_____|____/ 

createMultipleStudents[91]
-------------------------------------------------------------------
106103 [CreateStudentDataDrivenTest-1-thread-6] ERROR  - 
         __  _____ _____ ____ _____   _____ ____  ____   ___  ____  
 _      / / |_   _| ____/ ___|_   _| | ____|  _ \|  _ \ / _ \|  _ \ 
(_)____| |    | | |  _| \___ \ | |   |  _| | |_) | |_) | | | | |_) |
 |_____| |    | | | |___ ___) || |   | |___|  _ <|  _ <| |_| |  _ < 
(_)    | |    |_| |_____|____/ |_|   |_____|_| \_\_| \_\\___/|_| \_\
        \_\                                                         

DataDriven Test For adding multiple students to the Student App
---------------------------------------------------------------------
106104 [CreateStudentDataDrivenTest-1-thread-6] ERROR  -     Test failed at step: POST
106104 [CreateStudentDataDrivenTest-1-thread-6] ERROR  -     Some exception during recording fields
106111 [CreateStudentDataDrivenTest-1-thread-4] ERROR  - 
         __  _____ _____ ____ _____   _____ ____  ____   ___  ____  
 _      / / |_   _| ____/ ___|_   _| | ____|  _ \|  _ \ / _ \|  _ \ 
(_)____| |    | | |  _| \___ \ | |   |  _| | |_) | |_) | | | | |_) |
 |_____| |    | | | |___ ___) || |   | |___|  _ <|  _ <| |_| |  _ < 
(_)    | |    |_| |_____|____/ |_|   |_____|_| \_\_| \_\\___/|_| \_\
        \_\                                                         

DataDriven Test For adding multiple students to the Student App
---------------------------------------------------------------------
106111 [CreateStudentDataDrivenTest-1-thread-4] ERROR  -     Test failed at step: POST
106112 [CreateStudentDataDrivenTest-1-thread-4] ERROR  -     Some exception during recording fields
]]></system-err>
  </testcase>
  <testcase name="createMultipleStudents[88]" classname="Junit.studentsinfo.CreateStudentDataDrivenTest" time="1.188">
    <error message="Connection refused: connect" type="java.net.ConnectException"><![CDATA[java.net.ConnectException: Connection refused: connect
	at Junit.studentsinfo.CreateStudentDataDrivenTest.createMultipleStudents(CreateStudentDataDrivenTest.java:76)
]]></error>
    <system-err><![CDATA[106118 [CreateStudentDataDrivenTest-1-thread-10] ERROR  - 
         __  _____ _____ ____ _____   _____ ____  ____   ___  ____  
 _      / / |_   _| ____/ ___|_   _| | ____|  _ \|  _ \ / _ \|  _ \ 
(_)____| |    | | |  _| \___ \ | |   |  _| | |_) | |_) | | | | |_) |
 |_____| |    | | | |___ ___) || |   | |___|  _ <|  _ <| |_| |  _ < 
(_)    | |    |_| |_____|____/ |_|   |_____|_| \_\_| \_\\___/|_| \_\
        \_\                                                         

DataDriven Test For adding multiple students to the Student App
---------------------------------------------------------------------
106119 [CreateStudentDataDrivenTest-1-thread-10] ERROR  -     Test failed at step: POST
106119 [CreateStudentDataDrivenTest-1-thread-10] ERROR  -     Some exception during recording fields
106120 [CreateStudentDataDrivenTest-1-thread-1] INFO  - Test Suite Started: Create student data driven test
106886 [CreateStudentDataDrivenTest-1-thread-1] INFO  - 
 _____ _____ ____ _____   ____ _____  _    ____ _____ _____ ____  
|_   _| ____/ ___|_   _| / ___|_   _|/ \  |  _ \_   _| ____|  _ \ 
  | | |  _| \___ \ | |   \___ \ | | / _ \ | |_) || | |  _| | | | |
  | | | |___ ___) || |    ___) || |/ ___ \|  _ < | | | |___| |_| |
  |_| |_____|____/ |_|   |____/ |_/_/   \_\_| \_\|_| |_____|____/ 

createMultipleStudents[95]
-------------------------------------------------------------------
106887 [CreateStudentDataDrivenTest-1-thread-3] INFO  - Test Suite Started: Create student data driven test
108074 [CreateStudentDataDrivenTest-1-thread-3] INFO  - 
 _____ _____ ____ _____   ____ _____  _    ____ _____ _____ ____  
|_   _| ____/ ___|_   _| / ___|_   _|/ \  |  _ \_   _| ____|  _ \ 
  | | |  _| \___ \ | |   \___ \ | | / _ \ | |_) || | |  _| | | | |
  | | | |___ ___) || |    ___) || |/ ___ \|  _ < | | | |___| |_| |
  |_| |_____|____/ |_|   |____/ |_/_/   \_\_| \_\|_| |_____|____/ 

createMultipleStudents[99]
-------------------------------------------------------------------
]]></system-err>
  </testcase>
  <testcase name="createMultipleStudents[87]" classname="Junit.studentsinfo.CreateStudentDataDrivenTest" time="1.956">
    <error message="Connection refused: connect" type="java.net.ConnectException"><![CDATA[java.net.ConnectException: Connection refused: connect
	at Junit.studentsinfo.CreateStudentDataDrivenTest.createMultipleStudents(CreateStudentDataDrivenTest.java:76)
]]></error>
    <system-err><![CDATA[108075 [CreateStudentDataDrivenTest-1-thread-2] INFO  - Test Suite Started: Create student data driven test
108842 [CreateStudentDataDrivenTest-1-thread-2] INFO  - 
 _____ _____ ____ _____   ____ _____  _    ____ _____ _____ ____  
|_   _| ____/ ___|_   _| / ___|_   _|/ \  |  _ \_   _| ____|  _ \ 
  | | |  _| \___ \ | |   \___ \ | | / _ \ | |_) || | |  _| | | | |
  | | | |___ ___) || |    ___) || |/ ___ \|  _ < | | | |___| |_| |
  |_| |_____|____/ |_|   |____/ |_/_/   \_\_| \_\|_| |_____|____/ 

createMultipleStudents[90]
-------------------------------------------------------------------
]]></system-err>
  </testcase>
  <testcase name="createMultipleStudents[85]" classname="Junit.studentsinfo.CreateStudentDataDrivenTest" time="1.957">
    <error message="Connection refused: connect" type="java.net.ConnectException"><![CDATA[java.net.ConnectException: Connection refused: connect
	at Junit.studentsinfo.CreateStudentDataDrivenTest.createMultipleStudents(CreateStudentDataDrivenTest.java:76)
]]></error>
  </testcase>
  <testcase name="createMultipleStudents[92]" classname="Junit.studentsinfo.CreateStudentDataDrivenTest" time="3.883">
    <error message="Connection refused: connect" type="java.net.ConnectException"><![CDATA[java.net.ConnectException: Connection refused: connect
	at Junit.studentsinfo.CreateStudentDataDrivenTest.createMultipleStudents(CreateStudentDataDrivenTest.java:76)
]]></error>
    <system-err><![CDATA[108847 [CreateStudentDataDrivenTest-1-thread-5] INFO  - Test Suite Started: Create student data driven test
110004 [CreateStudentDataDrivenTest-1-thread-5] INFO  - 
 _____ _____ ____ _____   ____ _____  _    ____ _____ _____ ____  
|_   _| ____/ ___|_   _| / ___|_   _|/ \  |  _ \_   _| ____|  _ \ 
  | | |  _| \___ \ | |   \___ \ | | / _ \ | |_) || | |  _| | | | |
  | | | |___ ___) || |    ___) || |/ ___ \|  _ < | | | |___| |_| |
  |_| |_____|____/ |_|   |____/ |_/_/   \_\_| \_\|_| |_____|____/ 

createMultipleStudents[93]
-------------------------------------------------------------------
110005 [CreateStudentDataDrivenTest-1-thread-11] INFO  - Test Suite Started: Create student data driven test
110768 [CreateStudentDataDrivenTest-1-thread-11] INFO  - 
 _____ _____ ____ _____   ____ _____  _    ____ _____ _____ ____  
|_   _| ____/ ___|_   _| / ___|_   _|/ \  |  _ \_   _| ____|  _ \ 
  | | |  _| \___ \ | |   \___ \ | | / _ \ | |_) || | |  _| | | | |
  | | | |___ ___) || |    ___) || |/ ___ \|  _ < | | | |___| |_| |
  |_| |_____|____/ |_|   |____/ |_/_/   \_\_| \_\|_| |_____|____/ 

createMultipleStudents[98]
-------------------------------------------------------------------
]]></system-err>
  </testcase>
  <testcase name="createMultipleStudents[95]" classname="Junit.studentsinfo.CreateStudentDataDrivenTest" time="1.172">
    <error message="Connection refused: connect" type="java.net.ConnectException"><![CDATA[java.net.ConnectException: Connection refused: connect
	at Junit.studentsinfo.CreateStudentDataDrivenTest.createMultipleStudents(CreateStudentDataDrivenTest.java:76)
]]></error>
    <system-err><![CDATA[110771 [CreateStudentDataDrivenTest-1-thread-13] INFO  - Test Suite Started: Create student data driven test
111941 [CreateStudentDataDrivenTest-1-thread-13] INFO  - 
 _____ _____ ____ _____   ____ _____  _    ____ _____ _____ ____  
|_   _| ____/ ___|_   _| / ___|_   _|/ \  |  _ \_   _| ____|  _ \ 
  | | |  _| \___ \ | |   \___ \ | | / _ \ | |_) || | |  _| | | | |
  | | | |___ ___) || |    ___) || |/ ___ \|  _ < | | | |___| |_| |
  |_| |_____|____/ |_|   |____/ |_/_/   \_\_| \_\|_| |_____|____/ 

createMultipleStudents[94]
-------------------------------------------------------------------
]]></system-err>
  </testcase>
  <testcase name="createMultipleStudents[91]" classname="Junit.studentsinfo.CreateStudentDataDrivenTest" time="1.957">
    <error message="Connection refused: connect" type="java.net.ConnectException"><![CDATA[java.net.ConnectException: Connection refused: connect
	at Junit.studentsinfo.CreateStudentDataDrivenTest.createMultipleStudents(CreateStudentDataDrivenTest.java:76)
]]></error>
    <system-err><![CDATA[111945 [CreateStudentDataDrivenTest-1-thread-6] INFO  - Test Suite Started: Create student data driven test
112723 [CreateStudentDataDrivenTest-1-thread-6] INFO  - 
 _____ _____ ____ _____   ____ _____  _    ____ _____ _____ ____  
|_   _| ____/ ___|_   _| / ___|_   _|/ \  |  _ \_   _| ____|  _ \ 
  | | |  _| \___ \ | |   \___ \ | | / _ \ | |_) || | |  _| | | | |
  | | | |___ ___) || |    ___) || |/ ___ \|  _ < | | | |___| |_| |
  |_| |_____|____/ |_|   |____/ |_/_/   \_\_| \_\|_| |_____|____/ 

createMultipleStudents[96]
-------------------------------------------------------------------
]]></system-err>
  </testcase>
  <testcase name="createMultipleStudents[89]" classname="Junit.studentsinfo.CreateStudentDataDrivenTest" time="1.957">
    <error message="Connection refused: connect" type="java.net.ConnectException"><![CDATA[java.net.ConnectException: Connection refused: connect
	at Junit.studentsinfo.CreateStudentDataDrivenTest.createMultipleStudents(CreateStudentDataDrivenTest.java:76)
]]></error>
  </testcase>
  <testcase name="createMultipleStudents[99]" classname="Junit.studentsinfo.CreateStudentDataDrivenTest" time="1.988">
    <error message="Connection refused: connect" type="java.net.ConnectException"><![CDATA[java.net.ConnectException: Connection refused: connect
	at Junit.studentsinfo.CreateStudentDataDrivenTest.createMultipleStudents(CreateStudentDataDrivenTest.java:76)
]]></error>
    <system-err><![CDATA[112729 [CreateStudentDataDrivenTest-1-thread-15] ERROR  - 
         __  _____ _____ ____ _____   _____ ____  ____   ___  ____  
 _      / / |_   _| ____/ ___|_   _| | ____|  _ \|  _ \ / _ \|  _ \ 
(_)____| |    | | |  _| \___ \ | |   |  _| | |_) | |_) | | | | |_) |
 |_____| |    | | | |___ ___) || |   | |___|  _ <|  _ <| |_| |  _ < 
(_)    | |    |_| |_____|____/ |_|   |_____|_| \_\_| \_\\___/|_| \_\
        \_\                                                         

DataDriven Test For adding multiple students to the Student App
---------------------------------------------------------------------
112729 [CreateStudentDataDrivenTest-1-thread-15] ERROR  -     Test failed at step: POST
112729 [CreateStudentDataDrivenTest-1-thread-15] ERROR  -     Some exception during recording fields
112731 [CreateStudentDataDrivenTest-1-thread-16] ERROR  - 
         __  _____ _____ ____ _____   _____ ____  ____   ___  ____  
 _      / / |_   _| ____/ ___|_   _| | ____|  _ \|  _ \ / _ \|  _ \ 
(_)____| |    | | |  _| \___ \ | |   |  _| | |_) | |_) | | | | |_) |
 |_____| |    | | | |___ ___) || |   | |___|  _ <|  _ <| |_| |  _ < 
(_)    | |    |_| |_____|____/ |_|   |_____|_| \_\_| \_\\___/|_| \_\
        \_\                                                         

DataDriven Test For adding multiple students to the Student App
---------------------------------------------------------------------
112733 [CreateStudentDataDrivenTest-1-thread-16] ERROR  -     Test failed at step: POST
112733 [CreateStudentDataDrivenTest-1-thread-16] ERROR  -     Some exception during recording fields
112735 [CreateStudentDataDrivenTest-1-thread-14] ERROR  - 
         __  _____ _____ ____ _____   _____ ____  ____   ___  ____  
 _      / / |_   _| ____/ ___|_   _| | ____|  _ \|  _ \ / _ \|  _ \ 
(_)____| |    | | |  _| \___ \ | |   |  _| | |_) | |_) | | | | |_) |
 |_____| |    | | | |___ ___) || |   | |___|  _ <|  _ <| |_| |  _ < 
(_)    | |    |_| |_____|____/ |_|   |_____|_| \_\_| \_\\___/|_| \_\
        \_\                                                         

DataDriven Test For adding multiple students to the Student App
---------------------------------------------------------------------
112736 [CreateStudentDataDrivenTest-1-thread-14] ERROR  -     Test failed at step: POST
112736 [CreateStudentDataDrivenTest-1-thread-14] ERROR  -     Some exception during recording fields
112741 [CreateStudentDataDrivenTest-1-thread-12] ERROR  - 
         __  _____ _____ ____ _____   _____ ____  ____   ___  ____  
 _      / / |_   _| ____/ ___|_   _| | ____|  _ \|  _ \ / _ \|  _ \ 
(_)____| |    | | |  _| \___ \ | |   |  _| | |_) | |_) | | | | |_) |
 |_____| |    | | | |___ ___) || |   | |___|  _ <|  _ <| |_| |  _ < 
(_)    | |    |_| |_____|____/ |_|   |_____|_| \_\_| \_\\___/|_| \_\
        \_\                                                         

DataDriven Test For adding multiple students to the Student App
---------------------------------------------------------------------
112741 [CreateStudentDataDrivenTest-1-thread-12] ERROR  -     Test failed at step: POST
112741 [CreateStudentDataDrivenTest-1-thread-12] ERROR  -     Some exception during recording fields
112743 [CreateStudentDataDrivenTest-1-thread-9] ERROR  - 
         __  _____ _____ ____ _____   _____ ____  ____   ___  ____  
 _      / / |_   _| ____/ ___|_   _| | ____|  _ \|  _ \ / _ \|  _ \ 
(_)____| |    | | |  _| \___ \ | |   |  _| | |_) | |_) | | | | |_) |
 |_____| |    | | | |___ ___) || |   | |___|  _ <|  _ <| |_| |  _ < 
(_)    | |    |_| |_____|____/ |_|   |_____|_| \_\_| \_\\___/|_| \_\
        \_\                                                         

DataDriven Test For adding multiple students to the Student App
---------------------------------------------------------------------
112743 [CreateStudentDataDrivenTest-1-thread-9] ERROR  -     Test failed at step: POST
112743 [CreateStudentDataDrivenTest-1-thread-9] ERROR  -     Some exception during recording fields
]]></system-err>
  </testcase>
  <testcase name="createMultipleStudents[93]" classname="Junit.studentsinfo.CreateStudentDataDrivenTest" time="3.266">
    <error message="Connection refused: connect" type="java.net.ConnectException"><![CDATA[java.net.ConnectException: Connection refused: connect
	at Junit.studentsinfo.CreateStudentDataDrivenTest.createMultipleStudents(CreateStudentDataDrivenTest.java:76)
]]></error>
    <system-err><![CDATA[112746 [CreateStudentDataDrivenTest-1-thread-1] ERROR  - 
         __  _____ _____ ____ _____   _____ ____  ____   ___  ____  
 _      / / |_   _| ____/ ___|_   _| | ____|  _ \|  _ \ / _ \|  _ \ 
(_)____| |    | | |  _| \___ \ | |   |  _| | |_) | |_) | | | | |_) |
 |_____| |    | | | |___ ___) || |   | |___|  _ <|  _ <| |_| |  _ < 
(_)    | |    |_| |_____|____/ |_|   |_____|_| \_\_| \_\\___/|_| \_\
        \_\                                                         

DataDriven Test For adding multiple students to the Student App
---------------------------------------------------------------------
112746 [CreateStudentDataDrivenTest-1-thread-1] ERROR  -     Test failed at step: POST
112746 [CreateStudentDataDrivenTest-1-thread-1] ERROR  -     Some exception during recording fields
112747 [CreateStudentDataDrivenTest-1-thread-8] INFO  - Test Suite Started: Create student data driven test
113886 [CreateStudentDataDrivenTest-1-thread-8] INFO  - 
 _____ _____ ____ _____   ____ _____  _    ____ _____ _____ ____  
|_   _| ____/ ___|_   _| / ___|_   _|/ \  |  _ \_   _| ____|  _ \ 
  | | |  _| \___ \ | |   \___ \ | | / _ \ | |_) || | |  _| | | | |
  | | | |___ ___) || |    ___) || |/ ___ \|  _ < | | | |___| |_| |
  |_| |_____|____/ |_|   |____/ |_/_/   \_\_| \_\|_| |_____|____/ 

createMultipleStudents[97]
-------------------------------------------------------------------
113889 [CreateStudentDataDrivenTest-1-thread-7] ERROR  - 
         __  _____ _____ ____ _____   _____ ____  ____   ___  ____  
 _      / / |_   _| ____/ ___|_   _| | ____|  _ \|  _ \ / _ \|  _ \ 
(_)____| |    | | |  _| \___ \ | |   |  _| | |_) | |_) | | | | |_) |
 |_____| |    | | | |___ ___) || |   | |___|  _ <|  _ <| |_| |  _ < 
(_)    | |    |_| |_____|____/ |_|   |_____|_| \_\_| \_\\___/|_| \_\
        \_\                                                         

DataDriven Test For adding multiple students to the Student App
---------------------------------------------------------------------
113889 [CreateStudentDataDrivenTest-1-thread-7] ERROR  -     Test failed at step: POST
113889 [CreateStudentDataDrivenTest-1-thread-7] ERROR  -     Some exception during recording fields
113892 [CreateStudentDataDrivenTest-1-thread-3] ERROR  - 
         __  _____ _____ ____ _____   _____ ____  ____   ___  ____  
 _      / / |_   _| ____/ ___|_   _| | ____|  _ \|  _ \ / _ \|  _ \ 
(_)____| |    | | |  _| \___ \ | |   |  _| | |_) | |_) | | | | |_) |
 |_____| |    | | | |___ ___) || |   | |___|  _ <|  _ <| |_| |  _ < 
(_)    | |    |_| |_____|____/ |_|   |_____|_| \_\_| \_\\___/|_| \_\
        \_\                                                         

DataDriven Test For adding multiple students to the Student App
---------------------------------------------------------------------
113893 [CreateStudentDataDrivenTest-1-thread-3] ERROR  -     Test failed at step: POST
113893 [CreateStudentDataDrivenTest-1-thread-3] ERROR  -     Some exception during recording fields
]]></system-err>
  </testcase>
  <testcase name="createMultipleStudents[98]" classname="Junit.studentsinfo.CreateStudentDataDrivenTest" time="4.031">
    <error message="Connection refused: connect" type="java.net.ConnectException"><![CDATA[java.net.ConnectException: Connection refused: connect
	at Junit.studentsinfo.CreateStudentDataDrivenTest.createMultipleStudents(CreateStudentDataDrivenTest.java:76)
]]></error>
    <system-err><![CDATA[114042 [CreateStudentDataDrivenTest-1-thread-5] ERROR  - 
         __  _____ _____ ____ _____   _____ ____  ____   ___  ____  
 _      / / |_   _| ____/ ___|_   _| | ____|  _ \|  _ \ / _ \|  _ \ 
(_)____| |    | | |  _| \___ \ | |   |  _| | |_) | |_) | | | | |_) |
 |_____| |    | | | |___ ___) || |   | |___|  _ <|  _ <| |_| |  _ < 
(_)    | |    |_| |_____|____/ |_|   |_____|_| \_\_| \_\\___/|_| \_\
        \_\                                                         

DataDriven Test For adding multiple students to the Student App
---------------------------------------------------------------------
114042 [CreateStudentDataDrivenTest-1-thread-5] ERROR  -     Test failed at step: POST
114043 [CreateStudentDataDrivenTest-1-thread-5] ERROR  -     Some exception during recording fields
]]></system-err>
  </testcase>
  <testcase name="createMultipleStudents[94]" classname="Junit.studentsinfo.CreateStudentDataDrivenTest" time="5.193">
    <error message="Connection refused: connect" type="java.net.ConnectException"><![CDATA[java.net.ConnectException: Connection refused: connect
	at Junit.studentsinfo.CreateStudentDataDrivenTest.createMultipleStudents(CreateStudentDataDrivenTest.java:76)
]]></error>
    <system-err><![CDATA[114807 [CreateStudentDataDrivenTest-1-thread-11] ERROR  - 
         __  _____ _____ ____ _____   _____ ____  ____   ___  ____  
 _      / / |_   _| ____/ ___|_   _| | ____|  _ \|  _ \ / _ \|  _ \ 
(_)____| |    | | |  _| \___ \ | |   |  _| | |_) | |_) | | | | |_) |
 |_____| |    | | | |___ ___) || |   | |___|  _ <|  _ <| |_| |  _ < 
(_)    | |    |_| |_____|____/ |_|   |_____|_| \_\_| \_\\___/|_| \_\
        \_\                                                         

DataDriven Test For adding multiple students to the Student App
---------------------------------------------------------------------
114807 [CreateStudentDataDrivenTest-1-thread-11] ERROR  -     Test failed at step: POST
114807 [CreateStudentDataDrivenTest-1-thread-11] ERROR  -     Some exception during recording fields
]]></system-err>
  </testcase>
  <testcase name="createMultipleStudents[90]" classname="Junit.studentsinfo.CreateStudentDataDrivenTest" time="5.978">
    <error message="Connection refused: connect" type="java.net.ConnectException"><![CDATA[java.net.ConnectException: Connection refused: connect
	at Junit.studentsinfo.CreateStudentDataDrivenTest.createMultipleStudents(CreateStudentDataDrivenTest.java:76)
]]></error>
    <system-err><![CDATA[115968 [CreateStudentDataDrivenTest-1-thread-13] ERROR  - 
         __  _____ _____ ____ _____   _____ ____  ____   ___  ____  
 _      / / |_   _| ____/ ___|_   _| | ____|  _ \|  _ \ / _ \|  _ \ 
(_)____| |    | | |  _| \___ \ | |   |  _| | |_) | |_) | | | | |_) |
 |_____| |    | | | |___ ___) || |   | |___|  _ <|  _ <| |_| |  _ < 
(_)    | |    |_| |_____|____/ |_|   |_____|_| \_\_| \_\\___/|_| \_\
        \_\                                                         

DataDriven Test For adding multiple students to the Student App
---------------------------------------------------------------------
115969 [CreateStudentDataDrivenTest-1-thread-13] ERROR  -     Test failed at step: POST
115969 [CreateStudentDataDrivenTest-1-thread-13] ERROR  -     Some exception during recording fields
]]></system-err>
  </testcase>
  <testcase name="createMultipleStudents[96]" classname="Junit.studentsinfo.CreateStudentDataDrivenTest" time="5.991">
    <error message="Connection refused: connect" type="java.net.ConnectException"><![CDATA[java.net.ConnectException: Connection refused: connect
	at Junit.studentsinfo.CreateStudentDataDrivenTest.createMultipleStudents(CreateStudentDataDrivenTest.java:76)
]]></error>
    <system-err><![CDATA[116753 [CreateStudentDataDrivenTest-1-thread-2] ERROR  - 
         __  _____ _____ ____ _____   _____ ____  ____   ___  ____  
 _      / / |_   _| ____/ ___|_   _| | ____|  _ \|  _ \ / _ \|  _ \ 
(_)____| |    | | |  _| \___ \ | |   |  _| | |_) | |_) | | | | |_) |
 |_____| |    | | | |___ ___) || |   | |___|  _ <|  _ <| |_| |  _ < 
(_)    | |    |_| |_____|____/ |_|   |_____|_| \_\_| \_\\___/|_| \_\
        \_\                                                         

DataDriven Test For adding multiple students to the Student App
---------------------------------------------------------------------
116754 [CreateStudentDataDrivenTest-1-thread-2] ERROR  -     Test failed at step: POST
116754 [CreateStudentDataDrivenTest-1-thread-2] ERROR  -     Some exception during recording fields
]]></system-err>
  </testcase>
  <testcase name="createMultipleStudents[97]" classname="Junit.studentsinfo.CreateStudentDataDrivenTest" time="7.144">
    <error message="Connection refused: connect" type="java.net.ConnectException"><![CDATA[java.net.ConnectException: Connection refused: connect
	at Junit.studentsinfo.CreateStudentDataDrivenTest.createMultipleStudents(CreateStudentDataDrivenTest.java:76)
]]></error>
    <system-err><![CDATA[116766 [CreateStudentDataDrivenTest-1-thread-6] ERROR  - 
         __  _____ _____ ____ _____   _____ ____  ____   ___  ____  
 _      / / |_   _| ____/ ___|_   _| | ____|  _ \|  _ \ / _ \|  _ \ 
(_)____| |    | | |  _| \___ \ | |   |  _| | |_) | |_) | | | | |_) |
 |_____| |    | | | |___ ___) || |   | |___|  _ <|  _ <| |_| |  _ < 
(_)    | |    |_| |_____|____/ |_|   |_____|_| \_\_| \_\\___/|_| \_\
        \_\                                                         

DataDriven Test For adding multiple students to the Student App
---------------------------------------------------------------------
116766 [CreateStudentDataDrivenTest-1-thread-6] ERROR  -     Test failed at step: POST
116766 [CreateStudentDataDrivenTest-1-thread-6] ERROR  -     Some exception during recording fields
]]></system-err>
  </testcase>
</testsuite>